[0.052s] DEBUG:colcon:Command line arguments: ['/usr/bin/colcon', 'build']
[0.052s] DEBUG:colcon:Parsed command line arguments: Namespace(log_base=None, log_level=None, verb_name='build', build_base='build', install_base='install', merge_install=False, symlink_install=False, test_result_base=None, continue_on_error=False, executor='parallel', parallel_workers=16, event_handlers=None, ignore_user_meta=False, metas=['./colcon.meta'], base_paths=['.'], packages_ignore=None, packages_ignore_regex=None, paths=None, packages_up_to=None, packages_up_to_regex=None, packages_above=None, packages_above_and_dependencies=None, packages_above_depth=None, packages_select_by_dep=None, packages_skip_by_dep=None, packages_skip_up_to=None, packages_select_build_failed=False, packages_skip_build_finished=False, packages_select_test_failures=False, packages_skip_test_passed=False, packages_select=None, packages_skip=None, packages_select_regex=None, packages_skip_regex=None, packages_start=None, packages_end=None, allow_overriding=[], cmake_args=None, cmake_target=None, cmake_target_skip_unavailable=False, cmake_clean_cache=False, cmake_clean_first=False, cmake_force_configure=False, ament_cmake_args=None, catkin_cmake_args=None, catkin_skip_building_tests=False, mixin_files=None, mixin=None, verb_parser=<colcon_mixin.mixin.mixin_argument.MixinArgumentDecorator object at 0x7b9ce914a080>, verb_extension=<colcon_core.verb.build.BuildVerb object at 0x7b9ce9149bd0>, main=<bound method BuildVerb.main of <colcon_core.verb.build.BuildVerb object at 0x7b9ce9149bd0>>, mixin_verb=('build',))
[0.125s] Level 1:colcon.colcon_core.package_discovery:discover_packages(colcon_meta) check parameters
[0.125s] Level 1:colcon.colcon_core.package_discovery:discover_packages(recursive) check parameters
[0.125s] Level 1:colcon.colcon_core.package_discovery:discover_packages(ignore) check parameters
[0.125s] Level 1:colcon.colcon_core.package_discovery:discover_packages(path) check parameters
[0.125s] Level 1:colcon.colcon_core.package_discovery:discover_packages(colcon_meta) discover
[0.125s] Level 1:colcon.colcon_core.package_discovery:discover_packages(recursive) discover
[0.125s] INFO:colcon.colcon_core.package_discovery:Crawling recursively for packages in '/home/fourfold/dev/inmind sessions/inmind-session-6/assignment_6/src'
[0.125s] Level 1:colcon.colcon_core.package_identification:_identify(.) by extensions ['ignore', 'ignore_ament_install']
[0.125s] Level 1:colcon.colcon_core.package_identification:_identify(.) by extension 'ignore'
[0.125s] Level 1:colcon.colcon_core.package_identification:_identify(.) by extension 'ignore_ament_install'
[0.125s] Level 1:colcon.colcon_core.package_identification:_identify(.) by extensions ['colcon_pkg']
[0.125s] Level 1:colcon.colcon_core.package_identification:_identify(.) by extension 'colcon_pkg'
[0.125s] Level 1:colcon.colcon_core.package_identification:_identify(.) by extensions ['colcon_meta']
[0.125s] Level 1:colcon.colcon_core.package_identification:_identify(.) by extension 'colcon_meta'
[0.125s] Level 1:colcon.colcon_core.package_identification:_identify(.) by extensions ['ros']
[0.125s] Level 1:colcon.colcon_core.package_identification:_identify(.) by extension 'ros'
[0.131s] Level 1:colcon.colcon_core.package_identification:_identify(.) by extensions ['cmake', 'python']
[0.131s] Level 1:colcon.colcon_core.package_identification:_identify(.) by extension 'cmake'
[0.131s] Level 1:colcon.colcon_core.package_identification:_identify(.) by extension 'python'
[0.131s] Level 1:colcon.colcon_core.package_identification:_identify(.) by extensions ['python_setup_py']
[0.131s] Level 1:colcon.colcon_core.package_identification:_identify(.) by extension 'python_setup_py'
[0.131s] Level 1:colcon.colcon_core.package_identification:_identify(build) by extensions ['ignore', 'ignore_ament_install']
[0.131s] Level 1:colcon.colcon_core.package_identification:_identify(build) by extension 'ignore'
[0.131s] Level 1:colcon.colcon_core.package_identification:_identify(build) ignored
[0.131s] Level 1:colcon.colcon_core.package_identification:_identify(install) by extensions ['ignore', 'ignore_ament_install']
[0.131s] Level 1:colcon.colcon_core.package_identification:_identify(install) by extension 'ignore'
[0.131s] Level 1:colcon.colcon_core.package_identification:_identify(install) ignored
[0.131s] Level 1:colcon.colcon_core.package_identification:_identify(log) by extensions ['ignore', 'ignore_ament_install']
[0.132s] Level 1:colcon.colcon_core.package_identification:_identify(log) by extension 'ignore'
[0.132s] Level 1:colcon.colcon_core.package_identification:_identify(log) ignored
[0.132s] Level 1:colcon.colcon_core.package_identification:_identify(warehouse_interfaces) by extensions ['ignore', 'ignore_ament_install']
[0.132s] Level 1:colcon.colcon_core.package_identification:_identify(warehouse_interfaces) by extension 'ignore'
[0.132s] Level 1:colcon.colcon_core.package_identification:_identify(warehouse_interfaces) by extension 'ignore_ament_install'
[0.132s] Level 1:colcon.colcon_core.package_identification:_identify(warehouse_interfaces) by extensions ['colcon_pkg']
[0.132s] Level 1:colcon.colcon_core.package_identification:_identify(warehouse_interfaces) by extension 'colcon_pkg'
[0.132s] Level 1:colcon.colcon_core.package_identification:_identify(warehouse_interfaces) by extensions ['colcon_meta']
[0.132s] Level 1:colcon.colcon_core.package_identification:_identify(warehouse_interfaces) by extension 'colcon_meta'
[0.132s] Level 1:colcon.colcon_core.package_identification:_identify(warehouse_interfaces) by extensions ['ros']
[0.132s] Level 1:colcon.colcon_core.package_identification:_identify(warehouse_interfaces) by extension 'ros'
[0.133s] DEBUG:colcon.colcon_core.package_identification:Package 'warehouse_interfaces' with type 'ros.ament_cmake' and name 'warehouse_interfaces'
[0.133s] Level 1:colcon.colcon_core.package_identification:_identify(warehouse_robot) by extensions ['ignore', 'ignore_ament_install']
[0.133s] Level 1:colcon.colcon_core.package_identification:_identify(warehouse_robot) by extension 'ignore'
[0.133s] Level 1:colcon.colcon_core.package_identification:_identify(warehouse_robot) by extension 'ignore_ament_install'
[0.133s] Level 1:colcon.colcon_core.package_identification:_identify(warehouse_robot) by extensions ['colcon_pkg']
[0.133s] Level 1:colcon.colcon_core.package_identification:_identify(warehouse_robot) by extension 'colcon_pkg'
[0.133s] Level 1:colcon.colcon_core.package_identification:_identify(warehouse_robot) by extensions ['colcon_meta']
[0.133s] Level 1:colcon.colcon_core.package_identification:_identify(warehouse_robot) by extension 'colcon_meta'
[0.133s] Level 1:colcon.colcon_core.package_identification:_identify(warehouse_robot) by extensions ['ros']
[0.133s] Level 1:colcon.colcon_core.package_identification:_identify(warehouse_robot) by extension 'ros'
[0.134s] DEBUG:colcon.colcon_core.package_identification:Package 'warehouse_robot' with type 'ros.ament_python' and name 'warehouse_robot'
[0.134s] Level 1:colcon.colcon_core.package_discovery:discover_packages(recursive) using defaults
[0.134s] Level 1:colcon.colcon_core.package_discovery:discover_packages(ignore) discover
[0.134s] Level 1:colcon.colcon_core.package_discovery:discover_packages(ignore) using defaults
[0.134s] Level 1:colcon.colcon_core.package_discovery:discover_packages(path) discover
[0.134s] Level 1:colcon.colcon_core.package_discovery:discover_packages(path) using defaults
[0.143s] Level 1:colcon.colcon_core.package_discovery:discover_packages(prefix_path) check parameters
[0.143s] Level 1:colcon.colcon_core.package_discovery:discover_packages(prefix_path) discover
[0.144s] DEBUG:colcon.colcon_installed_package_information.package_discovery:Found 0 installed packages in /home/fourfold/dev/inmind sessions/inmind-session-6/assignment_6/install
[0.145s] DEBUG:colcon.colcon_installed_package_information.package_discovery:Found 270 installed packages in /opt/ros/humble
[0.145s] Level 1:colcon.colcon_core.package_discovery:discover_packages(prefix_path) using defaults
[0.167s] Level 5:colcon.colcon_core.verb:set package 'warehouse_interfaces' build argument 'cmake_args' from command line to 'None'
[0.167s] Level 5:colcon.colcon_core.verb:set package 'warehouse_interfaces' build argument 'cmake_target' from command line to 'None'
[0.167s] Level 5:colcon.colcon_core.verb:set package 'warehouse_interfaces' build argument 'cmake_target_skip_unavailable' from command line to 'False'
[0.167s] Level 5:colcon.colcon_core.verb:set package 'warehouse_interfaces' build argument 'cmake_clean_cache' from command line to 'False'
[0.167s] Level 5:colcon.colcon_core.verb:set package 'warehouse_interfaces' build argument 'cmake_clean_first' from command line to 'False'
[0.167s] Level 5:colcon.colcon_core.verb:set package 'warehouse_interfaces' build argument 'cmake_force_configure' from command line to 'False'
[0.167s] Level 5:colcon.colcon_core.verb:set package 'warehouse_interfaces' build argument 'ament_cmake_args' from command line to 'None'
[0.167s] Level 5:colcon.colcon_core.verb:set package 'warehouse_interfaces' build argument 'catkin_cmake_args' from command line to 'None'
[0.167s] Level 5:colcon.colcon_core.verb:set package 'warehouse_interfaces' build argument 'catkin_skip_building_tests' from command line to 'False'
[0.167s] DEBUG:colcon.colcon_core.verb:Building package 'warehouse_interfaces' with the following arguments: {'ament_cmake_args': None, 'build_base': '/home/fourfold/dev/inmind sessions/inmind-session-6/assignment_6/src/build/warehouse_interfaces', 'catkin_cmake_args': None, 'catkin_skip_building_tests': False, 'cmake_args': None, 'cmake_clean_cache': False, 'cmake_clean_first': False, 'cmake_force_configure': False, 'cmake_target': None, 'cmake_target_skip_unavailable': False, 'install_base': '/home/fourfold/dev/inmind sessions/inmind-session-6/assignment_6/src/install/warehouse_interfaces', 'merge_install': False, 'path': '/home/fourfold/dev/inmind sessions/inmind-session-6/assignment_6/src/warehouse_interfaces', 'symlink_install': False, 'test_result_base': None}
[0.168s] Level 5:colcon.colcon_core.verb:set package 'warehouse_robot' build argument 'cmake_args' from command line to 'None'
[0.168s] Level 5:colcon.colcon_core.verb:set package 'warehouse_robot' build argument 'cmake_target' from command line to 'None'
[0.168s] Level 5:colcon.colcon_core.verb:set package 'warehouse_robot' build argument 'cmake_target_skip_unavailable' from command line to 'False'
[0.168s] Level 5:colcon.colcon_core.verb:set package 'warehouse_robot' build argument 'cmake_clean_cache' from command line to 'False'
[0.168s] Level 5:colcon.colcon_core.verb:set package 'warehouse_robot' build argument 'cmake_clean_first' from command line to 'False'
[0.168s] Level 5:colcon.colcon_core.verb:set package 'warehouse_robot' build argument 'cmake_force_configure' from command line to 'False'
[0.168s] Level 5:colcon.colcon_core.verb:set package 'warehouse_robot' build argument 'ament_cmake_args' from command line to 'None'
[0.168s] Level 5:colcon.colcon_core.verb:set package 'warehouse_robot' build argument 'catkin_cmake_args' from command line to 'None'
[0.168s] Level 5:colcon.colcon_core.verb:set package 'warehouse_robot' build argument 'catkin_skip_building_tests' from command line to 'False'
[0.168s] DEBUG:colcon.colcon_core.verb:Building package 'warehouse_robot' with the following arguments: {'ament_cmake_args': None, 'build_base': '/home/fourfold/dev/inmind sessions/inmind-session-6/assignment_6/src/build/warehouse_robot', 'catkin_cmake_args': None, 'catkin_skip_building_tests': False, 'cmake_args': None, 'cmake_clean_cache': False, 'cmake_clean_first': False, 'cmake_force_configure': False, 'cmake_target': None, 'cmake_target_skip_unavailable': False, 'install_base': '/home/fourfold/dev/inmind sessions/inmind-session-6/assignment_6/src/install/warehouse_robot', 'merge_install': False, 'path': '/home/fourfold/dev/inmind sessions/inmind-session-6/assignment_6/src/warehouse_robot', 'symlink_install': False, 'test_result_base': None}
[0.168s] INFO:colcon.colcon_core.executor:Executing jobs using 'parallel' executor
[0.168s] DEBUG:colcon.colcon_parallel_executor.executor.parallel:run_until_complete
[0.168s] INFO:colcon.colcon_ros.task.ament_cmake.build:Building ROS package in '/home/fourfold/dev/inmind sessions/inmind-session-6/assignment_6/src/warehouse_interfaces' with build type 'ament_cmake'
[0.169s] INFO:colcon.colcon_cmake.task.cmake.build:Building CMake package in '/home/fourfold/dev/inmind sessions/inmind-session-6/assignment_6/src/warehouse_interfaces'
[0.170s] INFO:colcon.colcon_core.plugin_system:Skipping extension 'colcon_core.shell.bat': Not used on non-Windows systems
[0.170s] INFO:colcon.colcon_core.shell:Skip shell extension 'powershell' for command environment: Not usable outside of PowerShell
[0.170s] DEBUG:colcon.colcon_core.shell:Skip shell extension 'dsv' for command environment
[0.171s] INFO:colcon.colcon_ros.task.ament_python.build:Building ROS package in '/home/fourfold/dev/inmind sessions/inmind-session-6/assignment_6/src/warehouse_robot' with build type 'ament_python'
[0.171s] Level 1:colcon.colcon_core.shell:create_environment_hook('warehouse_robot', 'ament_prefix_path')
[0.171s] INFO:colcon.colcon_core.shell:Creating environment hook '/home/fourfold/dev/inmind sessions/inmind-session-6/assignment_6/src/install/warehouse_robot/share/warehouse_robot/hook/ament_prefix_path.ps1'
[0.172s] INFO:colcon.colcon_core.shell:Creating environment descriptor '/home/fourfold/dev/inmind sessions/inmind-session-6/assignment_6/src/install/warehouse_robot/share/warehouse_robot/hook/ament_prefix_path.dsv'
[0.172s] INFO:colcon.colcon_core.shell:Creating environment hook '/home/fourfold/dev/inmind sessions/inmind-session-6/assignment_6/src/install/warehouse_robot/share/warehouse_robot/hook/ament_prefix_path.sh'
[0.172s] INFO:colcon.colcon_core.shell:Skip shell extension 'powershell' for command environment: Not usable outside of PowerShell
[0.172s] DEBUG:colcon.colcon_core.shell:Skip shell extension 'dsv' for command environment
[0.175s] DEBUG:colcon.colcon_core.event_handler.log_command:Invoking command in '/home/fourfold/dev/inmind sessions/inmind-session-6/assignment_6/src/build/warehouse_interfaces': CMAKE_PREFIX_PATH=/opt/ros/humble /usr/bin/cmake /home/fourfold/dev/inmind sessions/inmind-session-6/assignment_6/src/warehouse_interfaces -DCMAKE_INSTALL_PREFIX=/home/fourfold/dev/inmind sessions/inmind-session-6/assignment_6/src/install/warehouse_interfaces
[0.299s] INFO:colcon.colcon_core.task.python.build:Building Python package in '/home/fourfold/dev/inmind sessions/inmind-session-6/assignment_6/src/warehouse_robot'
[0.299s] INFO:colcon.colcon_core.shell:Skip shell extension 'powershell' for command environment: Not usable outside of PowerShell
[0.299s] DEBUG:colcon.colcon_core.shell:Skip shell extension 'dsv' for command environment
[0.413s] DEBUG:colcon.colcon_core.event_handler.log_command:Invoked command in '/home/fourfold/dev/inmind sessions/inmind-session-6/assignment_6/src/build/warehouse_interfaces' returned '1': CMAKE_PREFIX_PATH=/opt/ros/humble /usr/bin/cmake /home/fourfold/dev/inmind sessions/inmind-session-6/assignment_6/src/warehouse_interfaces -DCMAKE_INSTALL_PREFIX=/home/fourfold/dev/inmind sessions/inmind-session-6/assignment_6/src/install/warehouse_interfaces
[0.419s] Level 1:colcon.colcon_core.environment:create_environment_scripts_only(warehouse_interfaces)
[0.420s] Level 1:colcon.colcon_core.environment:checking '/home/fourfold/dev/inmind sessions/inmind-session-6/assignment_6/src/install/warehouse_interfaces' for CMake module files
[0.420s] Level 1:colcon.colcon_core.environment:checking '/home/fourfold/dev/inmind sessions/inmind-session-6/assignment_6/src/install/warehouse_interfaces' for CMake config files
[0.421s] Level 1:colcon.colcon_core.environment:checking '/home/fourfold/dev/inmind sessions/inmind-session-6/assignment_6/src/install/warehouse_interfaces/bin'
[0.421s] Level 1:colcon.colcon_core.environment:checking '/home/fourfold/dev/inmind sessions/inmind-session-6/assignment_6/src/install/warehouse_interfaces/lib/pkgconfig/warehouse_interfaces.pc'
[0.421s] Level 1:colcon.colcon_core.environment:checking '/home/fourfold/dev/inmind sessions/inmind-session-6/assignment_6/src/install/warehouse_interfaces/lib/python3.10/site-packages'
[0.421s] Level 1:colcon.colcon_core.environment:checking '/home/fourfold/dev/inmind sessions/inmind-session-6/assignment_6/src/install/warehouse_interfaces/bin'
[0.421s] INFO:colcon.colcon_core.shell:Creating package script '/home/fourfold/dev/inmind sessions/inmind-session-6/assignment_6/src/install/warehouse_interfaces/share/warehouse_interfaces/package.ps1'
[0.421s] INFO:colcon.colcon_core.shell:Creating package descriptor '/home/fourfold/dev/inmind sessions/inmind-session-6/assignment_6/src/install/warehouse_interfaces/share/warehouse_interfaces/package.dsv'
[0.422s] INFO:colcon.colcon_core.shell:Creating package script '/home/fourfold/dev/inmind sessions/inmind-session-6/assignment_6/src/install/warehouse_interfaces/share/warehouse_interfaces/package.sh'
[0.422s] INFO:colcon.colcon_core.shell:Creating package script '/home/fourfold/dev/inmind sessions/inmind-session-6/assignment_6/src/install/warehouse_interfaces/share/warehouse_interfaces/package.bash'
[0.422s] INFO:colcon.colcon_core.shell:Creating package script '/home/fourfold/dev/inmind sessions/inmind-session-6/assignment_6/src/install/warehouse_interfaces/share/warehouse_interfaces/package.zsh'
[0.423s] Level 1:colcon.colcon_core.environment:create_file_with_runtime_dependencies(/home/fourfold/dev/inmind sessions/inmind-session-6/assignment_6/src/install/warehouse_interfaces/share/colcon-core/packages/warehouse_interfaces)
[0.475s] DEBUG:colcon.colcon_parallel_executor.executor.parallel:closing loop
[0.475s] DEBUG:colcon.colcon_parallel_executor.executor.parallel:loop closed
[0.475s] DEBUG:colcon.colcon_parallel_executor.executor.parallel:run_until_complete finished with '1'
[0.475s] DEBUG:colcon.colcon_core.event_reactor:joining thread
[0.478s] INFO:colcon.colcon_core.plugin_system:Skipping extension 'colcon_notification.desktop_notification.terminal_notifier': Not used on non-Darwin systems
[0.478s] INFO:colcon.colcon_core.plugin_system:Skipping extension 'colcon_notification.desktop_notification.win32': Not used on non-Windows systems
[0.478s] INFO:colcon.colcon_notification.desktop_notification:Sending desktop notification using 'notify2'
[0.489s] DEBUG:colcon.colcon_core.event_reactor:joined thread
[0.489s] INFO:colcon.colcon_core.shell:Creating prefix script '/home/fourfold/dev/inmind sessions/inmind-session-6/assignment_6/src/install/local_setup.ps1'
[0.490s] INFO:colcon.colcon_core.shell:Creating prefix util module '/home/fourfold/dev/inmind sessions/inmind-session-6/assignment_6/src/install/_local_setup_util_ps1.py'
[0.490s] INFO:colcon.colcon_core.shell:Creating prefix chain script '/home/fourfold/dev/inmind sessions/inmind-session-6/assignment_6/src/install/setup.ps1'
[0.491s] INFO:colcon.colcon_core.shell:Creating prefix script '/home/fourfold/dev/inmind sessions/inmind-session-6/assignment_6/src/install/local_setup.sh'
[0.491s] INFO:colcon.colcon_core.shell:Creating prefix util module '/home/fourfold/dev/inmind sessions/inmind-session-6/assignment_6/src/install/_local_setup_util_sh.py'
[0.492s] INFO:colcon.colcon_core.shell:Creating prefix chain script '/home/fourfold/dev/inmind sessions/inmind-session-6/assignment_6/src/install/setup.sh'
[0.492s] INFO:colcon.colcon_core.shell:Creating prefix script '/home/fourfold/dev/inmind sessions/inmind-session-6/assignment_6/src/install/local_setup.bash'
[0.492s] INFO:colcon.colcon_core.shell:Creating prefix chain script '/home/fourfold/dev/inmind sessions/inmind-session-6/assignment_6/src/install/setup.bash'
[0.493s] INFO:colcon.colcon_core.shell:Creating prefix script '/home/fourfold/dev/inmind sessions/inmind-session-6/assignment_6/src/install/local_setup.zsh'
[0.493s] INFO:colcon.colcon_core.shell:Creating prefix chain script '/home/fourfold/dev/inmind sessions/inmind-session-6/assignment_6/src/install/setup.zsh'
