[0.007s] Invoking command in '/home/fourfold/dev/inmind sessions/inmind-session-6/assignment_6/build/warehouse_interfaces': CMAKE_PREFIX_PATH=/opt/ros/humble /usr/bin/cmake /home/fourfold/dev/inmind sessions/inmind-session-6/assignment_6/src/warehouse_interfaces -DCMAKE_INSTALL_PREFIX=/home/fourfold/dev/inmind sessions/inmind-session-6/assignment_6/install/warehouse_interfaces
[0.039s] -- The C compiler identification is GNU 11.4.0
[0.071s] -- The CXX compiler identification is GNU 11.4.0
[0.075s] -- Detecting C compiler ABI info
[0.111s] -- Detecting C compiler ABI info - done
[0.118s] -- Check for working C compiler: /usr/bin/cc - skipped
[0.118s] -- Detecting C compile features
[0.119s] -- Detecting C compile features - done
[0.121s] -- Detecting CXX compiler ABI info
[0.167s] -- Detecting CXX compiler ABI info - done
[0.172s] -- Check for working CXX compiler: /usr/bin/c++ - skipped
[0.172s] -- Detecting CXX compile features
[0.173s] -- Detecting CXX compile features - done
[0.174s] -- Found ament_cmake: 1.3.9 (/opt/ros/humble/share/ament_cmake/cmake)
[0.258s] -- Found Python3: /usr/bin/python3 (found version "3.10.12") found components: Interpreter 
[0.304s] -- Found ament_lint_auto: 0.12.11 (/opt/ros/humble/share/ament_lint_auto/cmake)
[0.343s] -- Found rosidl_default_generators: 1.2.0 (/opt/ros/humble/share/rosidl_default_generators/cmake)
[0.344s] -- Using all available rosidl_typesupport_c: rosidl_typesupport_fastrtps_c;rosidl_typesupport_introspection_c
[0.347s] -- Found rosidl_adapter: 3.1.5 (/opt/ros/humble/share/rosidl_adapter/cmake)
[0.368s] -- Using all available rosidl_typesupport_cpp: rosidl_typesupport_fastrtps_cpp;rosidl_typesupport_introspection_cpp
[0.488s] -- Found ament_cmake_ros: 0.10.0 (/opt/ros/humble/share/ament_cmake_ros/cmake)
[0.586s] -- Using all available rosidl_typesupport_c: rosidl_typesupport_fastrtps_c;rosidl_typesupport_introspection_c
[0.710s] -- Using all available rosidl_typesupport_cpp: rosidl_typesupport_fastrtps_cpp;rosidl_typesupport_introspection_cpp
[0.722s] -- Found PythonInterp: /usr/bin/python3 (found suitable version "3.10.12", minimum required is "3.6") 
[0.723s] -- Found python_cmake_module: 0.10.0 (/opt/ros/humble/share/python_cmake_module/cmake)
[0.737s] -- Found PythonLibs: /usr/lib/x86_64-linux-gnu/libpython3.10.so (found suitable version "3.10.12", minimum required is "3.5") 
[0.737s] -- Using PYTHON_EXECUTABLE: /usr/bin/python3
[0.737s] -- Using PYTHON_INCLUDE_DIRS: /usr/include/python3.10
[0.737s] -- Using PYTHON_LIBRARIES: /usr/lib/x86_64-linux-gnu/libpython3.10.so
[0.749s] -- Found PythonExtra: .so  
[0.768s] -- Added test 'lint_cmake' to check CMake code style
[0.769s] -- Added test 'xmllint' to check XML markup files
[0.771s] -- Configuring done
[0.785s] -- Generating done
[0.786s] -- Build files have been written to: /home/fourfold/dev/inmind sessions/inmind-session-6/assignment_6/build/warehouse_interfaces
[0.790s] Invoked command in '/home/fourfold/dev/inmind sessions/inmind-session-6/assignment_6/build/warehouse_interfaces' returned '0': CMAKE_PREFIX_PATH=/opt/ros/humble /usr/bin/cmake /home/fourfold/dev/inmind sessions/inmind-session-6/assignment_6/src/warehouse_interfaces -DCMAKE_INSTALL_PREFIX=/home/fourfold/dev/inmind sessions/inmind-session-6/assignment_6/install/warehouse_interfaces
[0.790s] Invoking command in '/home/fourfold/dev/inmind sessions/inmind-session-6/assignment_6/build/warehouse_interfaces': CMAKE_PREFIX_PATH=/opt/ros/humble /usr/bin/cmake --build /home/fourfold/dev/inmind sessions/inmind-session-6/assignment_6/build/warehouse_interfaces -- -j16 -l16
[0.811s] [  3%] [34m[1mGenerating C code for ROS interfaces[0m
[0.816s] [  6%] [34m[1mGenerating C++ code for ROS interfaces[0m
[0.821s] [  6%] Built target ament_cmake_python_copy_warehouse_interfaces
[0.954s] running egg_info
[0.954s] creating warehouse_interfaces.egg-info
[0.954s] writing warehouse_interfaces.egg-info/PKG-INFO
[0.954s] writing dependency_links to warehouse_interfaces.egg-info/dependency_links.txt
[0.954s] writing top-level names to warehouse_interfaces.egg-info/top_level.txt
[0.954s] writing manifest file 'warehouse_interfaces.egg-info/SOURCES.txt'
[0.955s] reading manifest file 'warehouse_interfaces.egg-info/SOURCES.txt'
[0.955s] writing manifest file 'warehouse_interfaces.egg-info/SOURCES.txt'
[0.972s] [  6%] Built target ament_cmake_python_build_warehouse_interfaces_egg
[0.974s] [  9%] [32mBuilding C object CMakeFiles/warehouse_interfaces__rosidl_generator_c.dir/rosidl_generator_c/warehouse_interfaces/srv/detail/check_stock__functions.c.o[0m
[0.976s] [  9%] Built target warehouse_interfaces__cpp
[0.982s] [ 16%] [34m[1mGenerating C++ introspection for ROS interfaces[0m
[0.982s] [ 16%] [34m[1mGenerating C++ type support for eProsima Fast-RTPS[0m
[0.982s] [ 19%] [34m[1mGenerating C++ type support dispatch for ROS interfaces[0m
[1.007s] [ 22%] [32m[1mLinking C shared library libwarehouse_interfaces__rosidl_generator_c.so[0m
[1.030s] [ 22%] Built target warehouse_interfaces__rosidl_generator_c
[1.036s] [ 29%] [34m[1mGenerating C type support for eProsima Fast-RTPS[0m
[1.036s] [ 29%] [34m[1mGenerating C type support dispatch for ROS interfaces[0m
[1.036s] [ 32%] [34m[1mGenerating C introspection for ROS interfaces[0m
[1.114s] [ 35%] [32mBuilding CXX object CMakeFiles/warehouse_interfaces__rosidl_typesupport_cpp.dir/rosidl_typesupport_cpp/warehouse_interfaces/srv/check_stock__type_support.cpp.o[0m
[1.125s] [ 38%] [32mBuilding CXX object CMakeFiles/warehouse_interfaces__rosidl_typesupport_introspection_cpp.dir/rosidl_typesupport_introspection_cpp/warehouse_interfaces/srv/detail/check_stock__type_support.cpp.o[0m
[1.131s] [ 41%] [32mBuilding CXX object CMakeFiles/warehouse_interfaces__rosidl_typesupport_fastrtps_cpp.dir/rosidl_typesupport_fastrtps_cpp/warehouse_interfaces/srv/detail/dds_fastrtps/check_stock__type_support.cpp.o[0m
[1.170s] [ 45%] [32mBuilding CXX object CMakeFiles/warehouse_interfaces__rosidl_typesupport_c.dir/rosidl_typesupport_c/warehouse_interfaces/srv/check_stock__type_support.cpp.o[0m
[1.188s] [ 48%] [32mBuilding CXX object CMakeFiles/warehouse_interfaces__rosidl_typesupport_fastrtps_c.dir/rosidl_typesupport_fastrtps_c/warehouse_interfaces/srv/detail/check_stock__type_support_c.cpp.o[0m
[1.194s] [ 51%] [32m[1mLinking CXX shared library libwarehouse_interfaces__rosidl_typesupport_c.so[0m
[1.198s] [ 54%] [32mBuilding C object CMakeFiles/warehouse_interfaces__rosidl_typesupport_introspection_c.dir/rosidl_typesupport_introspection_c/warehouse_interfaces/srv/detail/check_stock__type_support.c.o[0m
[1.219s] [ 58%] [32m[1mLinking C shared library libwarehouse_interfaces__rosidl_typesupport_introspection_c.so[0m
[1.219s] [ 58%] Built target warehouse_interfaces__rosidl_typesupport_c
[1.236s] [ 58%] Built target warehouse_interfaces__rosidl_typesupport_introspection_c
[1.257s] [ 61%] [32m[1mLinking CXX shared library libwarehouse_interfaces__rosidl_typesupport_cpp.so[0m
[1.281s] [ 61%] Built target warehouse_interfaces__rosidl_typesupport_cpp
[1.327s] [ 64%] [32m[1mLinking CXX shared library libwarehouse_interfaces__rosidl_typesupport_introspection_cpp.so[0m
[1.344s] [ 67%] [32m[1mLinking CXX shared library libwarehouse_interfaces__rosidl_typesupport_fastrtps_cpp.so[0m
[1.364s] [ 67%] Built target warehouse_interfaces__rosidl_typesupport_introspection_cpp
[1.367s] [ 70%] [32m[1mLinking CXX shared library libwarehouse_interfaces__rosidl_typesupport_fastrtps_c.so[0m
[1.386s] [ 70%] Built target warehouse_interfaces__rosidl_typesupport_fastrtps_cpp
[1.406s] [ 70%] Built target warehouse_interfaces__rosidl_typesupport_fastrtps_c
[1.417s] [ 70%] Built target warehouse_interfaces
[1.428s] [ 74%] [34m[1mGenerating Python code for ROS interfaces[0m
[1.602s] [ 74%] Built target warehouse_interfaces__py
[1.612s] [ 77%] [32mBuilding C object CMakeFiles/warehouse_interfaces__rosidl_generator_py.dir/rosidl_generator_py/warehouse_interfaces/srv/_check_stock_s.c.o[0m
[1.665s] [ 80%] [32m[1mLinking C shared library rosidl_generator_py/warehouse_interfaces/libwarehouse_interfaces__rosidl_generator_py.so[0m
[1.687s] [ 80%] Built target warehouse_interfaces__rosidl_generator_py
[1.698s] [ 87%] [32mBuilding C object CMakeFiles/warehouse_interfaces__rosidl_typesupport_introspection_c__pyext.dir/rosidl_generator_py/warehouse_interfaces/_warehouse_interfaces_s.ep.rosidl_typesupport_introspection_c.c.o[0m
[1.698s] [ 87%] [32mBuilding C object CMakeFiles/warehouse_interfaces__rosidl_typesupport_fastrtps_c__pyext.dir/rosidl_generator_py/warehouse_interfaces/_warehouse_interfaces_s.ep.rosidl_typesupport_fastrtps_c.c.o[0m
[1.698s] [ 90%] [32mBuilding C object CMakeFiles/warehouse_interfaces__rosidl_typesupport_c__pyext.dir/rosidl_generator_py/warehouse_interfaces/_warehouse_interfaces_s.ep.rosidl_typesupport_c.c.o[0m
[1.748s] [ 96%] [32m[1mLinking C shared library rosidl_generator_py/warehouse_interfaces/warehouse_interfaces_s__rosidl_typesupport_c.cpython-310-x86_64-linux-gnu.so[0m
[1.748s] [ 96%] [32m[1mLinking C shared library rosidl_generator_py/warehouse_interfaces/warehouse_interfaces_s__rosidl_typesupport_introspection_c.cpython-310-x86_64-linux-gnu.so[0m
[1.749s] [100%] [32m[1mLinking C shared library rosidl_generator_py/warehouse_interfaces/warehouse_interfaces_s__rosidl_typesupport_fastrtps_c.cpython-310-x86_64-linux-gnu.so[0m
[1.766s] [100%] Built target warehouse_interfaces__rosidl_typesupport_introspection_c__pyext
[1.766s] [100%] Built target warehouse_interfaces__rosidl_typesupport_c__pyext
[1.766s] [100%] Built target warehouse_interfaces__rosidl_typesupport_fastrtps_c__pyext
[1.774s] Invoked command in '/home/fourfold/dev/inmind sessions/inmind-session-6/assignment_6/build/warehouse_interfaces' returned '0': CMAKE_PREFIX_PATH=/opt/ros/humble /usr/bin/cmake --build /home/fourfold/dev/inmind sessions/inmind-session-6/assignment_6/build/warehouse_interfaces -- -j16 -l16
[1.807s] Invoking command in '/home/fourfold/dev/inmind sessions/inmind-session-6/assignment_6/build/warehouse_interfaces': CMAKE_PREFIX_PATH=/opt/ros/humble /usr/bin/cmake --install /home/fourfold/dev/inmind sessions/inmind-session-6/assignment_6/build/warehouse_interfaces
[1.812s] -- Install configuration: ""
[1.812s] -- Installing: /home/fourfold/dev/inmind sessions/inmind-session-6/assignment_6/install/warehouse_interfaces/share/ament_index/resource_index/rosidl_interfaces/warehouse_interfaces
[1.812s] -- Installing: /home/fourfold/dev/inmind sessions/inmind-session-6/assignment_6/install/warehouse_interfaces/include/warehouse_interfaces/warehouse_interfaces
[1.812s] -- Installing: /home/fourfold/dev/inmind sessions/inmind-session-6/assignment_6/install/warehouse_interfaces/include/warehouse_interfaces/warehouse_interfaces/msg
[1.812s] -- Installing: /home/fourfold/dev/inmind sessions/inmind-session-6/assignment_6/install/warehouse_interfaces/include/warehouse_interfaces/warehouse_interfaces/msg/rosidl_generator_c__visibility_control.h
[1.812s] -- Installing: /home/fourfold/dev/inmind sessions/inmind-session-6/assignment_6/install/warehouse_interfaces/include/warehouse_interfaces/warehouse_interfaces/srv
[1.812s] -- Installing: /home/fourfold/dev/inmind sessions/inmind-session-6/assignment_6/install/warehouse_interfaces/include/warehouse_interfaces/warehouse_interfaces/srv/check_stock.h
[1.812s] -- Installing: /home/fourfold/dev/inmind sessions/inmind-session-6/assignment_6/install/warehouse_interfaces/include/warehouse_interfaces/warehouse_interfaces/srv/detail
[1.812s] -- Installing: /home/fourfold/dev/inmind sessions/inmind-session-6/assignment_6/install/warehouse_interfaces/include/warehouse_interfaces/warehouse_interfaces/srv/detail/check_stock__struct.h
[1.812s] -- Installing: /home/fourfold/dev/inmind sessions/inmind-session-6/assignment_6/install/warehouse_interfaces/include/warehouse_interfaces/warehouse_interfaces/srv/detail/check_stock__functions.c
[1.812s] -- Installing: /home/fourfold/dev/inmind sessions/inmind-session-6/assignment_6/install/warehouse_interfaces/include/warehouse_interfaces/warehouse_interfaces/srv/detail/check_stock__functions.h
[1.812s] -- Installing: /home/fourfold/dev/inmind sessions/inmind-session-6/assignment_6/install/warehouse_interfaces/include/warehouse_interfaces/warehouse_interfaces/srv/detail/check_stock__type_support.h
[1.812s] -- Installing: /home/fourfold/dev/inmind sessions/inmind-session-6/assignment_6/install/warehouse_interfaces/share/warehouse_interfaces/environment/library_path.sh
[1.812s] -- Installing: /home/fourfold/dev/inmind sessions/inmind-session-6/assignment_6/install/warehouse_interfaces/share/warehouse_interfaces/environment/library_path.dsv
[1.812s] -- Installing: /home/fourfold/dev/inmind sessions/inmind-session-6/assignment_6/install/warehouse_interfaces/lib/libwarehouse_interfaces__rosidl_generator_c.so
[1.812s] -- Set runtime path of "/home/fourfold/dev/inmind sessions/inmind-session-6/assignment_6/install/warehouse_interfaces/lib/libwarehouse_interfaces__rosidl_generator_c.so" to ""
[1.812s] -- Up-to-date: /home/fourfold/dev/inmind sessions/inmind-session-6/assignment_6/install/warehouse_interfaces/include/warehouse_interfaces/warehouse_interfaces
[1.812s] -- Up-to-date: /home/fourfold/dev/inmind sessions/inmind-session-6/assignment_6/install/warehouse_interfaces/include/warehouse_interfaces/warehouse_interfaces/msg
[1.813s] -- Installing: /home/fourfold/dev/inmind sessions/inmind-session-6/assignment_6/install/warehouse_interfaces/include/warehouse_interfaces/warehouse_interfaces/msg/rosidl_typesupport_fastrtps_c__visibility_control.h
[1.813s] -- Up-to-date: /home/fourfold/dev/inmind sessions/inmind-session-6/assignment_6/install/warehouse_interfaces/include/warehouse_interfaces/warehouse_interfaces/srv
[1.813s] -- Up-to-date: /home/fourfold/dev/inmind sessions/inmind-session-6/assignment_6/install/warehouse_interfaces/include/warehouse_interfaces/warehouse_interfaces/srv/detail
[1.813s] -- Installing: /home/fourfold/dev/inmind sessions/inmind-session-6/assignment_6/install/warehouse_interfaces/include/warehouse_interfaces/warehouse_interfaces/srv/detail/check_stock__rosidl_typesupport_fastrtps_c.h
[1.813s] -- Installing: /home/fourfold/dev/inmind sessions/inmind-session-6/assignment_6/install/warehouse_interfaces/lib/libwarehouse_interfaces__rosidl_typesupport_fastrtps_c.so
[1.813s] -- Set runtime path of "/home/fourfold/dev/inmind sessions/inmind-session-6/assignment_6/install/warehouse_interfaces/lib/libwarehouse_interfaces__rosidl_typesupport_fastrtps_c.so" to ""
[1.813s] -- Up-to-date: /home/fourfold/dev/inmind sessions/inmind-session-6/assignment_6/install/warehouse_interfaces/include/warehouse_interfaces/warehouse_interfaces
[1.813s] -- Up-to-date: /home/fourfold/dev/inmind sessions/inmind-session-6/assignment_6/install/warehouse_interfaces/include/warehouse_interfaces/warehouse_interfaces/msg
[1.813s] -- Installing: /home/fourfold/dev/inmind sessions/inmind-session-6/assignment_6/install/warehouse_interfaces/include/warehouse_interfaces/warehouse_interfaces/msg/rosidl_typesupport_introspection_c__visibility_control.h
[1.813s] -- Up-to-date: /home/fourfold/dev/inmind sessions/inmind-session-6/assignment_6/install/warehouse_interfaces/include/warehouse_interfaces/warehouse_interfaces/srv
[1.813s] -- Up-to-date: /home/fourfold/dev/inmind sessions/inmind-session-6/assignment_6/install/warehouse_interfaces/include/warehouse_interfaces/warehouse_interfaces/srv/detail
[1.813s] -- Installing: /home/fourfold/dev/inmind sessions/inmind-session-6/assignment_6/install/warehouse_interfaces/include/warehouse_interfaces/warehouse_interfaces/srv/detail/check_stock__type_support.c
[1.813s] -- Installing: /home/fourfold/dev/inmind sessions/inmind-session-6/assignment_6/install/warehouse_interfaces/include/warehouse_interfaces/warehouse_interfaces/srv/detail/check_stock__rosidl_typesupport_introspection_c.h
[1.813s] -- Installing: /home/fourfold/dev/inmind sessions/inmind-session-6/assignment_6/install/warehouse_interfaces/lib/libwarehouse_interfaces__rosidl_typesupport_introspection_c.so
[1.813s] -- Set runtime path of "/home/fourfold/dev/inmind sessions/inmind-session-6/assignment_6/install/warehouse_interfaces/lib/libwarehouse_interfaces__rosidl_typesupport_introspection_c.so" to ""
[1.813s] -- Installing: /home/fourfold/dev/inmind sessions/inmind-session-6/assignment_6/install/warehouse_interfaces/lib/libwarehouse_interfaces__rosidl_typesupport_c.so
[1.813s] -- Set runtime path of "/home/fourfold/dev/inmind sessions/inmind-session-6/assignment_6/install/warehouse_interfaces/lib/libwarehouse_interfaces__rosidl_typesupport_c.so" to ""
[1.813s] -- Up-to-date: /home/fourfold/dev/inmind sessions/inmind-session-6/assignment_6/install/warehouse_interfaces/include/warehouse_interfaces/warehouse_interfaces
[1.813s] -- Up-to-date: /home/fourfold/dev/inmind sessions/inmind-session-6/assignment_6/install/warehouse_interfaces/include/warehouse_interfaces/warehouse_interfaces/srv
[1.813s] -- Installing: /home/fourfold/dev/inmind sessions/inmind-session-6/assignment_6/install/warehouse_interfaces/include/warehouse_interfaces/warehouse_interfaces/srv/check_stock.hpp
[1.813s] -- Up-to-date: /home/fourfold/dev/inmind sessions/inmind-session-6/assignment_6/install/warehouse_interfaces/include/warehouse_interfaces/warehouse_interfaces/srv/detail
[1.813s] -- Installing: /home/fourfold/dev/inmind sessions/inmind-session-6/assignment_6/install/warehouse_interfaces/include/warehouse_interfaces/warehouse_interfaces/srv/detail/check_stock__builder.hpp
[1.813s] -- Installing: /home/fourfold/dev/inmind sessions/inmind-session-6/assignment_6/install/warehouse_interfaces/include/warehouse_interfaces/warehouse_interfaces/srv/detail/check_stock__struct.hpp
[1.813s] -- Installing: /home/fourfold/dev/inmind sessions/inmind-session-6/assignment_6/install/warehouse_interfaces/include/warehouse_interfaces/warehouse_interfaces/srv/detail/check_stock__traits.hpp
[1.813s] -- Up-to-date: /home/fourfold/dev/inmind sessions/inmind-session-6/assignment_6/install/warehouse_interfaces/include/warehouse_interfaces/warehouse_interfaces
[1.813s] -- Up-to-date: /home/fourfold/dev/inmind sessions/inmind-session-6/assignment_6/install/warehouse_interfaces/include/warehouse_interfaces/warehouse_interfaces/msg
[1.813s] -- Installing: /home/fourfold/dev/inmind sessions/inmind-session-6/assignment_6/install/warehouse_interfaces/include/warehouse_interfaces/warehouse_interfaces/msg/rosidl_typesupport_fastrtps_cpp__visibility_control.h
[1.814s] -- Up-to-date: /home/fourfold/dev/inmind sessions/inmind-session-6/assignment_6/install/warehouse_interfaces/include/warehouse_interfaces/warehouse_interfaces/srv
[1.814s] -- Up-to-date: /home/fourfold/dev/inmind sessions/inmind-session-6/assignment_6/install/warehouse_interfaces/include/warehouse_interfaces/warehouse_interfaces/srv/detail
[1.814s] -- Installing: /home/fourfold/dev/inmind sessions/inmind-session-6/assignment_6/install/warehouse_interfaces/include/warehouse_interfaces/warehouse_interfaces/srv/detail/dds_fastrtps
[1.814s] -- Installing: /home/fourfold/dev/inmind sessions/inmind-session-6/assignment_6/install/warehouse_interfaces/include/warehouse_interfaces/warehouse_interfaces/srv/detail/check_stock__rosidl_typesupport_fastrtps_cpp.hpp
[1.814s] -- Installing: /home/fourfold/dev/inmind sessions/inmind-session-6/assignment_6/install/warehouse_interfaces/lib/libwarehouse_interfaces__rosidl_typesupport_fastrtps_cpp.so
[1.814s] -- Set runtime path of "/home/fourfold/dev/inmind sessions/inmind-session-6/assignment_6/install/warehouse_interfaces/lib/libwarehouse_interfaces__rosidl_typesupport_fastrtps_cpp.so" to ""
[1.814s] -- Up-to-date: /home/fourfold/dev/inmind sessions/inmind-session-6/assignment_6/install/warehouse_interfaces/include/warehouse_interfaces/warehouse_interfaces
[1.814s] -- Up-to-date: /home/fourfold/dev/inmind sessions/inmind-session-6/assignment_6/install/warehouse_interfaces/include/warehouse_interfaces/warehouse_interfaces/srv
[1.814s] -- Up-to-date: /home/fourfold/dev/inmind sessions/inmind-session-6/assignment_6/install/warehouse_interfaces/include/warehouse_interfaces/warehouse_interfaces/srv/detail
[1.814s] -- Installing: /home/fourfold/dev/inmind sessions/inmind-session-6/assignment_6/install/warehouse_interfaces/include/warehouse_interfaces/warehouse_interfaces/srv/detail/check_stock__type_support.cpp
[1.814s] -- Installing: /home/fourfold/dev/inmind sessions/inmind-session-6/assignment_6/install/warehouse_interfaces/include/warehouse_interfaces/warehouse_interfaces/srv/detail/check_stock__rosidl_typesupport_introspection_cpp.hpp
[1.814s] -- Installing: /home/fourfold/dev/inmind sessions/inmind-session-6/assignment_6/install/warehouse_interfaces/lib/libwarehouse_interfaces__rosidl_typesupport_introspection_cpp.so
[1.814s] -- Set runtime path of "/home/fourfold/dev/inmind sessions/inmind-session-6/assignment_6/install/warehouse_interfaces/lib/libwarehouse_interfaces__rosidl_typesupport_introspection_cpp.so" to ""
[1.814s] -- Installing: /home/fourfold/dev/inmind sessions/inmind-session-6/assignment_6/install/warehouse_interfaces/lib/libwarehouse_interfaces__rosidl_typesupport_cpp.so
[1.814s] -- Set runtime path of "/home/fourfold/dev/inmind sessions/inmind-session-6/assignment_6/install/warehouse_interfaces/lib/libwarehouse_interfaces__rosidl_typesupport_cpp.so" to ""
[1.814s] -- Installing: /home/fourfold/dev/inmind sessions/inmind-session-6/assignment_6/install/warehouse_interfaces/share/warehouse_interfaces/environment/pythonpath.sh
[1.814s] -- Installing: /home/fourfold/dev/inmind sessions/inmind-session-6/assignment_6/install/warehouse_interfaces/share/warehouse_interfaces/environment/pythonpath.dsv
[1.814s] -- Installing: /home/fourfold/dev/inmind sessions/inmind-session-6/assignment_6/install/warehouse_interfaces/local/lib/python3.10/dist-packages/warehouse_interfaces-0.0.0-py3.10.egg-info
[1.814s] -- Installing: /home/fourfold/dev/inmind sessions/inmind-session-6/assignment_6/install/warehouse_interfaces/local/lib/python3.10/dist-packages/warehouse_interfaces-0.0.0-py3.10.egg-info/SOURCES.txt
[1.814s] -- Installing: /home/fourfold/dev/inmind sessions/inmind-session-6/assignment_6/install/warehouse_interfaces/local/lib/python3.10/dist-packages/warehouse_interfaces-0.0.0-py3.10.egg-info/top_level.txt
[1.814s] -- Installing: /home/fourfold/dev/inmind sessions/inmind-session-6/assignment_6/install/warehouse_interfaces/local/lib/python3.10/dist-packages/warehouse_interfaces-0.0.0-py3.10.egg-info/PKG-INFO
[1.814s] -- Installing: /home/fourfold/dev/inmind sessions/inmind-session-6/assignment_6/install/warehouse_interfaces/local/lib/python3.10/dist-packages/warehouse_interfaces-0.0.0-py3.10.egg-info/dependency_links.txt
[1.814s] -- Installing: /home/fourfold/dev/inmind sessions/inmind-session-6/assignment_6/install/warehouse_interfaces/local/lib/python3.10/dist-packages/warehouse_interfaces
[1.814s] -- Installing: /home/fourfold/dev/inmind sessions/inmind-session-6/assignment_6/install/warehouse_interfaces/local/lib/python3.10/dist-packages/warehouse_interfaces/_warehouse_interfaces_s.ep.rosidl_typesupport_c.c
[1.814s] -- Installing: /home/fourfold/dev/inmind sessions/inmind-session-6/assignment_6/install/warehouse_interfaces/local/lib/python3.10/dist-packages/warehouse_interfaces/warehouse_interfaces_s__rosidl_typesupport_fastrtps_c.cpython-310-x86_64-linux-gnu.so
[1.814s] -- Installing: /home/fourfold/dev/inmind sessions/inmind-session-6/assignment_6/install/warehouse_interfaces/local/lib/python3.10/dist-packages/warehouse_interfaces/warehouse_interfaces_s__rosidl_typesupport_c.cpython-310-x86_64-linux-gnu.so
[1.815s] -- Installing: /home/fourfold/dev/inmind sessions/inmind-session-6/assignment_6/install/warehouse_interfaces/local/lib/python3.10/dist-packages/warehouse_interfaces/_warehouse_interfaces_s.ep.rosidl_typesupport_fastrtps_c.c
[1.815s] -- Installing: /home/fourfold/dev/inmind sessions/inmind-session-6/assignment_6/install/warehouse_interfaces/local/lib/python3.10/dist-packages/warehouse_interfaces/srv
[1.815s] -- Installing: /home/fourfold/dev/inmind sessions/inmind-session-6/assignment_6/install/warehouse_interfaces/local/lib/python3.10/dist-packages/warehouse_interfaces/srv/_check_stock.py
[1.815s] -- Installing: /home/fourfold/dev/inmind sessions/inmind-session-6/assignment_6/install/warehouse_interfaces/local/lib/python3.10/dist-packages/warehouse_interfaces/srv/_check_stock_s.c
[1.815s] -- Installing: /home/fourfold/dev/inmind sessions/inmind-session-6/assignment_6/install/warehouse_interfaces/local/lib/python3.10/dist-packages/warehouse_interfaces/srv/__init__.py
[1.815s] -- Installing: /home/fourfold/dev/inmind sessions/inmind-session-6/assignment_6/install/warehouse_interfaces/local/lib/python3.10/dist-packages/warehouse_interfaces/libwarehouse_interfaces__rosidl_generator_py.so
[1.815s] -- Installing: /home/fourfold/dev/inmind sessions/inmind-session-6/assignment_6/install/warehouse_interfaces/local/lib/python3.10/dist-packages/warehouse_interfaces/__init__.py
[1.815s] -- Installing: /home/fourfold/dev/inmind sessions/inmind-session-6/assignment_6/install/warehouse_interfaces/local/lib/python3.10/dist-packages/warehouse_interfaces/_warehouse_interfaces_s.ep.rosidl_typesupport_introspection_c.c
[1.815s] -- Installing: /home/fourfold/dev/inmind sessions/inmind-session-6/assignment_6/install/warehouse_interfaces/local/lib/python3.10/dist-packages/warehouse_interfaces/warehouse_interfaces_s__rosidl_typesupport_introspection_c.cpython-310-x86_64-linux-gnu.so
[1.834s] Listing '/home/fourfold/dev/inmind sessions/inmind-session-6/assignment_6/install/warehouse_interfaces/local/lib/python3.10/dist-packages/warehouse_interfaces'...
[1.834s] Compiling '/home/fourfold/dev/inmind sessions/inmind-session-6/assignment_6/install/warehouse_interfaces/local/lib/python3.10/dist-packages/warehouse_interfaces/__init__.py'...
[1.834s] Listing '/home/fourfold/dev/inmind sessions/inmind-session-6/assignment_6/install/warehouse_interfaces/local/lib/python3.10/dist-packages/warehouse_interfaces/srv'...
[1.834s] Compiling '/home/fourfold/dev/inmind sessions/inmind-session-6/assignment_6/install/warehouse_interfaces/local/lib/python3.10/dist-packages/warehouse_interfaces/srv/__init__.py'...
[1.834s] Compiling '/home/fourfold/dev/inmind sessions/inmind-session-6/assignment_6/install/warehouse_interfaces/local/lib/python3.10/dist-packages/warehouse_interfaces/srv/_check_stock.py'...
[1.836s] -- Installing: /home/fourfold/dev/inmind sessions/inmind-session-6/assignment_6/install/warehouse_interfaces/local/lib/python3.10/dist-packages/warehouse_interfaces/warehouse_interfaces_s__rosidl_typesupport_fastrtps_c.cpython-310-x86_64-linux-gnu.so
[1.836s] -- Set runtime path of "/home/fourfold/dev/inmind sessions/inmind-session-6/assignment_6/install/warehouse_interfaces/local/lib/python3.10/dist-packages/warehouse_interfaces/warehouse_interfaces_s__rosidl_typesupport_fastrtps_c.cpython-310-x86_64-linux-gnu.so" to ""
[1.836s] -- Installing: /home/fourfold/dev/inmind sessions/inmind-session-6/assignment_6/install/warehouse_interfaces/local/lib/python3.10/dist-packages/warehouse_interfaces/warehouse_interfaces_s__rosidl_typesupport_introspection_c.cpython-310-x86_64-linux-gnu.so
[1.836s] -- Set runtime path of "/home/fourfold/dev/inmind sessions/inmind-session-6/assignment_6/install/warehouse_interfaces/local/lib/python3.10/dist-packages/warehouse_interfaces/warehouse_interfaces_s__rosidl_typesupport_introspection_c.cpython-310-x86_64-linux-gnu.so" to ""
[1.836s] -- Installing: /home/fourfold/dev/inmind sessions/inmind-session-6/assignment_6/install/warehouse_interfaces/local/lib/python3.10/dist-packages/warehouse_interfaces/warehouse_interfaces_s__rosidl_typesupport_c.cpython-310-x86_64-linux-gnu.so
[1.836s] -- Set runtime path of "/home/fourfold/dev/inmind sessions/inmind-session-6/assignment_6/install/warehouse_interfaces/local/lib/python3.10/dist-packages/warehouse_interfaces/warehouse_interfaces_s__rosidl_typesupport_c.cpython-310-x86_64-linux-gnu.so" to ""
[1.837s] -- Installing: /home/fourfold/dev/inmind sessions/inmind-session-6/assignment_6/install/warehouse_interfaces/lib/libwarehouse_interfaces__rosidl_generator_py.so
[1.837s] -- Set runtime path of "/home/fourfold/dev/inmind sessions/inmind-session-6/assignment_6/install/warehouse_interfaces/lib/libwarehouse_interfaces__rosidl_generator_py.so" to ""
[1.837s] -- Installing: /home/fourfold/dev/inmind sessions/inmind-session-6/assignment_6/install/warehouse_interfaces/share/warehouse_interfaces/srv/CheckStock.idl
[1.837s] -- Installing: /home/fourfold/dev/inmind sessions/inmind-session-6/assignment_6/install/warehouse_interfaces/share/warehouse_interfaces/srv/CheckStock.srv
[1.837s] -- Installing: /home/fourfold/dev/inmind sessions/inmind-session-6/assignment_6/install/warehouse_interfaces/share/warehouse_interfaces/srv/CheckStock_Request.msg
[1.837s] -- Installing: /home/fourfold/dev/inmind sessions/inmind-session-6/assignment_6/install/warehouse_interfaces/share/warehouse_interfaces/srv/CheckStock_Response.msg
[1.837s] -- Installing: /home/fourfold/dev/inmind sessions/inmind-session-6/assignment_6/install/warehouse_interfaces/share/ament_index/resource_index/package_run_dependencies/warehouse_interfaces
[1.837s] -- Installing: /home/fourfold/dev/inmind sessions/inmind-session-6/assignment_6/install/warehouse_interfaces/share/ament_index/resource_index/parent_prefix_path/warehouse_interfaces
[1.837s] -- Installing: /home/fourfold/dev/inmind sessions/inmind-session-6/assignment_6/install/warehouse_interfaces/share/warehouse_interfaces/environment/ament_prefix_path.sh
[1.837s] -- Installing: /home/fourfold/dev/inmind sessions/inmind-session-6/assignment_6/install/warehouse_interfaces/share/warehouse_interfaces/environment/ament_prefix_path.dsv
[1.837s] -- Installing: /home/fourfold/dev/inmind sessions/inmind-session-6/assignment_6/install/warehouse_interfaces/share/warehouse_interfaces/environment/path.sh
[1.837s] -- Installing: /home/fourfold/dev/inmind sessions/inmind-session-6/assignment_6/install/warehouse_interfaces/share/warehouse_interfaces/environment/path.dsv
[1.837s] -- Installing: /home/fourfold/dev/inmind sessions/inmind-session-6/assignment_6/install/warehouse_interfaces/share/warehouse_interfaces/local_setup.bash
[1.837s] -- Installing: /home/fourfold/dev/inmind sessions/inmind-session-6/assignment_6/install/warehouse_interfaces/share/warehouse_interfaces/local_setup.sh
[1.837s] -- Installing: /home/fourfold/dev/inmind sessions/inmind-session-6/assignment_6/install/warehouse_interfaces/share/warehouse_interfaces/local_setup.zsh
[1.837s] -- Installing: /home/fourfold/dev/inmind sessions/inmind-session-6/assignment_6/install/warehouse_interfaces/share/warehouse_interfaces/local_setup.dsv
[1.837s] -- Installing: /home/fourfold/dev/inmind sessions/inmind-session-6/assignment_6/install/warehouse_interfaces/share/warehouse_interfaces/package.dsv
[1.837s] -- Installing: /home/fourfold/dev/inmind sessions/inmind-session-6/assignment_6/install/warehouse_interfaces/share/ament_index/resource_index/packages/warehouse_interfaces
[1.837s] -- Installing: /home/fourfold/dev/inmind sessions/inmind-session-6/assignment_6/install/warehouse_interfaces/share/warehouse_interfaces/cmake/export_warehouse_interfaces__rosidl_generator_cExport.cmake
[1.837s] -- Installing: /home/fourfold/dev/inmind sessions/inmind-session-6/assignment_6/install/warehouse_interfaces/share/warehouse_interfaces/cmake/export_warehouse_interfaces__rosidl_generator_cExport-noconfig.cmake
[1.838s] -- Installing: /home/fourfold/dev/inmind sessions/inmind-session-6/assignment_6/install/warehouse_interfaces/share/warehouse_interfaces/cmake/export_warehouse_interfaces__rosidl_typesupport_fastrtps_cExport.cmake
[1.838s] -- Installing: /home/fourfold/dev/inmind sessions/inmind-session-6/assignment_6/install/warehouse_interfaces/share/warehouse_interfaces/cmake/export_warehouse_interfaces__rosidl_typesupport_fastrtps_cExport-noconfig.cmake
[1.838s] -- Installing: /home/fourfold/dev/inmind sessions/inmind-session-6/assignment_6/install/warehouse_interfaces/share/warehouse_interfaces/cmake/warehouse_interfaces__rosidl_typesupport_introspection_cExport.cmake
[1.838s] -- Installing: /home/fourfold/dev/inmind sessions/inmind-session-6/assignment_6/install/warehouse_interfaces/share/warehouse_interfaces/cmake/warehouse_interfaces__rosidl_typesupport_introspection_cExport-noconfig.cmake
[1.838s] -- Installing: /home/fourfold/dev/inmind sessions/inmind-session-6/assignment_6/install/warehouse_interfaces/share/warehouse_interfaces/cmake/warehouse_interfaces__rosidl_typesupport_cExport.cmake
[1.838s] -- Installing: /home/fourfold/dev/inmind sessions/inmind-session-6/assignment_6/install/warehouse_interfaces/share/warehouse_interfaces/cmake/warehouse_interfaces__rosidl_typesupport_cExport-noconfig.cmake
[1.838s] -- Installing: /home/fourfold/dev/inmind sessions/inmind-session-6/assignment_6/install/warehouse_interfaces/share/warehouse_interfaces/cmake/export_warehouse_interfaces__rosidl_generator_cppExport.cmake
[1.838s] -- Installing: /home/fourfold/dev/inmind sessions/inmind-session-6/assignment_6/install/warehouse_interfaces/share/warehouse_interfaces/cmake/export_warehouse_interfaces__rosidl_typesupport_fastrtps_cppExport.cmake
[1.838s] -- Installing: /home/fourfold/dev/inmind sessions/inmind-session-6/assignment_6/install/warehouse_interfaces/share/warehouse_interfaces/cmake/export_warehouse_interfaces__rosidl_typesupport_fastrtps_cppExport-noconfig.cmake
[1.838s] -- Installing: /home/fourfold/dev/inmind sessions/inmind-session-6/assignment_6/install/warehouse_interfaces/share/warehouse_interfaces/cmake/warehouse_interfaces__rosidl_typesupport_introspection_cppExport.cmake
[1.838s] -- Installing: /home/fourfold/dev/inmind sessions/inmind-session-6/assignment_6/install/warehouse_interfaces/share/warehouse_interfaces/cmake/warehouse_interfaces__rosidl_typesupport_introspection_cppExport-noconfig.cmake
[1.838s] -- Installing: /home/fourfold/dev/inmind sessions/inmind-session-6/assignment_6/install/warehouse_interfaces/share/warehouse_interfaces/cmake/warehouse_interfaces__rosidl_typesupport_cppExport.cmake
[1.838s] -- Installing: /home/fourfold/dev/inmind sessions/inmind-session-6/assignment_6/install/warehouse_interfaces/share/warehouse_interfaces/cmake/warehouse_interfaces__rosidl_typesupport_cppExport-noconfig.cmake
[1.838s] -- Installing: /home/fourfold/dev/inmind sessions/inmind-session-6/assignment_6/install/warehouse_interfaces/share/warehouse_interfaces/cmake/export_warehouse_interfaces__rosidl_generator_pyExport.cmake
[1.838s] -- Installing: /home/fourfold/dev/inmind sessions/inmind-session-6/assignment_6/install/warehouse_interfaces/share/warehouse_interfaces/cmake/export_warehouse_interfaces__rosidl_generator_pyExport-noconfig.cmake
[1.838s] -- Installing: /home/fourfold/dev/inmind sessions/inmind-session-6/assignment_6/install/warehouse_interfaces/share/warehouse_interfaces/cmake/rosidl_cmake-extras.cmake
[1.838s] -- Installing: /home/fourfold/dev/inmind sessions/inmind-session-6/assignment_6/install/warehouse_interfaces/share/warehouse_interfaces/cmake/ament_cmake_export_include_directories-extras.cmake
[1.838s] -- Installing: /home/fourfold/dev/inmind sessions/inmind-session-6/assignment_6/install/warehouse_interfaces/share/warehouse_interfaces/cmake/ament_cmake_export_libraries-extras.cmake
[1.838s] -- Installing: /home/fourfold/dev/inmind sessions/inmind-session-6/assignment_6/install/warehouse_interfaces/share/warehouse_interfaces/cmake/ament_cmake_export_targets-extras.cmake
[1.838s] -- Installing: /home/fourfold/dev/inmind sessions/inmind-session-6/assignment_6/install/warehouse_interfaces/share/warehouse_interfaces/cmake/rosidl_cmake_export_typesupport_targets-extras.cmake
[1.838s] -- Installing: /home/fourfold/dev/inmind sessions/inmind-session-6/assignment_6/install/warehouse_interfaces/share/warehouse_interfaces/cmake/ament_cmake_export_dependencies-extras.cmake
[1.838s] -- Installing: /home/fourfold/dev/inmind sessions/inmind-session-6/assignment_6/install/warehouse_interfaces/share/warehouse_interfaces/cmake/rosidl_cmake_export_typesupport_libraries-extras.cmake
[1.839s] -- Installing: /home/fourfold/dev/inmind sessions/inmind-session-6/assignment_6/install/warehouse_interfaces/share/warehouse_interfaces/cmake/warehouse_interfacesConfig.cmake
[1.839s] -- Installing: /home/fourfold/dev/inmind sessions/inmind-session-6/assignment_6/install/warehouse_interfaces/share/warehouse_interfaces/cmake/warehouse_interfacesConfig-version.cmake
[1.839s] -- Installing: /home/fourfold/dev/inmind sessions/inmind-session-6/assignment_6/install/warehouse_interfaces/share/warehouse_interfaces/package.xml
[1.840s] Invoked command in '/home/fourfold/dev/inmind sessions/inmind-session-6/assignment_6/build/warehouse_interfaces' returned '0': CMAKE_PREFIX_PATH=/opt/ros/humble /usr/bin/cmake --install /home/fourfold/dev/inmind sessions/inmind-session-6/assignment_6/build/warehouse_interfaces
