[0.008s] Invoking command in '/home/fourfold/dev/inmind sessions/inmind-session-6/assignment_6/build/warehouse_interfaces': CMAKE_PREFIX_PATH=${CMAKE_PREFIX_PATH}:/home/fourfold/dev/inmind sessions/inmind-session-6/assignment_6/install/warehouse_robot:/opt/ros/humble /usr/bin/cmake --build /home/fourfold/dev/inmind sessions/inmind-session-6/assignment_6/build/warehouse_interfaces -- -j16 -l16
[0.031s] [35m[1mConsolidate compiler generated dependencies of target warehouse_interfaces__rosidl_generator_c[0m
[0.036s] [  3%] Built target warehouse_interfaces__cpp
[0.036s] [ 12%] Built target warehouse_interfaces__rosidl_generator_c
[0.041s] [ 12%] Built target ament_cmake_python_copy_warehouse_interfaces
[0.042s] [35m[1mConsolidate compiler generated dependencies of target warehouse_interfaces__rosidl_typesupport_cpp[0m
[0.042s] [35m[1mConsolidate compiler generated dependencies of target warehouse_interfaces__rosidl_typesupport_introspection_cpp[0m
[0.042s] [35m[1mConsolidate compiler generated dependencies of target warehouse_interfaces__rosidl_typesupport_fastrtps_cpp[0m
[0.042s] [35m[1mConsolidate compiler generated dependencies of target warehouse_interfaces__rosidl_typesupport_c[0m
[0.044s] [35m[1mConsolidate compiler generated dependencies of target warehouse_interfaces__rosidl_typesupport_introspection_c[0m
[0.044s] [35m[1mConsolidate compiler generated dependencies of target warehouse_interfaces__rosidl_typesupport_fastrtps_c[0m
[0.048s] [ 22%] Built target warehouse_interfaces__rosidl_typesupport_c
[0.048s] [ 32%] Built target warehouse_interfaces__rosidl_typesupport_cpp
[0.048s] [ 41%] Built target warehouse_interfaces__rosidl_typesupport_introspection_cpp
[0.049s] [ 51%] Built target warehouse_interfaces__rosidl_typesupport_fastrtps_cpp
[0.052s] [ 61%] Built target warehouse_interfaces__rosidl_typesupport_introspection_c
[0.052s] [ 70%] Built target warehouse_interfaces__rosidl_typesupport_fastrtps_c
[0.064s] [ 70%] Built target warehouse_interfaces
[0.075s] [ 74%] Built target warehouse_interfaces__py
[0.081s] [35m[1mConsolidate compiler generated dependencies of target warehouse_interfaces__rosidl_generator_py[0m
[0.089s] [ 80%] Built target warehouse_interfaces__rosidl_generator_py
[0.095s] [35m[1mConsolidate compiler generated dependencies of target warehouse_interfaces__rosidl_typesupport_c__pyext[0m
[0.095s] [35m[1mConsolidate compiler generated dependencies of target warehouse_interfaces__rosidl_typesupport_fastrtps_c__pyext[0m
[0.095s] [35m[1mConsolidate compiler generated dependencies of target warehouse_interfaces__rosidl_typesupport_introspection_c__pyext[0m
[0.102s] [100%] Built target warehouse_interfaces__rosidl_typesupport_introspection_c__pyext
[0.103s] [100%] Built target warehouse_interfaces__rosidl_typesupport_fastrtps_c__pyext
[0.103s] [100%] Built target warehouse_interfaces__rosidl_typesupport_c__pyext
[0.165s] running egg_info
[0.165s] writing warehouse_interfaces.egg-info/PKG-INFO
[0.166s] writing dependency_links to warehouse_interfaces.egg-info/dependency_links.txt
[0.166s] writing top-level names to warehouse_interfaces.egg-info/top_level.txt
[0.167s] reading manifest file 'warehouse_interfaces.egg-info/SOURCES.txt'
[0.167s] writing manifest file 'warehouse_interfaces.egg-info/SOURCES.txt'
[0.182s] [100%] Built target ament_cmake_python_build_warehouse_interfaces_egg
[0.189s] Invoked command in '/home/fourfold/dev/inmind sessions/inmind-session-6/assignment_6/build/warehouse_interfaces' returned '0': CMAKE_PREFIX_PATH=${CMAKE_PREFIX_PATH}:/home/fourfold/dev/inmind sessions/inmind-session-6/assignment_6/install/warehouse_robot:/opt/ros/humble /usr/bin/cmake --build /home/fourfold/dev/inmind sessions/inmind-session-6/assignment_6/build/warehouse_interfaces -- -j16 -l16
[0.223s] Invoking command in '/home/fourfold/dev/inmind sessions/inmind-session-6/assignment_6/build/warehouse_interfaces': CMAKE_PREFIX_PATH=${CMAKE_PREFIX_PATH}:/home/fourfold/dev/inmind sessions/inmind-session-6/assignment_6/install/warehouse_robot:/opt/ros/humble /usr/bin/cmake --install /home/fourfold/dev/inmind sessions/inmind-session-6/assignment_6/build/warehouse_interfaces
[0.228s] -- Install configuration: ""
[0.228s] -- Up-to-date: /home/fourfold/dev/inmind sessions/inmind-session-6/assignment_6/install/warehouse_interfaces/share/ament_index/resource_index/rosidl_interfaces/warehouse_interfaces
[0.228s] -- Up-to-date: /home/fourfold/dev/inmind sessions/inmind-session-6/assignment_6/install/warehouse_interfaces/include/warehouse_interfaces/warehouse_interfaces
[0.228s] -- Up-to-date: /home/fourfold/dev/inmind sessions/inmind-session-6/assignment_6/install/warehouse_interfaces/include/warehouse_interfaces/warehouse_interfaces/msg
[0.228s] -- Up-to-date: /home/fourfold/dev/inmind sessions/inmind-session-6/assignment_6/install/warehouse_interfaces/include/warehouse_interfaces/warehouse_interfaces/msg/rosidl_generator_c__visibility_control.h
[0.228s] -- Up-to-date: /home/fourfold/dev/inmind sessions/inmind-session-6/assignment_6/install/warehouse_interfaces/include/warehouse_interfaces/warehouse_interfaces/srv
[0.228s] -- Up-to-date: /home/fourfold/dev/inmind sessions/inmind-session-6/assignment_6/install/warehouse_interfaces/include/warehouse_interfaces/warehouse_interfaces/srv/check_stock.h
[0.228s] -- Up-to-date: /home/fourfold/dev/inmind sessions/inmind-session-6/assignment_6/install/warehouse_interfaces/include/warehouse_interfaces/warehouse_interfaces/srv/detail
[0.228s] -- Up-to-date: /home/fourfold/dev/inmind sessions/inmind-session-6/assignment_6/install/warehouse_interfaces/include/warehouse_interfaces/warehouse_interfaces/srv/detail/check_stock__struct.h
[0.228s] -- Up-to-date: /home/fourfold/dev/inmind sessions/inmind-session-6/assignment_6/install/warehouse_interfaces/include/warehouse_interfaces/warehouse_interfaces/srv/detail/check_stock__functions.c
[0.228s] -- Up-to-date: /home/fourfold/dev/inmind sessions/inmind-session-6/assignment_6/install/warehouse_interfaces/include/warehouse_interfaces/warehouse_interfaces/srv/detail/check_stock__functions.h
[0.228s] -- Up-to-date: /home/fourfold/dev/inmind sessions/inmind-session-6/assignment_6/install/warehouse_interfaces/include/warehouse_interfaces/warehouse_interfaces/srv/detail/check_stock__type_support.h
[0.229s] -- Up-to-date: /home/fourfold/dev/inmind sessions/inmind-session-6/assignment_6/install/warehouse_interfaces/share/warehouse_interfaces/environment/library_path.sh
[0.229s] -- Up-to-date: /home/fourfold/dev/inmind sessions/inmind-session-6/assignment_6/install/warehouse_interfaces/share/warehouse_interfaces/environment/library_path.dsv
[0.229s] -- Up-to-date: /home/fourfold/dev/inmind sessions/inmind-session-6/assignment_6/install/warehouse_interfaces/lib/libwarehouse_interfaces__rosidl_generator_c.so
[0.229s] -- Up-to-date: /home/fourfold/dev/inmind sessions/inmind-session-6/assignment_6/install/warehouse_interfaces/include/warehouse_interfaces/warehouse_interfaces
[0.229s] -- Up-to-date: /home/fourfold/dev/inmind sessions/inmind-session-6/assignment_6/install/warehouse_interfaces/include/warehouse_interfaces/warehouse_interfaces/msg
[0.229s] -- Up-to-date: /home/fourfold/dev/inmind sessions/inmind-session-6/assignment_6/install/warehouse_interfaces/include/warehouse_interfaces/warehouse_interfaces/msg/rosidl_typesupport_fastrtps_c__visibility_control.h
[0.229s] -- Up-to-date: /home/fourfold/dev/inmind sessions/inmind-session-6/assignment_6/install/warehouse_interfaces/include/warehouse_interfaces/warehouse_interfaces/srv
[0.229s] -- Up-to-date: /home/fourfold/dev/inmind sessions/inmind-session-6/assignment_6/install/warehouse_interfaces/include/warehouse_interfaces/warehouse_interfaces/srv/detail
[0.229s] -- Up-to-date: /home/fourfold/dev/inmind sessions/inmind-session-6/assignment_6/install/warehouse_interfaces/include/warehouse_interfaces/warehouse_interfaces/srv/detail/check_stock__rosidl_typesupport_fastrtps_c.h
[0.229s] -- Up-to-date: /home/fourfold/dev/inmind sessions/inmind-session-6/assignment_6/install/warehouse_interfaces/lib/libwarehouse_interfaces__rosidl_typesupport_fastrtps_c.so
[0.229s] -- Up-to-date: /home/fourfold/dev/inmind sessions/inmind-session-6/assignment_6/install/warehouse_interfaces/include/warehouse_interfaces/warehouse_interfaces
[0.229s] -- Up-to-date: /home/fourfold/dev/inmind sessions/inmind-session-6/assignment_6/install/warehouse_interfaces/include/warehouse_interfaces/warehouse_interfaces/msg
[0.229s] -- Up-to-date: /home/fourfold/dev/inmind sessions/inmind-session-6/assignment_6/install/warehouse_interfaces/include/warehouse_interfaces/warehouse_interfaces/msg/rosidl_typesupport_introspection_c__visibility_control.h
[0.229s] -- Up-to-date: /home/fourfold/dev/inmind sessions/inmind-session-6/assignment_6/install/warehouse_interfaces/include/warehouse_interfaces/warehouse_interfaces/srv
[0.229s] -- Up-to-date: /home/fourfold/dev/inmind sessions/inmind-session-6/assignment_6/install/warehouse_interfaces/include/warehouse_interfaces/warehouse_interfaces/srv/detail
[0.230s] -- Up-to-date: /home/fourfold/dev/inmind sessions/inmind-session-6/assignment_6/install/warehouse_interfaces/include/warehouse_interfaces/warehouse_interfaces/srv/detail/check_stock__type_support.c
[0.230s] -- Up-to-date: /home/fourfold/dev/inmind sessions/inmind-session-6/assignment_6/install/warehouse_interfaces/include/warehouse_interfaces/warehouse_interfaces/srv/detail/check_stock__rosidl_typesupport_introspection_c.h
[0.230s] -- Up-to-date: /home/fourfold/dev/inmind sessions/inmind-session-6/assignment_6/install/warehouse_interfaces/lib/libwarehouse_interfaces__rosidl_typesupport_introspection_c.so
[0.230s] -- Up-to-date: /home/fourfold/dev/inmind sessions/inmind-session-6/assignment_6/install/warehouse_interfaces/lib/libwarehouse_interfaces__rosidl_typesupport_c.so
[0.230s] -- Up-to-date: /home/fourfold/dev/inmind sessions/inmind-session-6/assignment_6/install/warehouse_interfaces/include/warehouse_interfaces/warehouse_interfaces
[0.230s] -- Up-to-date: /home/fourfold/dev/inmind sessions/inmind-session-6/assignment_6/install/warehouse_interfaces/include/warehouse_interfaces/warehouse_interfaces/srv
[0.230s] -- Up-to-date: /home/fourfold/dev/inmind sessions/inmind-session-6/assignment_6/install/warehouse_interfaces/include/warehouse_interfaces/warehouse_interfaces/srv/check_stock.hpp
[0.230s] -- Up-to-date: /home/fourfold/dev/inmind sessions/inmind-session-6/assignment_6/install/warehouse_interfaces/include/warehouse_interfaces/warehouse_interfaces/srv/detail
[0.230s] -- Up-to-date: /home/fourfold/dev/inmind sessions/inmind-session-6/assignment_6/install/warehouse_interfaces/include/warehouse_interfaces/warehouse_interfaces/srv/detail/check_stock__builder.hpp
[0.230s] -- Up-to-date: /home/fourfold/dev/inmind sessions/inmind-session-6/assignment_6/install/warehouse_interfaces/include/warehouse_interfaces/warehouse_interfaces/srv/detail/check_stock__struct.hpp
[0.230s] -- Up-to-date: /home/fourfold/dev/inmind sessions/inmind-session-6/assignment_6/install/warehouse_interfaces/include/warehouse_interfaces/warehouse_interfaces/srv/detail/check_stock__traits.hpp
[0.230s] -- Up-to-date: /home/fourfold/dev/inmind sessions/inmind-session-6/assignment_6/install/warehouse_interfaces/include/warehouse_interfaces/warehouse_interfaces
[0.230s] -- Up-to-date: /home/fourfold/dev/inmind sessions/inmind-session-6/assignment_6/install/warehouse_interfaces/include/warehouse_interfaces/warehouse_interfaces/msg
[0.230s] -- Up-to-date: /home/fourfold/dev/inmind sessions/inmind-session-6/assignment_6/install/warehouse_interfaces/include/warehouse_interfaces/warehouse_interfaces/msg/rosidl_typesupport_fastrtps_cpp__visibility_control.h
[0.230s] -- Up-to-date: /home/fourfold/dev/inmind sessions/inmind-session-6/assignment_6/install/warehouse_interfaces/include/warehouse_interfaces/warehouse_interfaces/srv
[0.230s] -- Up-to-date: /home/fourfold/dev/inmind sessions/inmind-session-6/assignment_6/install/warehouse_interfaces/include/warehouse_interfaces/warehouse_interfaces/srv/detail
[0.230s] -- Up-to-date: /home/fourfold/dev/inmind sessions/inmind-session-6/assignment_6/install/warehouse_interfaces/include/warehouse_interfaces/warehouse_interfaces/srv/detail/dds_fastrtps
[0.230s] -- Up-to-date: /home/fourfold/dev/inmind sessions/inmind-session-6/assignment_6/install/warehouse_interfaces/include/warehouse_interfaces/warehouse_interfaces/srv/detail/check_stock__rosidl_typesupport_fastrtps_cpp.hpp
[0.230s] -- Up-to-date: /home/fourfold/dev/inmind sessions/inmind-session-6/assignment_6/install/warehouse_interfaces/lib/libwarehouse_interfaces__rosidl_typesupport_fastrtps_cpp.so
[0.230s] -- Up-to-date: /home/fourfold/dev/inmind sessions/inmind-session-6/assignment_6/install/warehouse_interfaces/include/warehouse_interfaces/warehouse_interfaces
[0.230s] -- Up-to-date: /home/fourfold/dev/inmind sessions/inmind-session-6/assignment_6/install/warehouse_interfaces/include/warehouse_interfaces/warehouse_interfaces/srv
[0.230s] -- Up-to-date: /home/fourfold/dev/inmind sessions/inmind-session-6/assignment_6/install/warehouse_interfaces/include/warehouse_interfaces/warehouse_interfaces/srv/detail
[0.230s] -- Up-to-date: /home/fourfold/dev/inmind sessions/inmind-session-6/assignment_6/install/warehouse_interfaces/include/warehouse_interfaces/warehouse_interfaces/srv/detail/check_stock__type_support.cpp
[0.230s] -- Up-to-date: /home/fourfold/dev/inmind sessions/inmind-session-6/assignment_6/install/warehouse_interfaces/include/warehouse_interfaces/warehouse_interfaces/srv/detail/check_stock__rosidl_typesupport_introspection_cpp.hpp
[0.230s] -- Up-to-date: /home/fourfold/dev/inmind sessions/inmind-session-6/assignment_6/install/warehouse_interfaces/lib/libwarehouse_interfaces__rosidl_typesupport_introspection_cpp.so
[0.230s] -- Up-to-date: /home/fourfold/dev/inmind sessions/inmind-session-6/assignment_6/install/warehouse_interfaces/lib/libwarehouse_interfaces__rosidl_typesupport_cpp.so
[0.230s] -- Up-to-date: /home/fourfold/dev/inmind sessions/inmind-session-6/assignment_6/install/warehouse_interfaces/share/warehouse_interfaces/environment/pythonpath.sh
[0.230s] -- Up-to-date: /home/fourfold/dev/inmind sessions/inmind-session-6/assignment_6/install/warehouse_interfaces/share/warehouse_interfaces/environment/pythonpath.dsv
[0.230s] -- Up-to-date: /home/fourfold/dev/inmind sessions/inmind-session-6/assignment_6/install/warehouse_interfaces/local/lib/python3.10/dist-packages/warehouse_interfaces-0.0.0-py3.10.egg-info
[0.230s] -- Installing: /home/fourfold/dev/inmind sessions/inmind-session-6/assignment_6/install/warehouse_interfaces/local/lib/python3.10/dist-packages/warehouse_interfaces-0.0.0-py3.10.egg-info/SOURCES.txt
[0.230s] -- Installing: /home/fourfold/dev/inmind sessions/inmind-session-6/assignment_6/install/warehouse_interfaces/local/lib/python3.10/dist-packages/warehouse_interfaces-0.0.0-py3.10.egg-info/top_level.txt
[0.230s] -- Installing: /home/fourfold/dev/inmind sessions/inmind-session-6/assignment_6/install/warehouse_interfaces/local/lib/python3.10/dist-packages/warehouse_interfaces-0.0.0-py3.10.egg-info/PKG-INFO
[0.230s] -- Installing: /home/fourfold/dev/inmind sessions/inmind-session-6/assignment_6/install/warehouse_interfaces/local/lib/python3.10/dist-packages/warehouse_interfaces-0.0.0-py3.10.egg-info/dependency_links.txt
[0.230s] -- Up-to-date: /home/fourfold/dev/inmind sessions/inmind-session-6/assignment_6/install/warehouse_interfaces/local/lib/python3.10/dist-packages/warehouse_interfaces
[0.230s] -- Up-to-date: /home/fourfold/dev/inmind sessions/inmind-session-6/assignment_6/install/warehouse_interfaces/local/lib/python3.10/dist-packages/warehouse_interfaces/_warehouse_interfaces_s.ep.rosidl_typesupport_c.c
[0.230s] -- Up-to-date: /home/fourfold/dev/inmind sessions/inmind-session-6/assignment_6/install/warehouse_interfaces/local/lib/python3.10/dist-packages/warehouse_interfaces/warehouse_interfaces_s__rosidl_typesupport_fastrtps_c.cpython-310-x86_64-linux-gnu.so
[0.230s] -- Up-to-date: /home/fourfold/dev/inmind sessions/inmind-session-6/assignment_6/install/warehouse_interfaces/local/lib/python3.10/dist-packages/warehouse_interfaces/warehouse_interfaces_s__rosidl_typesupport_c.cpython-310-x86_64-linux-gnu.so
[0.230s] -- Up-to-date: /home/fourfold/dev/inmind sessions/inmind-session-6/assignment_6/install/warehouse_interfaces/local/lib/python3.10/dist-packages/warehouse_interfaces/_warehouse_interfaces_s.ep.rosidl_typesupport_fastrtps_c.c
[0.230s] -- Up-to-date: /home/fourfold/dev/inmind sessions/inmind-session-6/assignment_6/install/warehouse_interfaces/local/lib/python3.10/dist-packages/warehouse_interfaces/srv
[0.230s] -- Up-to-date: /home/fourfold/dev/inmind sessions/inmind-session-6/assignment_6/install/warehouse_interfaces/local/lib/python3.10/dist-packages/warehouse_interfaces/srv/_check_stock.py
[0.231s] -- Up-to-date: /home/fourfold/dev/inmind sessions/inmind-session-6/assignment_6/install/warehouse_interfaces/local/lib/python3.10/dist-packages/warehouse_interfaces/srv/_check_stock_s.c
[0.231s] -- Up-to-date: /home/fourfold/dev/inmind sessions/inmind-session-6/assignment_6/install/warehouse_interfaces/local/lib/python3.10/dist-packages/warehouse_interfaces/srv/__init__.py
[0.231s] -- Up-to-date: /home/fourfold/dev/inmind sessions/inmind-session-6/assignment_6/install/warehouse_interfaces/local/lib/python3.10/dist-packages/warehouse_interfaces/libwarehouse_interfaces__rosidl_generator_py.so
[0.231s] -- Up-to-date: /home/fourfold/dev/inmind sessions/inmind-session-6/assignment_6/install/warehouse_interfaces/local/lib/python3.10/dist-packages/warehouse_interfaces/__init__.py
[0.231s] -- Up-to-date: /home/fourfold/dev/inmind sessions/inmind-session-6/assignment_6/install/warehouse_interfaces/local/lib/python3.10/dist-packages/warehouse_interfaces/_warehouse_interfaces_s.ep.rosidl_typesupport_introspection_c.c
[0.231s] -- Up-to-date: /home/fourfold/dev/inmind sessions/inmind-session-6/assignment_6/install/warehouse_interfaces/local/lib/python3.10/dist-packages/warehouse_interfaces/warehouse_interfaces_s__rosidl_typesupport_introspection_c.cpython-310-x86_64-linux-gnu.so
[0.246s] Listing '/home/fourfold/dev/inmind sessions/inmind-session-6/assignment_6/install/warehouse_interfaces/local/lib/python3.10/dist-packages/warehouse_interfaces'...
[0.246s] Listing '/home/fourfold/dev/inmind sessions/inmind-session-6/assignment_6/install/warehouse_interfaces/local/lib/python3.10/dist-packages/warehouse_interfaces/srv'...
[0.249s] -- Up-to-date: /home/fourfold/dev/inmind sessions/inmind-session-6/assignment_6/install/warehouse_interfaces/local/lib/python3.10/dist-packages/warehouse_interfaces/warehouse_interfaces_s__rosidl_typesupport_fastrtps_c.cpython-310-x86_64-linux-gnu.so
[0.249s] -- Up-to-date: /home/fourfold/dev/inmind sessions/inmind-session-6/assignment_6/install/warehouse_interfaces/local/lib/python3.10/dist-packages/warehouse_interfaces/warehouse_interfaces_s__rosidl_typesupport_introspection_c.cpython-310-x86_64-linux-gnu.so
[0.249s] -- Up-to-date: /home/fourfold/dev/inmind sessions/inmind-session-6/assignment_6/install/warehouse_interfaces/local/lib/python3.10/dist-packages/warehouse_interfaces/warehouse_interfaces_s__rosidl_typesupport_c.cpython-310-x86_64-linux-gnu.so
[0.249s] -- Up-to-date: /home/fourfold/dev/inmind sessions/inmind-session-6/assignment_6/install/warehouse_interfaces/lib/libwarehouse_interfaces__rosidl_generator_py.so
[0.249s] -- Up-to-date: /home/fourfold/dev/inmind sessions/inmind-session-6/assignment_6/install/warehouse_interfaces/share/warehouse_interfaces/srv/CheckStock.idl
[0.249s] -- Up-to-date: /home/fourfold/dev/inmind sessions/inmind-session-6/assignment_6/install/warehouse_interfaces/share/warehouse_interfaces/srv/CheckStock.srv
[0.249s] -- Up-to-date: /home/fourfold/dev/inmind sessions/inmind-session-6/assignment_6/install/warehouse_interfaces/share/warehouse_interfaces/srv/CheckStock_Request.msg
[0.249s] -- Up-to-date: /home/fourfold/dev/inmind sessions/inmind-session-6/assignment_6/install/warehouse_interfaces/share/warehouse_interfaces/srv/CheckStock_Response.msg
[0.249s] -- Up-to-date: /home/fourfold/dev/inmind sessions/inmind-session-6/assignment_6/install/warehouse_interfaces/share/ament_index/resource_index/package_run_dependencies/warehouse_interfaces
[0.249s] -- Up-to-date: /home/fourfold/dev/inmind sessions/inmind-session-6/assignment_6/install/warehouse_interfaces/share/ament_index/resource_index/parent_prefix_path/warehouse_interfaces
[0.249s] -- Up-to-date: /home/fourfold/dev/inmind sessions/inmind-session-6/assignment_6/install/warehouse_interfaces/share/warehouse_interfaces/environment/ament_prefix_path.sh
[0.249s] -- Up-to-date: /home/fourfold/dev/inmind sessions/inmind-session-6/assignment_6/install/warehouse_interfaces/share/warehouse_interfaces/environment/ament_prefix_path.dsv
[0.249s] -- Up-to-date: /home/fourfold/dev/inmind sessions/inmind-session-6/assignment_6/install/warehouse_interfaces/share/warehouse_interfaces/environment/path.sh
[0.249s] -- Up-to-date: /home/fourfold/dev/inmind sessions/inmind-session-6/assignment_6/install/warehouse_interfaces/share/warehouse_interfaces/environment/path.dsv
[0.249s] -- Up-to-date: /home/fourfold/dev/inmind sessions/inmind-session-6/assignment_6/install/warehouse_interfaces/share/warehouse_interfaces/local_setup.bash
[0.249s] -- Up-to-date: /home/fourfold/dev/inmind sessions/inmind-session-6/assignment_6/install/warehouse_interfaces/share/warehouse_interfaces/local_setup.sh
[0.250s] -- Up-to-date: /home/fourfold/dev/inmind sessions/inmind-session-6/assignment_6/install/warehouse_interfaces/share/warehouse_interfaces/local_setup.zsh
[0.250s] -- Up-to-date: /home/fourfold/dev/inmind sessions/inmind-session-6/assignment_6/install/warehouse_interfaces/share/warehouse_interfaces/local_setup.dsv
[0.250s] -- Installing: /home/fourfold/dev/inmind sessions/inmind-session-6/assignment_6/install/warehouse_interfaces/share/warehouse_interfaces/package.dsv
[0.250s] -- Up-to-date: /home/fourfold/dev/inmind sessions/inmind-session-6/assignment_6/install/warehouse_interfaces/share/ament_index/resource_index/packages/warehouse_interfaces
[0.250s] -- Up-to-date: /home/fourfold/dev/inmind sessions/inmind-session-6/assignment_6/install/warehouse_interfaces/share/warehouse_interfaces/cmake/export_warehouse_interfaces__rosidl_generator_cExport.cmake
[0.250s] -- Up-to-date: /home/fourfold/dev/inmind sessions/inmind-session-6/assignment_6/install/warehouse_interfaces/share/warehouse_interfaces/cmake/export_warehouse_interfaces__rosidl_generator_cExport-noconfig.cmake
[0.250s] -- Up-to-date: /home/fourfold/dev/inmind sessions/inmind-session-6/assignment_6/install/warehouse_interfaces/share/warehouse_interfaces/cmake/export_warehouse_interfaces__rosidl_typesupport_fastrtps_cExport.cmake
[0.250s] -- Up-to-date: /home/fourfold/dev/inmind sessions/inmind-session-6/assignment_6/install/warehouse_interfaces/share/warehouse_interfaces/cmake/export_warehouse_interfaces__rosidl_typesupport_fastrtps_cExport-noconfig.cmake
[0.250s] -- Up-to-date: /home/fourfold/dev/inmind sessions/inmind-session-6/assignment_6/install/warehouse_interfaces/share/warehouse_interfaces/cmake/warehouse_interfaces__rosidl_typesupport_introspection_cExport.cmake
[0.250s] -- Up-to-date: /home/fourfold/dev/inmind sessions/inmind-session-6/assignment_6/install/warehouse_interfaces/share/warehouse_interfaces/cmake/warehouse_interfaces__rosidl_typesupport_introspection_cExport-noconfig.cmake
[0.250s] -- Up-to-date: /home/fourfold/dev/inmind sessions/inmind-session-6/assignment_6/install/warehouse_interfaces/share/warehouse_interfaces/cmake/warehouse_interfaces__rosidl_typesupport_cExport.cmake
[0.250s] -- Up-to-date: /home/fourfold/dev/inmind sessions/inmind-session-6/assignment_6/install/warehouse_interfaces/share/warehouse_interfaces/cmake/warehouse_interfaces__rosidl_typesupport_cExport-noconfig.cmake
[0.250s] -- Up-to-date: /home/fourfold/dev/inmind sessions/inmind-session-6/assignment_6/install/warehouse_interfaces/share/warehouse_interfaces/cmake/export_warehouse_interfaces__rosidl_generator_cppExport.cmake
[0.250s] -- Up-to-date: /home/fourfold/dev/inmind sessions/inmind-session-6/assignment_6/install/warehouse_interfaces/share/warehouse_interfaces/cmake/export_warehouse_interfaces__rosidl_typesupport_fastrtps_cppExport.cmake
[0.250s] -- Up-to-date: /home/fourfold/dev/inmind sessions/inmind-session-6/assignment_6/install/warehouse_interfaces/share/warehouse_interfaces/cmake/export_warehouse_interfaces__rosidl_typesupport_fastrtps_cppExport-noconfig.cmake
[0.250s] -- Up-to-date: /home/fourfold/dev/inmind sessions/inmind-session-6/assignment_6/install/warehouse_interfaces/share/warehouse_interfaces/cmake/warehouse_interfaces__rosidl_typesupport_introspection_cppExport.cmake
[0.250s] -- Up-to-date: /home/fourfold/dev/inmind sessions/inmind-session-6/assignment_6/install/warehouse_interfaces/share/warehouse_interfaces/cmake/warehouse_interfaces__rosidl_typesupport_introspection_cppExport-noconfig.cmake
[0.250s] -- Up-to-date: /home/fourfold/dev/inmind sessions/inmind-session-6/assignment_6/install/warehouse_interfaces/share/warehouse_interfaces/cmake/warehouse_interfaces__rosidl_typesupport_cppExport.cmake
[0.250s] -- Up-to-date: /home/fourfold/dev/inmind sessions/inmind-session-6/assignment_6/install/warehouse_interfaces/share/warehouse_interfaces/cmake/warehouse_interfaces__rosidl_typesupport_cppExport-noconfig.cmake
[0.250s] -- Up-to-date: /home/fourfold/dev/inmind sessions/inmind-session-6/assignment_6/install/warehouse_interfaces/share/warehouse_interfaces/cmake/export_warehouse_interfaces__rosidl_generator_pyExport.cmake
[0.250s] -- Up-to-date: /home/fourfold/dev/inmind sessions/inmind-session-6/assignment_6/install/warehouse_interfaces/share/warehouse_interfaces/cmake/export_warehouse_interfaces__rosidl_generator_pyExport-noconfig.cmake
[0.250s] -- Up-to-date: /home/fourfold/dev/inmind sessions/inmind-session-6/assignment_6/install/warehouse_interfaces/share/warehouse_interfaces/cmake/rosidl_cmake-extras.cmake
[0.250s] -- Up-to-date: /home/fourfold/dev/inmind sessions/inmind-session-6/assignment_6/install/warehouse_interfaces/share/warehouse_interfaces/cmake/ament_cmake_export_include_directories-extras.cmake
[0.250s] -- Up-to-date: /home/fourfold/dev/inmind sessions/inmind-session-6/assignment_6/install/warehouse_interfaces/share/warehouse_interfaces/cmake/ament_cmake_export_libraries-extras.cmake
[0.250s] -- Up-to-date: /home/fourfold/dev/inmind sessions/inmind-session-6/assignment_6/install/warehouse_interfaces/share/warehouse_interfaces/cmake/ament_cmake_export_targets-extras.cmake
[0.250s] -- Up-to-date: /home/fourfold/dev/inmind sessions/inmind-session-6/assignment_6/install/warehouse_interfaces/share/warehouse_interfaces/cmake/rosidl_cmake_export_typesupport_targets-extras.cmake
[0.250s] -- Up-to-date: /home/fourfold/dev/inmind sessions/inmind-session-6/assignment_6/install/warehouse_interfaces/share/warehouse_interfaces/cmake/ament_cmake_export_dependencies-extras.cmake
[0.250s] -- Up-to-date: /home/fourfold/dev/inmind sessions/inmind-session-6/assignment_6/install/warehouse_interfaces/share/warehouse_interfaces/cmake/rosidl_cmake_export_typesupport_libraries-extras.cmake
[0.250s] -- Up-to-date: /home/fourfold/dev/inmind sessions/inmind-session-6/assignment_6/install/warehouse_interfaces/share/warehouse_interfaces/cmake/warehouse_interfacesConfig.cmake
[0.250s] -- Up-to-date: /home/fourfold/dev/inmind sessions/inmind-session-6/assignment_6/install/warehouse_interfaces/share/warehouse_interfaces/cmake/warehouse_interfacesConfig-version.cmake
[0.250s] -- Up-to-date: /home/fourfold/dev/inmind sessions/inmind-session-6/assignment_6/install/warehouse_interfaces/share/warehouse_interfaces/package.xml
[0.252s] Invoked command in '/home/fourfold/dev/inmind sessions/inmind-session-6/assignment_6/build/warehouse_interfaces' returned '0': CMAKE_PREFIX_PATH=${CMAKE_PREFIX_PATH}:/home/fourfold/dev/inmind sessions/inmind-session-6/assignment_6/install/warehouse_robot:/opt/ros/humble /usr/bin/cmake --install /home/fourfold/dev/inmind sessions/inmind-session-6/assignment_6/build/warehouse_interfaces
