running egg_info
creating ../../build/warehouse_robot/warehouse_robot.egg-info
writing ../../build/warehouse_robot/warehouse_robot.egg-info/PKG-INFO
writing dependency_links to ../../build/warehouse_robot/warehouse_robot.egg-info/dependency_links.txt
writing entry points to ../../build/warehouse_robot/warehouse_robot.egg-info/entry_points.txt
writing requirements to ../../build/warehouse_robot/warehouse_robot.egg-info/requires.txt
writing top-level names to ../../build/warehouse_robot/warehouse_robot.egg-info/top_level.txt
writing manifest file '../../build/warehouse_robot/warehouse_robot.egg-info/SOURCES.txt'
reading manifest file '../../build/warehouse_robot/warehouse_robot.egg-info/SOURCES.txt'
writing manifest file '../../build/warehouse_robot/warehouse_robot.egg-info/SOURCES.txt'
running build
running build_py
creating /home/fourfold/dev/inmind sessions/inmind-session-6/inmind-assignment6-firas/build/warehouse_robot/build
creating /home/fourfold/dev/inmind sessions/inmind-session-6/inmind-assignment6-firas/build/warehouse_robot/build/lib
creating /home/fourfold/dev/inmind sessions/inmind-session-6/inmind-assignment6-firas/build/warehouse_robot/build/lib/warehouse_robot
copying warehouse_robot/check_stock_server.py -> /home/fourfold/dev/inmind sessions/inmind-session-6/inmind-assignment6-firas/build/warehouse_robot/build/lib/warehouse_robot
copying warehouse_robot/check_stock_client.py -> /home/fourfold/dev/inmind sessions/inmind-session-6/inmind-assignment6-firas/build/warehouse_robot/build/lib/warehouse_robot
copying warehouse_robot/__init__.py -> /home/fourfold/dev/inmind sessions/inmind-session-6/inmind-assignment6-firas/build/warehouse_robot/build/lib/warehouse_robot
running install
running install_lib
running install_data
running install_egg_info
removing '/home/fourfold/dev/inmind sessions/inmind-session-6/inmind-assignment6-firas/install/warehouse_robot/lib/python3.10/site-packages/warehouse_robot-0.0.0-py3.10.egg-info' (and everything under it)
Copying ../../build/warehouse_robot/warehouse_robot.egg-info to /home/fourfold/dev/inmind sessions/inmind-session-6/inmind-assignment6-firas/install/warehouse_robot/lib/python3.10/site-packages/warehouse_robot-0.0.0-py3.10.egg-info
running install_scripts
Installing stock_client script to /home/fourfold/dev/inmind sessions/inmind-session-6/inmind-assignment6-firas/install/warehouse_robot/lib/warehouse_robot
Installing stock_server script to /home/fourfold/dev/inmind sessions/inmind-session-6/inmind-assignment6-firas/install/warehouse_robot/lib/warehouse_robot
writing list of installed files to '/home/fourfold/dev/inmind sessions/inmind-session-6/inmind-assignment6-firas/build/warehouse_robot/install.log'
