[0.299s] Invoking command in '/home/fourfold/dev/inmind sessions/inmind-session-6/inmind-assignment6-firas/src/warehouse_robot': PYTHONPATH=/home/fourfold/dev/inmind sessions/inmind-session-6/inmind-assignment6-firas/build/warehouse_robot/prefix_override:/usr/lib/python3/dist-packages/colcon_core/task/python/colcon_distutils_commands:/home/fourfold/dev/inmind sessions/inmind-session-6/inmind-assignment6-firas/install/warehouse_robot/lib/python3.10/site-packages:${PYTHONPATH} /usr/bin/python3 -W ignore:setup.py install is deprecated setup.py egg_info --egg-base ../../build/warehouse_robot build --build-base /home/fourfold/dev/inmind sessions/inmind-session-6/inmind-assignment6-firas/build/warehouse_robot/build install --record /home/fourfold/dev/inmind sessions/inmind-session-6/inmind-assignment6-firas/build/warehouse_robot/install.log --single-version-externally-managed install_data
[0.417s] running egg_info
[0.417s] creating ../../build/warehouse_robot/warehouse_robot.egg-info
[0.417s] writing ../../build/warehouse_robot/warehouse_robot.egg-info/PKG-INFO
[0.417s] writing dependency_links to ../../build/warehouse_robot/warehouse_robot.egg-info/dependency_links.txt
[0.417s] writing entry points to ../../build/warehouse_robot/warehouse_robot.egg-info/entry_points.txt
[0.417s] writing requirements to ../../build/warehouse_robot/warehouse_robot.egg-info/requires.txt
[0.417s] writing top-level names to ../../build/warehouse_robot/warehouse_robot.egg-info/top_level.txt
[0.417s] writing manifest file '../../build/warehouse_robot/warehouse_robot.egg-info/SOURCES.txt'
[0.418s] reading manifest file '../../build/warehouse_robot/warehouse_robot.egg-info/SOURCES.txt'
[0.418s] writing manifest file '../../build/warehouse_robot/warehouse_robot.egg-info/SOURCES.txt'
[0.418s] running build
[0.418s] running build_py
[0.418s] creating /home/fourfold/dev/inmind sessions/inmind-session-6/inmind-assignment6-firas/build/warehouse_robot/build
[0.418s] creating /home/fourfold/dev/inmind sessions/inmind-session-6/inmind-assignment6-firas/build/warehouse_robot/build/lib
[0.418s] creating /home/fourfold/dev/inmind sessions/inmind-session-6/inmind-assignment6-firas/build/warehouse_robot/build/lib/warehouse_robot
[0.418s] copying warehouse_robot/check_stock_server.py -> /home/fourfold/dev/inmind sessions/inmind-session-6/inmind-assignment6-firas/build/warehouse_robot/build/lib/warehouse_robot
[0.418s] copying warehouse_robot/check_stock_client.py -> /home/fourfold/dev/inmind sessions/inmind-session-6/inmind-assignment6-firas/build/warehouse_robot/build/lib/warehouse_robot
[0.419s] copying warehouse_robot/__init__.py -> /home/fourfold/dev/inmind sessions/inmind-session-6/inmind-assignment6-firas/build/warehouse_robot/build/lib/warehouse_robot
[0.419s] running install
[0.419s] running install_lib
[0.419s] running install_data
[0.419s] running install_egg_info
[0.420s] removing '/home/fourfold/dev/inmind sessions/inmind-session-6/inmind-assignment6-firas/install/warehouse_robot/lib/python3.10/site-packages/warehouse_robot-0.0.0-py3.10.egg-info' (and everything under it)
[0.420s] Copying ../../build/warehouse_robot/warehouse_robot.egg-info to /home/fourfold/dev/inmind sessions/inmind-session-6/inmind-assignment6-firas/install/warehouse_robot/lib/python3.10/site-packages/warehouse_robot-0.0.0-py3.10.egg-info
[0.421s] running install_scripts
[0.433s] Installing stock_client script to /home/fourfold/dev/inmind sessions/inmind-session-6/inmind-assignment6-firas/install/warehouse_robot/lib/warehouse_robot
[0.433s] Installing stock_server script to /home/fourfold/dev/inmind sessions/inmind-session-6/inmind-assignment6-firas/install/warehouse_robot/lib/warehouse_robot
[0.433s] writing list of installed files to '/home/fourfold/dev/inmind sessions/inmind-session-6/inmind-assignment6-firas/build/warehouse_robot/install.log'
[0.446s] Invoked command in '/home/fourfold/dev/inmind sessions/inmind-session-6/inmind-assignment6-firas/src/warehouse_robot' returned '0': PYTHONPATH=/home/fourfold/dev/inmind sessions/inmind-session-6/inmind-assignment6-firas/build/warehouse_robot/prefix_override:/usr/lib/python3/dist-packages/colcon_core/task/python/colcon_distutils_commands:/home/fourfold/dev/inmind sessions/inmind-session-6/inmind-assignment6-firas/install/warehouse_robot/lib/python3.10/site-packages:${PYTHONPATH} /usr/bin/python3 -W ignore:setup.py install is deprecated setup.py egg_info --egg-base ../../build/warehouse_robot build --build-base /home/fourfold/dev/inmind sessions/inmind-session-6/inmind-assignment6-firas/build/warehouse_robot/build install --record /home/fourfold/dev/inmind sessions/inmind-session-6/inmind-assignment6-firas/build/warehouse_robot/install.log --single-version-externally-managed install_data
