running egg_info
creating ../build/warehouse_robot/warehouse_robot.egg-info
writing ../build/warehouse_robot/warehouse_robot.egg-info/PKG-INFO
writing dependency_links to ../build/warehouse_robot/warehouse_robot.egg-info/dependency_links.txt
writing entry points to ../build/warehouse_robot/warehouse_robot.egg-info/entry_points.txt
writing requirements to ../build/warehouse_robot/warehouse_robot.egg-info/requires.txt
writing top-level names to ../build/warehouse_robot/warehouse_robot.egg-info/top_level.txt
writing manifest file '../build/warehouse_robot/warehouse_robot.egg-info/SOURCES.txt'
reading manifest file '../build/warehouse_robot/warehouse_robot.egg-info/SOURCES.txt'
writing manifest file '../build/warehouse_robot/warehouse_robot.egg-info/SOURCES.txt'
running build
running build_py
creating /home/fourfold/dev/inmind sessions/inmind-session-6/assignment_6/src/build/warehouse_robot/build
creating /home/fourfold/dev/inmind sessions/inmind-session-6/assignment_6/src/build/warehouse_robot/build/lib
creating /home/fourfold/dev/inmind sessions/inmind-session-6/assignment_6/src/build/warehouse_robot/build/lib/warehouse_robot
copying warehouse_robot/check_stock_server.py -> /home/fourfold/dev/inmind sessions/inmind-session-6/assignment_6/src/build/warehouse_robot/build/lib/warehouse_robot
copying warehouse_robot/__init__.py -> /home/fourfold/dev/inmind sessions/inmind-session-6/assignment_6/src/build/warehouse_robot/build/lib/warehouse_robot
running install
running install_lib
creating /home/fourfold/dev/inmind sessions/inmind-session-6/assignment_6/src/install/warehouse_robot/lib/python3.10/site-packages/warehouse_robot
copying /home/fourfold/dev/inmind sessions/inmind-session-6/assignment_6/src/build/warehouse_robot/build/lib/warehouse_robot/check_stock_server.py -> /home/fourfold/dev/inmind sessions/inmind-session-6/assignment_6/src/install/warehouse_robot/lib/python3.10/site-packages/warehouse_robot
copying /home/fourfold/dev/inmind sessions/inmind-session-6/assignment_6/src/build/warehouse_robot/build/lib/warehouse_robot/__init__.py -> /home/fourfold/dev/inmind sessions/inmind-session-6/assignment_6/src/install/warehouse_robot/lib/python3.10/site-packages/warehouse_robot
byte-compiling /home/fourfold/dev/inmind sessions/inmind-session-6/assignment_6/src/install/warehouse_robot/lib/python3.10/site-packages/warehouse_robot/check_stock_server.py to check_stock_server.cpython-310.pyc
byte-compiling /home/fourfold/dev/inmind sessions/inmind-session-6/assignment_6/src/install/warehouse_robot/lib/python3.10/site-packages/warehouse_robot/__init__.py to __init__.cpython-310.pyc
running install_data
creating /home/fourfold/dev/inmind sessions/inmind-session-6/assignment_6/src/install/warehouse_robot/share/ament_index
creating /home/fourfold/dev/inmind sessions/inmind-session-6/assignment_6/src/install/warehouse_robot/share/ament_index/resource_index
creating /home/fourfold/dev/inmind sessions/inmind-session-6/assignment_6/src/install/warehouse_robot/share/ament_index/resource_index/packages
copying resource/warehouse_robot -> /home/fourfold/dev/inmind sessions/inmind-session-6/assignment_6/src/install/warehouse_robot/share/ament_index/resource_index/packages
copying package.xml -> /home/fourfold/dev/inmind sessions/inmind-session-6/assignment_6/src/install/warehouse_robot/share/warehouse_robot
running install_egg_info
Copying ../build/warehouse_robot/warehouse_robot.egg-info to /home/fourfold/dev/inmind sessions/inmind-session-6/assignment_6/src/install/warehouse_robot/lib/python3.10/site-packages/warehouse_robot-0.0.0-py3.10.egg-info
running install_scripts
writing list of installed files to '/home/fourfold/dev/inmind sessions/inmind-session-6/assignment_6/src/build/warehouse_robot/install.log'
