[0.298s] Invoking command in '/home/fourfold/dev/inmind sessions/inmind-session-6/assignment_6/src/warehouse_robot': PYTHONPATH=/home/fourfold/dev/inmind sessions/inmind-session-6/assignment_6/build/warehouse_robot/prefix_override:/usr/lib/python3/dist-packages/colcon_core/task/python/colcon_distutils_commands:/home/fourfold/dev/inmind sessions/inmind-session-6/assignment_6/install/warehouse_robot/lib/python3.10/site-packages:${PYTHONPATH} /usr/bin/python3 -W ignore:setup.py install is deprecated setup.py egg_info --egg-base ../../build/warehouse_robot build --build-base /home/fourfold/dev/inmind sessions/inmind-session-6/assignment_6/build/warehouse_robot/build install --record /home/fourfold/dev/inmind sessions/inmind-session-6/assignment_6/build/warehouse_robot/install.log --single-version-externally-managed install_data
[0.413s] running egg_info
[0.413s] creating ../../build/warehouse_robot/warehouse_robot.egg-info
[0.413s] writing ../../build/warehouse_robot/warehouse_robot.egg-info/PKG-INFO
[0.414s] writing dependency_links to ../../build/warehouse_robot/warehouse_robot.egg-info/dependency_links.txt
[0.414s] writing entry points to ../../build/warehouse_robot/warehouse_robot.egg-info/entry_points.txt
[0.414s] writing requirements to ../../build/warehouse_robot/warehouse_robot.egg-info/requires.txt
[0.414s] writing top-level names to ../../build/warehouse_robot/warehouse_robot.egg-info/top_level.txt
[0.414s] writing manifest file '../../build/warehouse_robot/warehouse_robot.egg-info/SOURCES.txt'
[0.415s] reading manifest file '../../build/warehouse_robot/warehouse_robot.egg-info/SOURCES.txt'
[0.415s] writing manifest file '../../build/warehouse_robot/warehouse_robot.egg-info/SOURCES.txt'
[0.415s] running build
[0.415s] running build_py
[0.415s] creating /home/fourfold/dev/inmind sessions/inmind-session-6/assignment_6/build/warehouse_robot/build
[0.415s] creating /home/fourfold/dev/inmind sessions/inmind-session-6/assignment_6/build/warehouse_robot/build/lib
[0.415s] creating /home/fourfold/dev/inmind sessions/inmind-session-6/assignment_6/build/warehouse_robot/build/lib/warehouse_robot
[0.415s] copying warehouse_robot/check_stock_server.py -> /home/fourfold/dev/inmind sessions/inmind-session-6/assignment_6/build/warehouse_robot/build/lib/warehouse_robot
[0.415s] copying warehouse_robot/__init__.py -> /home/fourfold/dev/inmind sessions/inmind-session-6/assignment_6/build/warehouse_robot/build/lib/warehouse_robot
[0.416s] running install
[0.416s] running install_lib
[0.416s] creating /home/fourfold/dev/inmind sessions/inmind-session-6/assignment_6/install/warehouse_robot/lib/python3.10/site-packages/warehouse_robot
[0.416s] copying /home/fourfold/dev/inmind sessions/inmind-session-6/assignment_6/build/warehouse_robot/build/lib/warehouse_robot/check_stock_server.py -> /home/fourfold/dev/inmind sessions/inmind-session-6/assignment_6/install/warehouse_robot/lib/python3.10/site-packages/warehouse_robot
[0.416s] copying /home/fourfold/dev/inmind sessions/inmind-session-6/assignment_6/build/warehouse_robot/build/lib/warehouse_robot/__init__.py -> /home/fourfold/dev/inmind sessions/inmind-session-6/assignment_6/install/warehouse_robot/lib/python3.10/site-packages/warehouse_robot
[0.416s] byte-compiling /home/fourfold/dev/inmind sessions/inmind-session-6/assignment_6/install/warehouse_robot/lib/python3.10/site-packages/warehouse_robot/check_stock_server.py to check_stock_server.cpython-310.pyc
[0.416s] byte-compiling /home/fourfold/dev/inmind sessions/inmind-session-6/assignment_6/install/warehouse_robot/lib/python3.10/site-packages/warehouse_robot/__init__.py to __init__.cpython-310.pyc
[0.416s] running install_data
[0.416s] creating /home/fourfold/dev/inmind sessions/inmind-session-6/assignment_6/install/warehouse_robot/share/ament_index
[0.417s] creating /home/fourfold/dev/inmind sessions/inmind-session-6/assignment_6/install/warehouse_robot/share/ament_index/resource_index
[0.417s] creating /home/fourfold/dev/inmind sessions/inmind-session-6/assignment_6/install/warehouse_robot/share/ament_index/resource_index/packages
[0.417s] copying resource/warehouse_robot -> /home/fourfold/dev/inmind sessions/inmind-session-6/assignment_6/install/warehouse_robot/share/ament_index/resource_index/packages
[0.417s] copying package.xml -> /home/fourfold/dev/inmind sessions/inmind-session-6/assignment_6/install/warehouse_robot/share/warehouse_robot
[0.417s] running install_egg_info
[0.417s] Copying ../../build/warehouse_robot/warehouse_robot.egg-info to /home/fourfold/dev/inmind sessions/inmind-session-6/assignment_6/install/warehouse_robot/lib/python3.10/site-packages/warehouse_robot-0.0.0-py3.10.egg-info
[0.418s] running install_scripts
[0.430s] writing list of installed files to '/home/fourfold/dev/inmind sessions/inmind-session-6/assignment_6/build/warehouse_robot/install.log'
[0.443s] Invoked command in '/home/fourfold/dev/inmind sessions/inmind-session-6/assignment_6/src/warehouse_robot' returned '0': PYTHONPATH=/home/fourfold/dev/inmind sessions/inmind-session-6/assignment_6/build/warehouse_robot/prefix_override:/usr/lib/python3/dist-packages/colcon_core/task/python/colcon_distutils_commands:/home/fourfold/dev/inmind sessions/inmind-session-6/assignment_6/install/warehouse_robot/lib/python3.10/site-packages:${PYTHONPATH} /usr/bin/python3 -W ignore:setup.py install is deprecated setup.py egg_info --egg-base ../../build/warehouse_robot build --build-base /home/fourfold/dev/inmind sessions/inmind-session-6/assignment_6/build/warehouse_robot/build install --record /home/fourfold/dev/inmind sessions/inmind-session-6/assignment_6/build/warehouse_robot/install.log --single-version-externally-managed install_data
