[0.006s] Invoking command in '/home/fourfold/dev/inmind sessions/inmind-session-6/assignment_6/src/build/warehouse_interfaces': CMAKE_PREFIX_PATH=/opt/ros/humble /usr/bin/cmake /home/fourfold/dev/inmind sessions/inmind-session-6/assignment_6/src/warehouse_interfaces -DCMAKE_INSTALL_PREFIX=/home/fourfold/dev/inmind sessions/inmind-session-6/assignment_6/src/install/warehouse_interfaces
[0.014s] -- Found ament_cmake: 1.3.9 (/opt/ros/humble/share/ament_cmake/cmake)
[0.082s] -- Found ament_lint_auto: 0.12.11 (/opt/ros/humble/share/ament_lint_auto/cmake)
[0.118s] -- Found rosidl_default_generators: 1.2.0 (/opt/ros/humble/share/rosidl_default_generators/cmake)
[0.118s] -- Using all available rosidl_typesupport_c: rosidl_typesupport_fastrtps_c;rosidl_typesupport_introspection_c
[0.120s] -- Found rosidl_adapter: 3.1.5 (/opt/ros/humble/share/rosidl_adapter/cmake)
[0.136s] -- Using all available rosidl_typesupport_cpp: rosidl_typesupport_fastrtps_cpp;rosidl_typesupport_introspection_cpp
[0.240s] [31mCMake Error at /opt/ros/humble/share/rosidl_adapter/cmake/rosidl_adapt_interfaces.cmake:59 (message):
[0.240s]   execute_process(/usr/bin/python3 -m rosidl_adapter --package-name
[0.240s]   warehouse_interfaces --arguments-file /home/fourfold/dev/inmind
[0.240s]   sessions/inmind-session-6/assignment_6/src/build/warehouse_interfaces/rosidl_adapter__arguments__warehouse_interfaces.json
[0.240s]   --output-dir /home/fourfold/dev/inmind
[0.240s]   sessions/inmind-session-6/assignment_6/src/build/warehouse_interfaces/rosidl_adapter/warehouse_interfaces
[0.240s]   --output-file /home/fourfold/dev/inmind
[0.240s]   sessions/inmind-session-6/assignment_6/src/build/warehouse_interfaces/rosidl_adapter/warehouse_interfaces.idls)
[0.240s]   returned error code 1:
[0.240s] 
[0.240s]   Traceback (most recent call last):
[0.240s] 
[0.240s]     File "/usr/lib/python3.10/runpy.py", line 196, in _run_module_as_main
[0.240s]       return _run_code(code, main_globals, None,
[0.240s]     File "/usr/lib/python3.10/runpy.py", line 86, in _run_code
[0.240s]       exec(code, run_globals)
[0.240s]     File "/opt/ros/humble/local/lib/python3.10/dist-packages/rosidl_adapter/__main__.py", line 19, in <module>
[0.241s]       sys.exit(main())
[0.241s]     File "/opt/ros/humble/local/lib/python3.10/dist-packages/rosidl_adapter/main.py", line 53, in main
[0.241s]       abs_idl_file = convert_to_idl(
[0.241s]     File "/opt/ros/humble/local/lib/python3.10/dist-packages/rosidl_adapter/__init__.py", line 24, in convert_to_idl
[0.241s]       return convert_srv_to_idl(
[0.241s]     File "/opt/ros/humble/local/lib/python3.10/dist-packages/rosidl_adapter/srv/__init__.py", line 28, in convert_srv_to_idl
[0.241s]       srv = parse_service_string(package_name, input_file.stem, content)
[0.241s]     File "/opt/ros/humble/local/lib/python3.10/dist-packages/rosidl_adapter/parser.py", line 859, in parse_service_string
[0.241s]       request_message = parse_message_string(
[0.241s]     File "/opt/ros/humble/local/lib/python3.10/dist-packages/rosidl_adapter/parser.py", line 544, in parse_message_string
[0.241s]       msg = MessageSpecification(pkg_name, msg_name, fields, constants)
[0.241s]     File "/opt/ros/humble/local/lib/python3.10/dist-packages/rosidl_adapter/parser.py", line 388, in __init__
[0.241s]       self.base_type = BaseType(
[0.241s]     File "/opt/ros/humble/local/lib/python3.10/dist-packages/rosidl_adapter/parser.py", line 205, in __init__
[0.241s]       raise InvalidResourceName(
[0.241s] 
[0.241s]   rosidl_adapter.parser.InvalidResourceName: 'checkStock_Request' is an
[0.241s]   invalid message name.  It should have the pattern '^[A-Z][A-Za-z0-9]*$'
[0.241s] 
[0.241s] Call Stack (most recent call first):
[0.241s]   /opt/ros/humble/share/rosidl_cmake/cmake/rosidl_generate_interfaces.cmake:130 (rosidl_adapt_interfaces)
[0.241s]   CMakeLists.txt:30 (rosidl_generate_interfaces)
[0.241s] 
[0.241s] [0m
[0.241s] -- Configuring incomplete, errors occurred!
[0.241s] See also "/home/fourfold/dev/inmind sessions/inmind-session-6/assignment_6/src/build/warehouse_interfaces/CMakeFiles/CMakeOutput.log".
[0.244s] Invoked command in '/home/fourfold/dev/inmind sessions/inmind-session-6/assignment_6/src/build/warehouse_interfaces' returned '1': CMAKE_PREFIX_PATH=/opt/ros/humble /usr/bin/cmake /home/fourfold/dev/inmind sessions/inmind-session-6/assignment_6/src/warehouse_interfaces -DCMAKE_INSTALL_PREFIX=/home/fourfold/dev/inmind sessions/inmind-session-6/assignment_6/src/install/warehouse_interfaces
