[0.008s] Invoking command in '/home/fourfold/dev/inmind sessions/inmind-session-6/inmind-assignment6-firas/build/warehouse_interfaces': CMAKE_PREFIX_PATH=${CMAKE_PREFIX_PATH}:/home/fourfold/dev/inmind sessions/inmind-session-6/inmind-assignment6-firas/install/warehouse_robot:/opt/ros/humble /usr/bin/cmake --build /home/fourfold/dev/inmind sessions/inmind-session-6/inmind-assignment6-firas/build/warehouse_interfaces -- -j16 -l16
[0.037s] [  2%] Built target warehouse_interfaces__cpp
[0.037s] [ 12%] Built target warehouse_interfaces__rosidl_generator_c
[0.042s] [ 12%] Built target ament_cmake_python_copy_warehouse_interfaces
[0.049s] [ 23%] Built target warehouse_interfaces__rosidl_typesupport_cpp
[0.049s] [ 33%] Built target warehouse_interfaces__rosidl_typesupport_fastrtps_cpp
[0.052s] [ 43%] Built target warehouse_interfaces__rosidl_typesupport_introspection_cpp
[0.054s] [ 56%] Built target warehouse_interfaces__rosidl_typesupport_fastrtps_c
[0.054s] [ 64%] Built target warehouse_interfaces__rosidl_typesupport_introspection_c
[0.055s] [ 74%] Built target warehouse_interfaces__rosidl_typesupport_c
[0.067s] [ 74%] Built target warehouse_interfaces
[0.079s] [ 76%] Built target warehouse_interfaces__py
[0.091s] [ 84%] Built target warehouse_interfaces__rosidl_generator_py
[0.104s] [100%] Built target warehouse_interfaces__rosidl_typesupport_fastrtps_c__pyext
[0.104s] [100%] Built target warehouse_interfaces__rosidl_typesupport_introspection_c__pyext
[0.104s] [100%] Built target warehouse_interfaces__rosidl_typesupport_c__pyext
[0.165s] running egg_info
[0.165s] writing warehouse_interfaces.egg-info/PKG-INFO
[0.165s] writing dependency_links to warehouse_interfaces.egg-info/dependency_links.txt
[0.166s] writing top-level names to warehouse_interfaces.egg-info/top_level.txt
[0.167s] reading manifest file 'warehouse_interfaces.egg-info/SOURCES.txt'
[0.167s] writing manifest file 'warehouse_interfaces.egg-info/SOURCES.txt'
[0.181s] [100%] Built target ament_cmake_python_build_warehouse_interfaces_egg
[0.188s] Invoked command in '/home/fourfold/dev/inmind sessions/inmind-session-6/inmind-assignment6-firas/build/warehouse_interfaces' returned '0': CMAKE_PREFIX_PATH=${CMAKE_PREFIX_PATH}:/home/fourfold/dev/inmind sessions/inmind-session-6/inmind-assignment6-firas/install/warehouse_robot:/opt/ros/humble /usr/bin/cmake --build /home/fourfold/dev/inmind sessions/inmind-session-6/inmind-assignment6-firas/build/warehouse_interfaces -- -j16 -l16
[0.232s] Invoking command in '/home/fourfold/dev/inmind sessions/inmind-session-6/inmind-assignment6-firas/build/warehouse_interfaces': CMAKE_PREFIX_PATH=${CMAKE_PREFIX_PATH}:/home/fourfold/dev/inmind sessions/inmind-session-6/inmind-assignment6-firas/install/warehouse_robot:/opt/ros/humble /usr/bin/cmake --install /home/fourfold/dev/inmind sessions/inmind-session-6/inmind-assignment6-firas/build/warehouse_interfaces
[0.237s] -- Install configuration: ""
[0.237s] -- Up-to-date: /home/fourfold/dev/inmind sessions/inmind-session-6/inmind-assignment6-firas/install/warehouse_interfaces/share/ament_index/resource_index/rosidl_interfaces/warehouse_interfaces
[0.237s] -- Up-to-date: /home/fourfold/dev/inmind sessions/inmind-session-6/inmind-assignment6-firas/install/warehouse_interfaces/include/warehouse_interfaces/warehouse_interfaces
[0.237s] -- Up-to-date: /home/fourfold/dev/inmind sessions/inmind-session-6/inmind-assignment6-firas/install/warehouse_interfaces/include/warehouse_interfaces/warehouse_interfaces/msg
[0.237s] -- Up-to-date: /home/fourfold/dev/inmind sessions/inmind-session-6/inmind-assignment6-firas/install/warehouse_interfaces/include/warehouse_interfaces/warehouse_interfaces/msg/rosidl_generator_c__visibility_control.h
[0.237s] -- Up-to-date: /home/fourfold/dev/inmind sessions/inmind-session-6/inmind-assignment6-firas/install/warehouse_interfaces/include/warehouse_interfaces/warehouse_interfaces/action
[0.237s] -- Up-to-date: /home/fourfold/dev/inmind sessions/inmind-session-6/inmind-assignment6-firas/install/warehouse_interfaces/include/warehouse_interfaces/warehouse_interfaces/action/deliver_item.h
[0.237s] -- Up-to-date: /home/fourfold/dev/inmind sessions/inmind-session-6/inmind-assignment6-firas/install/warehouse_interfaces/include/warehouse_interfaces/warehouse_interfaces/action/detail
[0.237s] -- Up-to-date: /home/fourfold/dev/inmind sessions/inmind-session-6/inmind-assignment6-firas/install/warehouse_interfaces/include/warehouse_interfaces/warehouse_interfaces/action/detail/deliver_item__struct.h
[0.237s] -- Up-to-date: /home/fourfold/dev/inmind sessions/inmind-session-6/inmind-assignment6-firas/install/warehouse_interfaces/include/warehouse_interfaces/warehouse_interfaces/action/detail/deliver_item__functions.c
[0.237s] -- Up-to-date: /home/fourfold/dev/inmind sessions/inmind-session-6/inmind-assignment6-firas/install/warehouse_interfaces/include/warehouse_interfaces/warehouse_interfaces/action/detail/deliver_item__type_support.h
[0.237s] -- Up-to-date: /home/fourfold/dev/inmind sessions/inmind-session-6/inmind-assignment6-firas/install/warehouse_interfaces/include/warehouse_interfaces/warehouse_interfaces/action/detail/deliver_item__functions.h
[0.237s] -- Up-to-date: /home/fourfold/dev/inmind sessions/inmind-session-6/inmind-assignment6-firas/install/warehouse_interfaces/include/warehouse_interfaces/warehouse_interfaces/srv
[0.237s] -- Up-to-date: /home/fourfold/dev/inmind sessions/inmind-session-6/inmind-assignment6-firas/install/warehouse_interfaces/include/warehouse_interfaces/warehouse_interfaces/srv/check_stock.h
[0.237s] -- Up-to-date: /home/fourfold/dev/inmind sessions/inmind-session-6/inmind-assignment6-firas/install/warehouse_interfaces/include/warehouse_interfaces/warehouse_interfaces/srv/detail
[0.237s] -- Up-to-date: /home/fourfold/dev/inmind sessions/inmind-session-6/inmind-assignment6-firas/install/warehouse_interfaces/include/warehouse_interfaces/warehouse_interfaces/srv/detail/check_stock__struct.h
[0.237s] -- Up-to-date: /home/fourfold/dev/inmind sessions/inmind-session-6/inmind-assignment6-firas/install/warehouse_interfaces/include/warehouse_interfaces/warehouse_interfaces/srv/detail/check_stock__functions.c
[0.237s] -- Up-to-date: /home/fourfold/dev/inmind sessions/inmind-session-6/inmind-assignment6-firas/install/warehouse_interfaces/include/warehouse_interfaces/warehouse_interfaces/srv/detail/check_stock__functions.h
[0.237s] -- Up-to-date: /home/fourfold/dev/inmind sessions/inmind-session-6/inmind-assignment6-firas/install/warehouse_interfaces/include/warehouse_interfaces/warehouse_interfaces/srv/detail/check_stock__type_support.h
[0.237s] -- Up-to-date: /home/fourfold/dev/inmind sessions/inmind-session-6/inmind-assignment6-firas/install/warehouse_interfaces/share/warehouse_interfaces/environment/library_path.sh
[0.238s] -- Up-to-date: /home/fourfold/dev/inmind sessions/inmind-session-6/inmind-assignment6-firas/install/warehouse_interfaces/share/warehouse_interfaces/environment/library_path.dsv
[0.238s] -- Up-to-date: /home/fourfold/dev/inmind sessions/inmind-session-6/inmind-assignment6-firas/install/warehouse_interfaces/lib/libwarehouse_interfaces__rosidl_generator_c.so
[0.238s] -- Up-to-date: /home/fourfold/dev/inmind sessions/inmind-session-6/inmind-assignment6-firas/install/warehouse_interfaces/include/warehouse_interfaces/warehouse_interfaces
[0.238s] -- Up-to-date: /home/fourfold/dev/inmind sessions/inmind-session-6/inmind-assignment6-firas/install/warehouse_interfaces/include/warehouse_interfaces/warehouse_interfaces/msg
[0.238s] -- Up-to-date: /home/fourfold/dev/inmind sessions/inmind-session-6/inmind-assignment6-firas/install/warehouse_interfaces/include/warehouse_interfaces/warehouse_interfaces/msg/rosidl_typesupport_fastrtps_c__visibility_control.h
[0.238s] -- Up-to-date: /home/fourfold/dev/inmind sessions/inmind-session-6/inmind-assignment6-firas/install/warehouse_interfaces/include/warehouse_interfaces/warehouse_interfaces/action
[0.238s] -- Up-to-date: /home/fourfold/dev/inmind sessions/inmind-session-6/inmind-assignment6-firas/install/warehouse_interfaces/include/warehouse_interfaces/warehouse_interfaces/action/detail
[0.238s] -- Up-to-date: /home/fourfold/dev/inmind sessions/inmind-session-6/inmind-assignment6-firas/install/warehouse_interfaces/include/warehouse_interfaces/warehouse_interfaces/action/detail/deliver_item__rosidl_typesupport_fastrtps_c.h
[0.238s] -- Up-to-date: /home/fourfold/dev/inmind sessions/inmind-session-6/inmind-assignment6-firas/install/warehouse_interfaces/include/warehouse_interfaces/warehouse_interfaces/srv
[0.238s] -- Up-to-date: /home/fourfold/dev/inmind sessions/inmind-session-6/inmind-assignment6-firas/install/warehouse_interfaces/include/warehouse_interfaces/warehouse_interfaces/srv/detail
[0.238s] -- Up-to-date: /home/fourfold/dev/inmind sessions/inmind-session-6/inmind-assignment6-firas/install/warehouse_interfaces/include/warehouse_interfaces/warehouse_interfaces/srv/detail/check_stock__rosidl_typesupport_fastrtps_c.h
[0.238s] -- Up-to-date: /home/fourfold/dev/inmind sessions/inmind-session-6/inmind-assignment6-firas/install/warehouse_interfaces/lib/libwarehouse_interfaces__rosidl_typesupport_fastrtps_c.so
[0.238s] -- Up-to-date: /home/fourfold/dev/inmind sessions/inmind-session-6/inmind-assignment6-firas/install/warehouse_interfaces/include/warehouse_interfaces/warehouse_interfaces
[0.238s] -- Up-to-date: /home/fourfold/dev/inmind sessions/inmind-session-6/inmind-assignment6-firas/install/warehouse_interfaces/include/warehouse_interfaces/warehouse_interfaces/msg
[0.238s] -- Up-to-date: /home/fourfold/dev/inmind sessions/inmind-session-6/inmind-assignment6-firas/install/warehouse_interfaces/include/warehouse_interfaces/warehouse_interfaces/msg/rosidl_typesupport_introspection_c__visibility_control.h
[0.238s] -- Up-to-date: /home/fourfold/dev/inmind sessions/inmind-session-6/inmind-assignment6-firas/install/warehouse_interfaces/include/warehouse_interfaces/warehouse_interfaces/action
[0.238s] -- Up-to-date: /home/fourfold/dev/inmind sessions/inmind-session-6/inmind-assignment6-firas/install/warehouse_interfaces/include/warehouse_interfaces/warehouse_interfaces/action/detail
[0.238s] -- Up-to-date: /home/fourfold/dev/inmind sessions/inmind-session-6/inmind-assignment6-firas/install/warehouse_interfaces/include/warehouse_interfaces/warehouse_interfaces/action/detail/deliver_item__rosidl_typesupport_introspection_c.h
[0.238s] -- Up-to-date: /home/fourfold/dev/inmind sessions/inmind-session-6/inmind-assignment6-firas/install/warehouse_interfaces/include/warehouse_interfaces/warehouse_interfaces/action/detail/deliver_item__type_support.c
[0.238s] -- Up-to-date: /home/fourfold/dev/inmind sessions/inmind-session-6/inmind-assignment6-firas/install/warehouse_interfaces/include/warehouse_interfaces/warehouse_interfaces/srv
[0.238s] -- Up-to-date: /home/fourfold/dev/inmind sessions/inmind-session-6/inmind-assignment6-firas/install/warehouse_interfaces/include/warehouse_interfaces/warehouse_interfaces/srv/detail
[0.238s] -- Up-to-date: /home/fourfold/dev/inmind sessions/inmind-session-6/inmind-assignment6-firas/install/warehouse_interfaces/include/warehouse_interfaces/warehouse_interfaces/srv/detail/check_stock__type_support.c
[0.238s] -- Up-to-date: /home/fourfold/dev/inmind sessions/inmind-session-6/inmind-assignment6-firas/install/warehouse_interfaces/include/warehouse_interfaces/warehouse_interfaces/srv/detail/check_stock__rosidl_typesupport_introspection_c.h
[0.238s] -- Up-to-date: /home/fourfold/dev/inmind sessions/inmind-session-6/inmind-assignment6-firas/install/warehouse_interfaces/lib/libwarehouse_interfaces__rosidl_typesupport_introspection_c.so
[0.238s] -- Up-to-date: /home/fourfold/dev/inmind sessions/inmind-session-6/inmind-assignment6-firas/install/warehouse_interfaces/lib/libwarehouse_interfaces__rosidl_typesupport_c.so
[0.238s] -- Up-to-date: /home/fourfold/dev/inmind sessions/inmind-session-6/inmind-assignment6-firas/install/warehouse_interfaces/include/warehouse_interfaces/warehouse_interfaces
[0.238s] -- Up-to-date: /home/fourfold/dev/inmind sessions/inmind-session-6/inmind-assignment6-firas/install/warehouse_interfaces/include/warehouse_interfaces/warehouse_interfaces/action
[0.238s] -- Up-to-date: /home/fourfold/dev/inmind sessions/inmind-session-6/inmind-assignment6-firas/install/warehouse_interfaces/include/warehouse_interfaces/warehouse_interfaces/action/detail
[0.239s] -- Up-to-date: /home/fourfold/dev/inmind sessions/inmind-session-6/inmind-assignment6-firas/install/warehouse_interfaces/include/warehouse_interfaces/warehouse_interfaces/action/detail/deliver_item__traits.hpp
[0.239s] -- Up-to-date: /home/fourfold/dev/inmind sessions/inmind-session-6/inmind-assignment6-firas/install/warehouse_interfaces/include/warehouse_interfaces/warehouse_interfaces/action/detail/deliver_item__builder.hpp
[0.239s] -- Up-to-date: /home/fourfold/dev/inmind sessions/inmind-session-6/inmind-assignment6-firas/install/warehouse_interfaces/include/warehouse_interfaces/warehouse_interfaces/action/detail/deliver_item__struct.hpp
[0.239s] -- Up-to-date: /home/fourfold/dev/inmind sessions/inmind-session-6/inmind-assignment6-firas/install/warehouse_interfaces/include/warehouse_interfaces/warehouse_interfaces/action/deliver_item.hpp
[0.239s] -- Up-to-date: /home/fourfold/dev/inmind sessions/inmind-session-6/inmind-assignment6-firas/install/warehouse_interfaces/include/warehouse_interfaces/warehouse_interfaces/srv
[0.239s] -- Up-to-date: /home/fourfold/dev/inmind sessions/inmind-session-6/inmind-assignment6-firas/install/warehouse_interfaces/include/warehouse_interfaces/warehouse_interfaces/srv/check_stock.hpp
[0.239s] -- Up-to-date: /home/fourfold/dev/inmind sessions/inmind-session-6/inmind-assignment6-firas/install/warehouse_interfaces/include/warehouse_interfaces/warehouse_interfaces/srv/detail
[0.239s] -- Up-to-date: /home/fourfold/dev/inmind sessions/inmind-session-6/inmind-assignment6-firas/install/warehouse_interfaces/include/warehouse_interfaces/warehouse_interfaces/srv/detail/check_stock__builder.hpp
[0.239s] -- Up-to-date: /home/fourfold/dev/inmind sessions/inmind-session-6/inmind-assignment6-firas/install/warehouse_interfaces/include/warehouse_interfaces/warehouse_interfaces/srv/detail/check_stock__struct.hpp
[0.239s] -- Up-to-date: /home/fourfold/dev/inmind sessions/inmind-session-6/inmind-assignment6-firas/install/warehouse_interfaces/include/warehouse_interfaces/warehouse_interfaces/srv/detail/check_stock__traits.hpp
[0.239s] -- Up-to-date: /home/fourfold/dev/inmind sessions/inmind-session-6/inmind-assignment6-firas/install/warehouse_interfaces/include/warehouse_interfaces/warehouse_interfaces
[0.239s] -- Up-to-date: /home/fourfold/dev/inmind sessions/inmind-session-6/inmind-assignment6-firas/install/warehouse_interfaces/include/warehouse_interfaces/warehouse_interfaces/msg
[0.239s] -- Up-to-date: /home/fourfold/dev/inmind sessions/inmind-session-6/inmind-assignment6-firas/install/warehouse_interfaces/include/warehouse_interfaces/warehouse_interfaces/msg/rosidl_typesupport_fastrtps_cpp__visibility_control.h
[0.239s] -- Up-to-date: /home/fourfold/dev/inmind sessions/inmind-session-6/inmind-assignment6-firas/install/warehouse_interfaces/include/warehouse_interfaces/warehouse_interfaces/action
[0.239s] -- Up-to-date: /home/fourfold/dev/inmind sessions/inmind-session-6/inmind-assignment6-firas/install/warehouse_interfaces/include/warehouse_interfaces/warehouse_interfaces/action/detail
[0.239s] -- Up-to-date: /home/fourfold/dev/inmind sessions/inmind-session-6/inmind-assignment6-firas/install/warehouse_interfaces/include/warehouse_interfaces/warehouse_interfaces/action/detail/deliver_item__rosidl_typesupport_fastrtps_cpp.hpp
[0.239s] -- Up-to-date: /home/fourfold/dev/inmind sessions/inmind-session-6/inmind-assignment6-firas/install/warehouse_interfaces/include/warehouse_interfaces/warehouse_interfaces/action/detail/dds_fastrtps
[0.239s] -- Up-to-date: /home/fourfold/dev/inmind sessions/inmind-session-6/inmind-assignment6-firas/install/warehouse_interfaces/include/warehouse_interfaces/warehouse_interfaces/srv
[0.239s] -- Up-to-date: /home/fourfold/dev/inmind sessions/inmind-session-6/inmind-assignment6-firas/install/warehouse_interfaces/include/warehouse_interfaces/warehouse_interfaces/srv/detail
[0.239s] -- Up-to-date: /home/fourfold/dev/inmind sessions/inmind-session-6/inmind-assignment6-firas/install/warehouse_interfaces/include/warehouse_interfaces/warehouse_interfaces/srv/detail/dds_fastrtps
[0.239s] -- Up-to-date: /home/fourfold/dev/inmind sessions/inmind-session-6/inmind-assignment6-firas/install/warehouse_interfaces/include/warehouse_interfaces/warehouse_interfaces/srv/detail/check_stock__rosidl_typesupport_fastrtps_cpp.hpp
[0.239s] -- Up-to-date: /home/fourfold/dev/inmind sessions/inmind-session-6/inmind-assignment6-firas/install/warehouse_interfaces/lib/libwarehouse_interfaces__rosidl_typesupport_fastrtps_cpp.so
[0.239s] -- Up-to-date: /home/fourfold/dev/inmind sessions/inmind-session-6/inmind-assignment6-firas/install/warehouse_interfaces/include/warehouse_interfaces/warehouse_interfaces
[0.239s] -- Up-to-date: /home/fourfold/dev/inmind sessions/inmind-session-6/inmind-assignment6-firas/install/warehouse_interfaces/include/warehouse_interfaces/warehouse_interfaces/action
[0.239s] -- Up-to-date: /home/fourfold/dev/inmind sessions/inmind-session-6/inmind-assignment6-firas/install/warehouse_interfaces/include/warehouse_interfaces/warehouse_interfaces/action/detail
[0.239s] -- Up-to-date: /home/fourfold/dev/inmind sessions/inmind-session-6/inmind-assignment6-firas/install/warehouse_interfaces/include/warehouse_interfaces/warehouse_interfaces/action/detail/deliver_item__rosidl_typesupport_introspection_cpp.hpp
[0.239s] -- Up-to-date: /home/fourfold/dev/inmind sessions/inmind-session-6/inmind-assignment6-firas/install/warehouse_interfaces/include/warehouse_interfaces/warehouse_interfaces/action/detail/deliver_item__type_support.cpp
[0.239s] -- Up-to-date: /home/fourfold/dev/inmind sessions/inmind-session-6/inmind-assignment6-firas/install/warehouse_interfaces/include/warehouse_interfaces/warehouse_interfaces/srv
[0.239s] -- Up-to-date: /home/fourfold/dev/inmind sessions/inmind-session-6/inmind-assignment6-firas/install/warehouse_interfaces/include/warehouse_interfaces/warehouse_interfaces/srv/detail
[0.239s] -- Up-to-date: /home/fourfold/dev/inmind sessions/inmind-session-6/inmind-assignment6-firas/install/warehouse_interfaces/include/warehouse_interfaces/warehouse_interfaces/srv/detail/check_stock__type_support.cpp
[0.240s] -- Up-to-date: /home/fourfold/dev/inmind sessions/inmind-session-6/inmind-assignment6-firas/install/warehouse_interfaces/include/warehouse_interfaces/warehouse_interfaces/srv/detail/check_stock__rosidl_typesupport_introspection_cpp.hpp
[0.240s] -- Up-to-date: /home/fourfold/dev/inmind sessions/inmind-session-6/inmind-assignment6-firas/install/warehouse_interfaces/lib/libwarehouse_interfaces__rosidl_typesupport_introspection_cpp.so
[0.240s] -- Up-to-date: /home/fourfold/dev/inmind sessions/inmind-session-6/inmind-assignment6-firas/install/warehouse_interfaces/lib/libwarehouse_interfaces__rosidl_typesupport_cpp.so
[0.240s] -- Up-to-date: /home/fourfold/dev/inmind sessions/inmind-session-6/inmind-assignment6-firas/install/warehouse_interfaces/share/warehouse_interfaces/environment/pythonpath.sh
[0.240s] -- Up-to-date: /home/fourfold/dev/inmind sessions/inmind-session-6/inmind-assignment6-firas/install/warehouse_interfaces/share/warehouse_interfaces/environment/pythonpath.dsv
[0.240s] -- Up-to-date: /home/fourfold/dev/inmind sessions/inmind-session-6/inmind-assignment6-firas/install/warehouse_interfaces/local/lib/python3.10/dist-packages/warehouse_interfaces-0.0.0-py3.10.egg-info
[0.240s] -- Installing: /home/fourfold/dev/inmind sessions/inmind-session-6/inmind-assignment6-firas/install/warehouse_interfaces/local/lib/python3.10/dist-packages/warehouse_interfaces-0.0.0-py3.10.egg-info/SOURCES.txt
[0.240s] -- Installing: /home/fourfold/dev/inmind sessions/inmind-session-6/inmind-assignment6-firas/install/warehouse_interfaces/local/lib/python3.10/dist-packages/warehouse_interfaces-0.0.0-py3.10.egg-info/top_level.txt
[0.240s] -- Installing: /home/fourfold/dev/inmind sessions/inmind-session-6/inmind-assignment6-firas/install/warehouse_interfaces/local/lib/python3.10/dist-packages/warehouse_interfaces-0.0.0-py3.10.egg-info/PKG-INFO
[0.240s] -- Installing: /home/fourfold/dev/inmind sessions/inmind-session-6/inmind-assignment6-firas/install/warehouse_interfaces/local/lib/python3.10/dist-packages/warehouse_interfaces-0.0.0-py3.10.egg-info/dependency_links.txt
[0.240s] -- Up-to-date: /home/fourfold/dev/inmind sessions/inmind-session-6/inmind-assignment6-firas/install/warehouse_interfaces/local/lib/python3.10/dist-packages/warehouse_interfaces
[0.240s] -- Up-to-date: /home/fourfold/dev/inmind sessions/inmind-session-6/inmind-assignment6-firas/install/warehouse_interfaces/local/lib/python3.10/dist-packages/warehouse_interfaces/_warehouse_interfaces_s.ep.rosidl_typesupport_c.c
[0.240s] -- Up-to-date: /home/fourfold/dev/inmind sessions/inmind-session-6/inmind-assignment6-firas/install/warehouse_interfaces/local/lib/python3.10/dist-packages/warehouse_interfaces/warehouse_interfaces_s__rosidl_typesupport_fastrtps_c.cpython-310-x86_64-linux-gnu.so
[0.240s] -- Up-to-date: /home/fourfold/dev/inmind sessions/inmind-session-6/inmind-assignment6-firas/install/warehouse_interfaces/local/lib/python3.10/dist-packages/warehouse_interfaces/warehouse_interfaces_s__rosidl_typesupport_c.cpython-310-x86_64-linux-gnu.so
[0.240s] -- Up-to-date: /home/fourfold/dev/inmind sessions/inmind-session-6/inmind-assignment6-firas/install/warehouse_interfaces/local/lib/python3.10/dist-packages/warehouse_interfaces/action
[0.240s] -- Up-to-date: /home/fourfold/dev/inmind sessions/inmind-session-6/inmind-assignment6-firas/install/warehouse_interfaces/local/lib/python3.10/dist-packages/warehouse_interfaces/action/_deliver_item_s.c
[0.240s] -- Up-to-date: /home/fourfold/dev/inmind sessions/inmind-session-6/inmind-assignment6-firas/install/warehouse_interfaces/local/lib/python3.10/dist-packages/warehouse_interfaces/action/_deliver_item.py
[0.240s] -- Up-to-date: /home/fourfold/dev/inmind sessions/inmind-session-6/inmind-assignment6-firas/install/warehouse_interfaces/local/lib/python3.10/dist-packages/warehouse_interfaces/action/__init__.py
[0.240s] -- Up-to-date: /home/fourfold/dev/inmind sessions/inmind-session-6/inmind-assignment6-firas/install/warehouse_interfaces/local/lib/python3.10/dist-packages/warehouse_interfaces/_warehouse_interfaces_s.ep.rosidl_typesupport_fastrtps_c.c
[0.240s] -- Up-to-date: /home/fourfold/dev/inmind sessions/inmind-session-6/inmind-assignment6-firas/install/warehouse_interfaces/local/lib/python3.10/dist-packages/warehouse_interfaces/srv
[0.240s] -- Up-to-date: /home/fourfold/dev/inmind sessions/inmind-session-6/inmind-assignment6-firas/install/warehouse_interfaces/local/lib/python3.10/dist-packages/warehouse_interfaces/srv/_check_stock.py
[0.240s] -- Up-to-date: /home/fourfold/dev/inmind sessions/inmind-session-6/inmind-assignment6-firas/install/warehouse_interfaces/local/lib/python3.10/dist-packages/warehouse_interfaces/srv/_check_stock_s.c
[0.240s] -- Up-to-date: /home/fourfold/dev/inmind sessions/inmind-session-6/inmind-assignment6-firas/install/warehouse_interfaces/local/lib/python3.10/dist-packages/warehouse_interfaces/srv/__init__.py
[0.240s] -- Up-to-date: /home/fourfold/dev/inmind sessions/inmind-session-6/inmind-assignment6-firas/install/warehouse_interfaces/local/lib/python3.10/dist-packages/warehouse_interfaces/libwarehouse_interfaces__rosidl_generator_py.so
[0.240s] -- Up-to-date: /home/fourfold/dev/inmind sessions/inmind-session-6/inmind-assignment6-firas/install/warehouse_interfaces/local/lib/python3.10/dist-packages/warehouse_interfaces/__init__.py
[0.240s] -- Up-to-date: /home/fourfold/dev/inmind sessions/inmind-session-6/inmind-assignment6-firas/install/warehouse_interfaces/local/lib/python3.10/dist-packages/warehouse_interfaces/_warehouse_interfaces_s.ep.rosidl_typesupport_introspection_c.c
[0.240s] -- Up-to-date: /home/fourfold/dev/inmind sessions/inmind-session-6/inmind-assignment6-firas/install/warehouse_interfaces/local/lib/python3.10/dist-packages/warehouse_interfaces/warehouse_interfaces_s__rosidl_typesupport_introspection_c.cpython-310-x86_64-linux-gnu.so
[0.256s] Listing '/home/fourfold/dev/inmind sessions/inmind-session-6/inmind-assignment6-firas/install/warehouse_interfaces/local/lib/python3.10/dist-packages/warehouse_interfaces'...
[0.256s] Listing '/home/fourfold/dev/inmind sessions/inmind-session-6/inmind-assignment6-firas/install/warehouse_interfaces/local/lib/python3.10/dist-packages/warehouse_interfaces/action'...
[0.256s] Listing '/home/fourfold/dev/inmind sessions/inmind-session-6/inmind-assignment6-firas/install/warehouse_interfaces/local/lib/python3.10/dist-packages/warehouse_interfaces/srv'...
[0.259s] -- Up-to-date: /home/fourfold/dev/inmind sessions/inmind-session-6/inmind-assignment6-firas/install/warehouse_interfaces/local/lib/python3.10/dist-packages/warehouse_interfaces/warehouse_interfaces_s__rosidl_typesupport_fastrtps_c.cpython-310-x86_64-linux-gnu.so
[0.259s] -- Up-to-date: /home/fourfold/dev/inmind sessions/inmind-session-6/inmind-assignment6-firas/install/warehouse_interfaces/local/lib/python3.10/dist-packages/warehouse_interfaces/warehouse_interfaces_s__rosidl_typesupport_introspection_c.cpython-310-x86_64-linux-gnu.so
[0.259s] -- Up-to-date: /home/fourfold/dev/inmind sessions/inmind-session-6/inmind-assignment6-firas/install/warehouse_interfaces/local/lib/python3.10/dist-packages/warehouse_interfaces/warehouse_interfaces_s__rosidl_typesupport_c.cpython-310-x86_64-linux-gnu.so
[0.259s] -- Up-to-date: /home/fourfold/dev/inmind sessions/inmind-session-6/inmind-assignment6-firas/install/warehouse_interfaces/lib/libwarehouse_interfaces__rosidl_generator_py.so
[0.259s] -- Up-to-date: /home/fourfold/dev/inmind sessions/inmind-session-6/inmind-assignment6-firas/install/warehouse_interfaces/share/warehouse_interfaces/srv/CheckStock.idl
[0.259s] -- Up-to-date: /home/fourfold/dev/inmind sessions/inmind-session-6/inmind-assignment6-firas/install/warehouse_interfaces/share/warehouse_interfaces/action/DeliverItem.idl
[0.259s] -- Up-to-date: /home/fourfold/dev/inmind sessions/inmind-session-6/inmind-assignment6-firas/install/warehouse_interfaces/share/warehouse_interfaces/srv/CheckStock.srv
[0.259s] -- Up-to-date: /home/fourfold/dev/inmind sessions/inmind-session-6/inmind-assignment6-firas/install/warehouse_interfaces/share/warehouse_interfaces/srv/CheckStock_Request.msg
[0.259s] -- Up-to-date: /home/fourfold/dev/inmind sessions/inmind-session-6/inmind-assignment6-firas/install/warehouse_interfaces/share/warehouse_interfaces/srv/CheckStock_Response.msg
[0.259s] -- Up-to-date: /home/fourfold/dev/inmind sessions/inmind-session-6/inmind-assignment6-firas/install/warehouse_interfaces/share/warehouse_interfaces/action/DeliverItem.action
[0.259s] -- Up-to-date: /home/fourfold/dev/inmind sessions/inmind-session-6/inmind-assignment6-firas/install/warehouse_interfaces/share/ament_index/resource_index/package_run_dependencies/warehouse_interfaces
[0.259s] -- Up-to-date: /home/fourfold/dev/inmind sessions/inmind-session-6/inmind-assignment6-firas/install/warehouse_interfaces/share/ament_index/resource_index/parent_prefix_path/warehouse_interfaces
[0.259s] -- Up-to-date: /home/fourfold/dev/inmind sessions/inmind-session-6/inmind-assignment6-firas/install/warehouse_interfaces/share/warehouse_interfaces/environment/ament_prefix_path.sh
[0.259s] -- Up-to-date: /home/fourfold/dev/inmind sessions/inmind-session-6/inmind-assignment6-firas/install/warehouse_interfaces/share/warehouse_interfaces/environment/ament_prefix_path.dsv
[0.260s] -- Up-to-date: /home/fourfold/dev/inmind sessions/inmind-session-6/inmind-assignment6-firas/install/warehouse_interfaces/share/warehouse_interfaces/environment/path.sh
[0.260s] -- Up-to-date: /home/fourfold/dev/inmind sessions/inmind-session-6/inmind-assignment6-firas/install/warehouse_interfaces/share/warehouse_interfaces/environment/path.dsv
[0.260s] -- Up-to-date: /home/fourfold/dev/inmind sessions/inmind-session-6/inmind-assignment6-firas/install/warehouse_interfaces/share/warehouse_interfaces/local_setup.bash
[0.260s] -- Up-to-date: /home/fourfold/dev/inmind sessions/inmind-session-6/inmind-assignment6-firas/install/warehouse_interfaces/share/warehouse_interfaces/local_setup.sh
[0.260s] -- Up-to-date: /home/fourfold/dev/inmind sessions/inmind-session-6/inmind-assignment6-firas/install/warehouse_interfaces/share/warehouse_interfaces/local_setup.zsh
[0.260s] -- Up-to-date: /home/fourfold/dev/inmind sessions/inmind-session-6/inmind-assignment6-firas/install/warehouse_interfaces/share/warehouse_interfaces/local_setup.dsv
[0.260s] -- Installing: /home/fourfold/dev/inmind sessions/inmind-session-6/inmind-assignment6-firas/install/warehouse_interfaces/share/warehouse_interfaces/package.dsv
[0.260s] -- Up-to-date: /home/fourfold/dev/inmind sessions/inmind-session-6/inmind-assignment6-firas/install/warehouse_interfaces/share/ament_index/resource_index/packages/warehouse_interfaces
[0.260s] -- Up-to-date: /home/fourfold/dev/inmind sessions/inmind-session-6/inmind-assignment6-firas/install/warehouse_interfaces/share/warehouse_interfaces/cmake/export_warehouse_interfaces__rosidl_generator_cExport.cmake
[0.260s] -- Up-to-date: /home/fourfold/dev/inmind sessions/inmind-session-6/inmind-assignment6-firas/install/warehouse_interfaces/share/warehouse_interfaces/cmake/export_warehouse_interfaces__rosidl_generator_cExport-noconfig.cmake
[0.260s] -- Up-to-date: /home/fourfold/dev/inmind sessions/inmind-session-6/inmind-assignment6-firas/install/warehouse_interfaces/share/warehouse_interfaces/cmake/export_warehouse_interfaces__rosidl_typesupport_fastrtps_cExport.cmake
[0.260s] -- Up-to-date: /home/fourfold/dev/inmind sessions/inmind-session-6/inmind-assignment6-firas/install/warehouse_interfaces/share/warehouse_interfaces/cmake/export_warehouse_interfaces__rosidl_typesupport_fastrtps_cExport-noconfig.cmake
[0.260s] -- Up-to-date: /home/fourfold/dev/inmind sessions/inmind-session-6/inmind-assignment6-firas/install/warehouse_interfaces/share/warehouse_interfaces/cmake/warehouse_interfaces__rosidl_typesupport_introspection_cExport.cmake
[0.260s] -- Up-to-date: /home/fourfold/dev/inmind sessions/inmind-session-6/inmind-assignment6-firas/install/warehouse_interfaces/share/warehouse_interfaces/cmake/warehouse_interfaces__rosidl_typesupport_introspection_cExport-noconfig.cmake
[0.260s] -- Up-to-date: /home/fourfold/dev/inmind sessions/inmind-session-6/inmind-assignment6-firas/install/warehouse_interfaces/share/warehouse_interfaces/cmake/warehouse_interfaces__rosidl_typesupport_cExport.cmake
[0.260s] -- Up-to-date: /home/fourfold/dev/inmind sessions/inmind-session-6/inmind-assignment6-firas/install/warehouse_interfaces/share/warehouse_interfaces/cmake/warehouse_interfaces__rosidl_typesupport_cExport-noconfig.cmake
[0.260s] -- Up-to-date: /home/fourfold/dev/inmind sessions/inmind-session-6/inmind-assignment6-firas/install/warehouse_interfaces/share/warehouse_interfaces/cmake/export_warehouse_interfaces__rosidl_generator_cppExport.cmake
[0.260s] -- Up-to-date: /home/fourfold/dev/inmind sessions/inmind-session-6/inmind-assignment6-firas/install/warehouse_interfaces/share/warehouse_interfaces/cmake/export_warehouse_interfaces__rosidl_typesupport_fastrtps_cppExport.cmake
[0.260s] -- Up-to-date: /home/fourfold/dev/inmind sessions/inmind-session-6/inmind-assignment6-firas/install/warehouse_interfaces/share/warehouse_interfaces/cmake/export_warehouse_interfaces__rosidl_typesupport_fastrtps_cppExport-noconfig.cmake
[0.260s] -- Up-to-date: /home/fourfold/dev/inmind sessions/inmind-session-6/inmind-assignment6-firas/install/warehouse_interfaces/share/warehouse_interfaces/cmake/warehouse_interfaces__rosidl_typesupport_introspection_cppExport.cmake
[0.260s] -- Up-to-date: /home/fourfold/dev/inmind sessions/inmind-session-6/inmind-assignment6-firas/install/warehouse_interfaces/share/warehouse_interfaces/cmake/warehouse_interfaces__rosidl_typesupport_introspection_cppExport-noconfig.cmake
[0.260s] -- Up-to-date: /home/fourfold/dev/inmind sessions/inmind-session-6/inmind-assignment6-firas/install/warehouse_interfaces/share/warehouse_interfaces/cmake/warehouse_interfaces__rosidl_typesupport_cppExport.cmake
[0.260s] -- Up-to-date: /home/fourfold/dev/inmind sessions/inmind-session-6/inmind-assignment6-firas/install/warehouse_interfaces/share/warehouse_interfaces/cmake/warehouse_interfaces__rosidl_typesupport_cppExport-noconfig.cmake
[0.260s] -- Up-to-date: /home/fourfold/dev/inmind sessions/inmind-session-6/inmind-assignment6-firas/install/warehouse_interfaces/share/warehouse_interfaces/cmake/export_warehouse_interfaces__rosidl_generator_pyExport.cmake
[0.260s] -- Up-to-date: /home/fourfold/dev/inmind sessions/inmind-session-6/inmind-assignment6-firas/install/warehouse_interfaces/share/warehouse_interfaces/cmake/export_warehouse_interfaces__rosidl_generator_pyExport-noconfig.cmake
[0.260s] -- Up-to-date: /home/fourfold/dev/inmind sessions/inmind-session-6/inmind-assignment6-firas/install/warehouse_interfaces/share/warehouse_interfaces/cmake/rosidl_cmake-extras.cmake
[0.261s] -- Up-to-date: /home/fourfold/dev/inmind sessions/inmind-session-6/inmind-assignment6-firas/install/warehouse_interfaces/share/warehouse_interfaces/cmake/ament_cmake_export_dependencies-extras.cmake
[0.261s] -- Up-to-date: /home/fourfold/dev/inmind sessions/inmind-session-6/inmind-assignment6-firas/install/warehouse_interfaces/share/warehouse_interfaces/cmake/ament_cmake_export_include_directories-extras.cmake
[0.261s] -- Up-to-date: /home/fourfold/dev/inmind sessions/inmind-session-6/inmind-assignment6-firas/install/warehouse_interfaces/share/warehouse_interfaces/cmake/ament_cmake_export_libraries-extras.cmake
[0.261s] -- Up-to-date: /home/fourfold/dev/inmind sessions/inmind-session-6/inmind-assignment6-firas/install/warehouse_interfaces/share/warehouse_interfaces/cmake/ament_cmake_export_targets-extras.cmake
[0.261s] -- Up-to-date: /home/fourfold/dev/inmind sessions/inmind-session-6/inmind-assignment6-firas/install/warehouse_interfaces/share/warehouse_interfaces/cmake/rosidl_cmake_export_typesupport_targets-extras.cmake
[0.261s] -- Up-to-date: /home/fourfold/dev/inmind sessions/inmind-session-6/inmind-assignment6-firas/install/warehouse_interfaces/share/warehouse_interfaces/cmake/rosidl_cmake_export_typesupport_libraries-extras.cmake
[0.261s] -- Up-to-date: /home/fourfold/dev/inmind sessions/inmind-session-6/inmind-assignment6-firas/install/warehouse_interfaces/share/warehouse_interfaces/cmake/warehouse_interfacesConfig.cmake
[0.261s] -- Up-to-date: /home/fourfold/dev/inmind sessions/inmind-session-6/inmind-assignment6-firas/install/warehouse_interfaces/share/warehouse_interfaces/cmake/warehouse_interfacesConfig-version.cmake
[0.261s] -- Up-to-date: /home/fourfold/dev/inmind sessions/inmind-session-6/inmind-assignment6-firas/install/warehouse_interfaces/share/warehouse_interfaces/package.xml
[0.262s] Invoked command in '/home/fourfold/dev/inmind sessions/inmind-session-6/inmind-assignment6-firas/build/warehouse_interfaces' returned '0': CMAKE_PREFIX_PATH=${CMAKE_PREFIX_PATH}:/home/fourfold/dev/inmind sessions/inmind-session-6/inmind-assignment6-firas/install/warehouse_robot:/opt/ros/humble /usr/bin/cmake --install /home/fourfold/dev/inmind sessions/inmind-session-6/inmind-assignment6-firas/build/warehouse_interfaces
