[0.057s] DEBUG:colcon:Command line arguments: ['/usr/bin/colcon', 'build']
[0.057s] DEBUG:colcon:Parsed command line arguments: Namespace(log_base=None, log_level=None, verb_name='build', build_base='build', install_base='install', merge_install=False, symlink_install=False, test_result_base=None, continue_on_error=False, executor='parallel', parallel_workers=16, event_handlers=None, ignore_user_meta=False, metas=['./colcon.meta'], base_paths=['.'], packages_ignore=None, packages_ignore_regex=None, paths=None, packages_up_to=None, packages_up_to_regex=None, packages_above=None, packages_above_and_dependencies=None, packages_above_depth=None, packages_select_by_dep=None, packages_skip_by_dep=None, packages_skip_up_to=None, packages_select_build_failed=False, packages_skip_build_finished=False, packages_select_test_failures=False, packages_skip_test_passed=False, packages_select=None, packages_skip=None, packages_select_regex=None, packages_skip_regex=None, packages_start=None, packages_end=None, allow_overriding=[], cmake_args=None, cmake_target=None, cmake_target_skip_unavailable=False, cmake_clean_cache=False, cmake_clean_first=False, cmake_force_configure=False, ament_cmake_args=None, catkin_cmake_args=None, catkin_skip_building_tests=False, mixin_files=None, mixin=None, verb_parser=<colcon_mixin.mixin.mixin_argument.MixinArgumentDecorator object at 0x7425d260a080>, verb_extension=<colcon_core.verb.build.BuildVerb object at 0x7425d2609bd0>, main=<bound method BuildVerb.main of <colcon_core.verb.build.BuildVerb object at 0x7425d2609bd0>>, mixin_verb=('build',))
[0.136s] Level 1:colcon.colcon_core.package_discovery:discover_packages(colcon_meta) check parameters
[0.136s] Level 1:colcon.colcon_core.package_discovery:discover_packages(recursive) check parameters
[0.136s] Level 1:colcon.colcon_core.package_discovery:discover_packages(ignore) check parameters
[0.136s] Level 1:colcon.colcon_core.package_discovery:discover_packages(path) check parameters
[0.136s] Level 1:colcon.colcon_core.package_discovery:discover_packages(colcon_meta) discover
[0.136s] Level 1:colcon.colcon_core.package_discovery:discover_packages(recursive) discover
[0.136s] INFO:colcon.colcon_core.package_discovery:Crawling recursively for packages in '/home/fourfold/dev/inmind sessions/inmind-session-6/assignment_6/src'
[0.136s] Level 1:colcon.colcon_core.package_identification:_identify(.) by extensions ['ignore', 'ignore_ament_install']
[0.136s] Level 1:colcon.colcon_core.package_identification:_identify(.) by extension 'ignore'
[0.136s] Level 1:colcon.colcon_core.package_identification:_identify(.) by extension 'ignore_ament_install'
[0.136s] Level 1:colcon.colcon_core.package_identification:_identify(.) by extensions ['colcon_pkg']
[0.136s] Level 1:colcon.colcon_core.package_identification:_identify(.) by extension 'colcon_pkg'
[0.136s] Level 1:colcon.colcon_core.package_identification:_identify(.) by extensions ['colcon_meta']
[0.136s] Level 1:colcon.colcon_core.package_identification:_identify(.) by extension 'colcon_meta'
[0.136s] Level 1:colcon.colcon_core.package_identification:_identify(.) by extensions ['ros']
[0.136s] Level 1:colcon.colcon_core.package_identification:_identify(.) by extension 'ros'
[0.142s] Level 1:colcon.colcon_core.package_identification:_identify(.) by extensions ['cmake', 'python']
[0.142s] Level 1:colcon.colcon_core.package_identification:_identify(.) by extension 'cmake'
[0.142s] Level 1:colcon.colcon_core.package_identification:_identify(.) by extension 'python'
[0.142s] Level 1:colcon.colcon_core.package_identification:_identify(.) by extensions ['python_setup_py']
[0.142s] Level 1:colcon.colcon_core.package_identification:_identify(.) by extension 'python_setup_py'
[0.142s] Level 1:colcon.colcon_core.package_identification:_identify(build) by extensions ['ignore', 'ignore_ament_install']
[0.143s] Level 1:colcon.colcon_core.package_identification:_identify(build) by extension 'ignore'
[0.143s] Level 1:colcon.colcon_core.package_identification:_identify(build) ignored
[0.143s] Level 1:colcon.colcon_core.package_identification:_identify(install) by extensions ['ignore', 'ignore_ament_install']
[0.143s] Level 1:colcon.colcon_core.package_identification:_identify(install) by extension 'ignore'
[0.143s] Level 1:colcon.colcon_core.package_identification:_identify(install) ignored
[0.143s] Level 1:colcon.colcon_core.package_identification:_identify(log) by extensions ['ignore', 'ignore_ament_install']
[0.143s] Level 1:colcon.colcon_core.package_identification:_identify(log) by extension 'ignore'
[0.143s] Level 1:colcon.colcon_core.package_identification:_identify(log) ignored
[0.143s] Level 1:colcon.colcon_core.package_identification:_identify(warehouse_interfaces) by extensions ['ignore', 'ignore_ament_install']
[0.143s] Level 1:colcon.colcon_core.package_identification:_identify(warehouse_interfaces) by extension 'ignore'
[0.143s] Level 1:colcon.colcon_core.package_identification:_identify(warehouse_interfaces) by extension 'ignore_ament_install'
[0.143s] Level 1:colcon.colcon_core.package_identification:_identify(warehouse_interfaces) by extensions ['colcon_pkg']
[0.143s] Level 1:colcon.colcon_core.package_identification:_identify(warehouse_interfaces) by extension 'colcon_pkg'
[0.143s] Level 1:colcon.colcon_core.package_identification:_identify(warehouse_interfaces) by extensions ['colcon_meta']
[0.143s] Level 1:colcon.colcon_core.package_identification:_identify(warehouse_interfaces) by extension 'colcon_meta'
[0.143s] Level 1:colcon.colcon_core.package_identification:_identify(warehouse_interfaces) by extensions ['ros']
[0.143s] Level 1:colcon.colcon_core.package_identification:_identify(warehouse_interfaces) by extension 'ros'
[0.144s] DEBUG:colcon.colcon_core.package_identification:Package 'warehouse_interfaces' with type 'ros.ament_cmake' and name 'warehouse_interfaces'
[0.144s] Level 1:colcon.colcon_core.package_identification:_identify(warehouse_robot) by extensions ['ignore', 'ignore_ament_install']
[0.144s] Level 1:colcon.colcon_core.package_identification:_identify(warehouse_robot) by extension 'ignore'
[0.144s] Level 1:colcon.colcon_core.package_identification:_identify(warehouse_robot) by extension 'ignore_ament_install'
[0.144s] Level 1:colcon.colcon_core.package_identification:_identify(warehouse_robot) by extensions ['colcon_pkg']
[0.144s] Level 1:colcon.colcon_core.package_identification:_identify(warehouse_robot) by extension 'colcon_pkg'
[0.144s] Level 1:colcon.colcon_core.package_identification:_identify(warehouse_robot) by extensions ['colcon_meta']
[0.144s] Level 1:colcon.colcon_core.package_identification:_identify(warehouse_robot) by extension 'colcon_meta'
[0.144s] Level 1:colcon.colcon_core.package_identification:_identify(warehouse_robot) by extensions ['ros']
[0.144s] Level 1:colcon.colcon_core.package_identification:_identify(warehouse_robot) by extension 'ros'
[0.145s] DEBUG:colcon.colcon_core.package_identification:Package 'warehouse_robot' with type 'ros.ament_python' and name 'warehouse_robot'
[0.145s] Level 1:colcon.colcon_core.package_discovery:discover_packages(recursive) using defaults
[0.145s] Level 1:colcon.colcon_core.package_discovery:discover_packages(ignore) discover
[0.145s] Level 1:colcon.colcon_core.package_discovery:discover_packages(ignore) using defaults
[0.145s] Level 1:colcon.colcon_core.package_discovery:discover_packages(path) discover
[0.145s] Level 1:colcon.colcon_core.package_discovery:discover_packages(path) using defaults
[0.155s] Level 1:colcon.colcon_core.package_discovery:discover_packages(prefix_path) check parameters
[0.155s] Level 1:colcon.colcon_core.package_discovery:discover_packages(prefix_path) discover
[0.156s] DEBUG:colcon.colcon_installed_package_information.package_discovery:Found 0 installed packages in /home/fourfold/dev/inmind sessions/inmind-session-6/assignment_6/install
[0.156s] DEBUG:colcon.colcon_installed_package_information.package_discovery:Found 270 installed packages in /opt/ros/humble
[0.157s] Level 1:colcon.colcon_core.package_discovery:discover_packages(prefix_path) using defaults
[0.179s] Level 5:colcon.colcon_core.verb:set package 'warehouse_interfaces' build argument 'cmake_args' from command line to 'None'
[0.179s] Level 5:colcon.colcon_core.verb:set package 'warehouse_interfaces' build argument 'cmake_target' from command line to 'None'
[0.179s] Level 5:colcon.colcon_core.verb:set package 'warehouse_interfaces' build argument 'cmake_target_skip_unavailable' from command line to 'False'
[0.179s] Level 5:colcon.colcon_core.verb:set package 'warehouse_interfaces' build argument 'cmake_clean_cache' from command line to 'False'
[0.179s] Level 5:colcon.colcon_core.verb:set package 'warehouse_interfaces' build argument 'cmake_clean_first' from command line to 'False'
[0.179s] Level 5:colcon.colcon_core.verb:set package 'warehouse_interfaces' build argument 'cmake_force_configure' from command line to 'False'
[0.179s] Level 5:colcon.colcon_core.verb:set package 'warehouse_interfaces' build argument 'ament_cmake_args' from command line to 'None'
[0.179s] Level 5:colcon.colcon_core.verb:set package 'warehouse_interfaces' build argument 'catkin_cmake_args' from command line to 'None'
[0.179s] Level 5:colcon.colcon_core.verb:set package 'warehouse_interfaces' build argument 'catkin_skip_building_tests' from command line to 'False'
[0.179s] DEBUG:colcon.colcon_core.verb:Building package 'warehouse_interfaces' with the following arguments: {'ament_cmake_args': None, 'build_base': '/home/fourfold/dev/inmind sessions/inmind-session-6/assignment_6/src/build/warehouse_interfaces', 'catkin_cmake_args': None, 'catkin_skip_building_tests': False, 'cmake_args': None, 'cmake_clean_cache': False, 'cmake_clean_first': False, 'cmake_force_configure': False, 'cmake_target': None, 'cmake_target_skip_unavailable': False, 'install_base': '/home/fourfold/dev/inmind sessions/inmind-session-6/assignment_6/src/install/warehouse_interfaces', 'merge_install': False, 'path': '/home/fourfold/dev/inmind sessions/inmind-session-6/assignment_6/src/warehouse_interfaces', 'symlink_install': False, 'test_result_base': None}
[0.179s] Level 5:colcon.colcon_core.verb:set package 'warehouse_robot' build argument 'cmake_args' from command line to 'None'
[0.179s] Level 5:colcon.colcon_core.verb:set package 'warehouse_robot' build argument 'cmake_target' from command line to 'None'
[0.179s] Level 5:colcon.colcon_core.verb:set package 'warehouse_robot' build argument 'cmake_target_skip_unavailable' from command line to 'False'
[0.179s] Level 5:colcon.colcon_core.verb:set package 'warehouse_robot' build argument 'cmake_clean_cache' from command line to 'False'
[0.179s] Level 5:colcon.colcon_core.verb:set package 'warehouse_robot' build argument 'cmake_clean_first' from command line to 'False'
[0.179s] Level 5:colcon.colcon_core.verb:set package 'warehouse_robot' build argument 'cmake_force_configure' from command line to 'False'
[0.179s] Level 5:colcon.colcon_core.verb:set package 'warehouse_robot' build argument 'ament_cmake_args' from command line to 'None'
[0.179s] Level 5:colcon.colcon_core.verb:set package 'warehouse_robot' build argument 'catkin_cmake_args' from command line to 'None'
[0.179s] Level 5:colcon.colcon_core.verb:set package 'warehouse_robot' build argument 'catkin_skip_building_tests' from command line to 'False'
[0.179s] DEBUG:colcon.colcon_core.verb:Building package 'warehouse_robot' with the following arguments: {'ament_cmake_args': None, 'build_base': '/home/fourfold/dev/inmind sessions/inmind-session-6/assignment_6/src/build/warehouse_robot', 'catkin_cmake_args': None, 'catkin_skip_building_tests': False, 'cmake_args': None, 'cmake_clean_cache': False, 'cmake_clean_first': False, 'cmake_force_configure': False, 'cmake_target': None, 'cmake_target_skip_unavailable': False, 'install_base': '/home/fourfold/dev/inmind sessions/inmind-session-6/assignment_6/src/install/warehouse_robot', 'merge_install': False, 'path': '/home/fourfold/dev/inmind sessions/inmind-session-6/assignment_6/src/warehouse_robot', 'symlink_install': False, 'test_result_base': None}
[0.179s] INFO:colcon.colcon_core.executor:Executing jobs using 'parallel' executor
[0.180s] DEBUG:colcon.colcon_parallel_executor.executor.parallel:run_until_complete
[0.180s] INFO:colcon.colcon_ros.task.ament_cmake.build:Building ROS package in '/home/fourfold/dev/inmind sessions/inmind-session-6/assignment_6/src/warehouse_interfaces' with build type 'ament_cmake'
[0.180s] INFO:colcon.colcon_cmake.task.cmake.build:Building CMake package in '/home/fourfold/dev/inmind sessions/inmind-session-6/assignment_6/src/warehouse_interfaces'
[0.181s] INFO:colcon.colcon_core.plugin_system:Skipping extension 'colcon_core.shell.bat': Not used on non-Windows systems
[0.181s] INFO:colcon.colcon_core.shell:Skip shell extension 'powershell' for command environment: Not usable outside of PowerShell
[0.181s] DEBUG:colcon.colcon_core.shell:Skip shell extension 'dsv' for command environment
[0.183s] INFO:colcon.colcon_ros.task.ament_python.build:Building ROS package in '/home/fourfold/dev/inmind sessions/inmind-session-6/assignment_6/src/warehouse_robot' with build type 'ament_python'
[0.183s] Level 1:colcon.colcon_core.shell:create_environment_hook('warehouse_robot', 'ament_prefix_path')
[0.183s] INFO:colcon.colcon_core.shell:Creating environment hook '/home/fourfold/dev/inmind sessions/inmind-session-6/assignment_6/src/install/warehouse_robot/share/warehouse_robot/hook/ament_prefix_path.ps1'
[0.183s] INFO:colcon.colcon_core.shell:Creating environment descriptor '/home/fourfold/dev/inmind sessions/inmind-session-6/assignment_6/src/install/warehouse_robot/share/warehouse_robot/hook/ament_prefix_path.dsv'
[0.183s] INFO:colcon.colcon_core.shell:Creating environment hook '/home/fourfold/dev/inmind sessions/inmind-session-6/assignment_6/src/install/warehouse_robot/share/warehouse_robot/hook/ament_prefix_path.sh'
[0.184s] INFO:colcon.colcon_core.shell:Skip shell extension 'powershell' for command environment: Not usable outside of PowerShell
[0.184s] DEBUG:colcon.colcon_core.shell:Skip shell extension 'dsv' for command environment
[0.187s] DEBUG:colcon.colcon_core.event_handler.log_command:Invoking command in '/home/fourfold/dev/inmind sessions/inmind-session-6/assignment_6/src/build/warehouse_interfaces': CMAKE_PREFIX_PATH=/opt/ros/humble /usr/bin/cmake /home/fourfold/dev/inmind sessions/inmind-session-6/assignment_6/src/warehouse_interfaces -DCMAKE_INSTALL_PREFIX=/home/fourfold/dev/inmind sessions/inmind-session-6/assignment_6/src/install/warehouse_interfaces
[0.316s] INFO:colcon.colcon_core.task.python.build:Building Python package in '/home/fourfold/dev/inmind sessions/inmind-session-6/assignment_6/src/warehouse_robot'
[0.316s] INFO:colcon.colcon_core.shell:Skip shell extension 'powershell' for command environment: Not usable outside of PowerShell
[0.316s] DEBUG:colcon.colcon_core.shell:Skip shell extension 'dsv' for command environment
[0.475s] DEBUG:colcon.colcon_core.event_handler.log_command:Invoking command in '/home/fourfold/dev/inmind sessions/inmind-session-6/assignment_6/src/warehouse_robot': PYTHONPATH=/home/fourfold/dev/inmind sessions/inmind-session-6/assignment_6/src/build/warehouse_robot/prefix_override:/usr/lib/python3/dist-packages/colcon_core/task/python/colcon_distutils_commands:/home/fourfold/dev/inmind sessions/inmind-session-6/assignment_6/src/install/warehouse_robot/lib/python3.10/site-packages:${PYTHONPATH} /usr/bin/python3 -W ignore:setup.py install is deprecated setup.py egg_info --egg-base ../build/warehouse_robot build --build-base /home/fourfold/dev/inmind sessions/inmind-session-6/assignment_6/src/build/warehouse_robot/build install --record /home/fourfold/dev/inmind sessions/inmind-session-6/assignment_6/src/build/warehouse_robot/install.log --single-version-externally-managed install_data
[0.615s] DEBUG:colcon.colcon_core.event_handler.log_command:Invoked command in '/home/fourfold/dev/inmind sessions/inmind-session-6/assignment_6/src/warehouse_robot' returned '0': PYTHONPATH=/home/fourfold/dev/inmind sessions/inmind-session-6/assignment_6/src/build/warehouse_robot/prefix_override:/usr/lib/python3/dist-packages/colcon_core/task/python/colcon_distutils_commands:/home/fourfold/dev/inmind sessions/inmind-session-6/assignment_6/src/install/warehouse_robot/lib/python3.10/site-packages:${PYTHONPATH} /usr/bin/python3 -W ignore:setup.py install is deprecated setup.py egg_info --egg-base ../build/warehouse_robot build --build-base /home/fourfold/dev/inmind sessions/inmind-session-6/assignment_6/src/build/warehouse_robot/build install --record /home/fourfold/dev/inmind sessions/inmind-session-6/assignment_6/src/build/warehouse_robot/install.log --single-version-externally-managed install_data
[0.616s] Level 1:colcon.colcon_core.environment:checking '/home/fourfold/dev/inmind sessions/inmind-session-6/assignment_6/src/install/warehouse_robot' for CMake module files
[0.616s] Level 1:colcon.colcon_core.environment:checking '/home/fourfold/dev/inmind sessions/inmind-session-6/assignment_6/src/install/warehouse_robot' for CMake config files
[0.617s] Level 1:colcon.colcon_core.environment:checking '/home/fourfold/dev/inmind sessions/inmind-session-6/assignment_6/src/install/warehouse_robot/lib'
[0.617s] Level 1:colcon.colcon_core.environment:checking '/home/fourfold/dev/inmind sessions/inmind-session-6/assignment_6/src/install/warehouse_robot/bin'
[0.617s] Level 1:colcon.colcon_core.environment:checking '/home/fourfold/dev/inmind sessions/inmind-session-6/assignment_6/src/install/warehouse_robot/lib/pkgconfig/warehouse_robot.pc'
[0.617s] Level 1:colcon.colcon_core.environment:checking '/home/fourfold/dev/inmind sessions/inmind-session-6/assignment_6/src/install/warehouse_robot/lib/python3.10/site-packages'
[0.617s] Level 1:colcon.colcon_core.shell:create_environment_hook('warehouse_robot', 'pythonpath')
[0.617s] INFO:colcon.colcon_core.shell:Creating environment hook '/home/fourfold/dev/inmind sessions/inmind-session-6/assignment_6/src/install/warehouse_robot/share/warehouse_robot/hook/pythonpath.ps1'
[0.618s] INFO:colcon.colcon_core.shell:Creating environment descriptor '/home/fourfold/dev/inmind sessions/inmind-session-6/assignment_6/src/install/warehouse_robot/share/warehouse_robot/hook/pythonpath.dsv'
[0.618s] INFO:colcon.colcon_core.shell:Creating environment hook '/home/fourfold/dev/inmind sessions/inmind-session-6/assignment_6/src/install/warehouse_robot/share/warehouse_robot/hook/pythonpath.sh'
[0.618s] Level 1:colcon.colcon_core.environment:checking '/home/fourfold/dev/inmind sessions/inmind-session-6/assignment_6/src/install/warehouse_robot/bin'
[0.618s] Level 1:colcon.colcon_core.environment:create_environment_scripts_only(warehouse_robot)
[0.618s] INFO:colcon.colcon_core.shell:Creating package script '/home/fourfold/dev/inmind sessions/inmind-session-6/assignment_6/src/install/warehouse_robot/share/warehouse_robot/package.ps1'
[0.619s] INFO:colcon.colcon_core.shell:Creating package descriptor '/home/fourfold/dev/inmind sessions/inmind-session-6/assignment_6/src/install/warehouse_robot/share/warehouse_robot/package.dsv'
[0.619s] INFO:colcon.colcon_core.shell:Creating package script '/home/fourfold/dev/inmind sessions/inmind-session-6/assignment_6/src/install/warehouse_robot/share/warehouse_robot/package.sh'
[0.619s] INFO:colcon.colcon_core.shell:Creating package script '/home/fourfold/dev/inmind sessions/inmind-session-6/assignment_6/src/install/warehouse_robot/share/warehouse_robot/package.bash'
[0.620s] INFO:colcon.colcon_core.shell:Creating package script '/home/fourfold/dev/inmind sessions/inmind-session-6/assignment_6/src/install/warehouse_robot/share/warehouse_robot/package.zsh'
[0.620s] Level 1:colcon.colcon_core.environment:create_file_with_runtime_dependencies(/home/fourfold/dev/inmind sessions/inmind-session-6/assignment_6/src/install/warehouse_robot/share/colcon-core/packages/warehouse_robot)
[0.756s] DEBUG:colcon.colcon_core.event_handler.log_command:Invoked command in '/home/fourfold/dev/inmind sessions/inmind-session-6/assignment_6/src/build/warehouse_interfaces' returned '0': CMAKE_PREFIX_PATH=/opt/ros/humble /usr/bin/cmake /home/fourfold/dev/inmind sessions/inmind-session-6/assignment_6/src/warehouse_interfaces -DCMAKE_INSTALL_PREFIX=/home/fourfold/dev/inmind sessions/inmind-session-6/assignment_6/src/install/warehouse_interfaces
[0.756s] DEBUG:colcon.colcon_core.event_handler.log_command:Invoking command in '/home/fourfold/dev/inmind sessions/inmind-session-6/assignment_6/src/build/warehouse_interfaces': CMAKE_PREFIX_PATH=/opt/ros/humble /usr/bin/cmake --build /home/fourfold/dev/inmind sessions/inmind-session-6/assignment_6/src/build/warehouse_interfaces -- -j16 -l16
[1.749s] DEBUG:colcon.colcon_core.event_handler.log_command:Invoked command in '/home/fourfold/dev/inmind sessions/inmind-session-6/assignment_6/src/build/warehouse_interfaces' returned '0': CMAKE_PREFIX_PATH=/opt/ros/humble /usr/bin/cmake --build /home/fourfold/dev/inmind sessions/inmind-session-6/assignment_6/src/build/warehouse_interfaces -- -j16 -l16
[1.785s] DEBUG:colcon.colcon_core.event_handler.log_command:Invoking command in '/home/fourfold/dev/inmind sessions/inmind-session-6/assignment_6/src/build/warehouse_interfaces': CMAKE_PREFIX_PATH=/opt/ros/humble /usr/bin/cmake --install /home/fourfold/dev/inmind sessions/inmind-session-6/assignment_6/src/build/warehouse_interfaces
[1.820s] Level 1:colcon.colcon_core.environment:create_environment_scripts_only(warehouse_interfaces)
[1.821s] Level 1:colcon.colcon_core.environment:checking '/home/fourfold/dev/inmind sessions/inmind-session-6/assignment_6/src/install/warehouse_interfaces' for CMake module files
[1.821s] DEBUG:colcon.colcon_core.event_handler.log_command:Invoked command in '/home/fourfold/dev/inmind sessions/inmind-session-6/assignment_6/src/build/warehouse_interfaces' returned '0': CMAKE_PREFIX_PATH=/opt/ros/humble /usr/bin/cmake --install /home/fourfold/dev/inmind sessions/inmind-session-6/assignment_6/src/build/warehouse_interfaces
[1.821s] Level 1:colcon.colcon_core.environment:checking '/home/fourfold/dev/inmind sessions/inmind-session-6/assignment_6/src/install/warehouse_interfaces' for CMake config files
[1.821s] Level 1:colcon.colcon_core.shell:create_environment_hook('warehouse_interfaces', 'cmake_prefix_path')
[1.821s] INFO:colcon.colcon_core.shell:Creating environment hook '/home/fourfold/dev/inmind sessions/inmind-session-6/assignment_6/src/install/warehouse_interfaces/share/warehouse_interfaces/hook/cmake_prefix_path.ps1'
[1.822s] INFO:colcon.colcon_core.shell:Creating environment descriptor '/home/fourfold/dev/inmind sessions/inmind-session-6/assignment_6/src/install/warehouse_interfaces/share/warehouse_interfaces/hook/cmake_prefix_path.dsv'
[1.822s] INFO:colcon.colcon_core.shell:Creating environment hook '/home/fourfold/dev/inmind sessions/inmind-session-6/assignment_6/src/install/warehouse_interfaces/share/warehouse_interfaces/hook/cmake_prefix_path.sh'
[1.822s] Level 1:colcon.colcon_core.environment:checking '/home/fourfold/dev/inmind sessions/inmind-session-6/assignment_6/src/install/warehouse_interfaces/lib'
[1.822s] Level 1:colcon.colcon_core.shell:create_environment_hook('warehouse_interfaces', 'ld_library_path_lib')
[1.822s] INFO:colcon.colcon_core.shell:Creating environment hook '/home/fourfold/dev/inmind sessions/inmind-session-6/assignment_6/src/install/warehouse_interfaces/share/warehouse_interfaces/hook/ld_library_path_lib.ps1'
[1.822s] INFO:colcon.colcon_core.shell:Creating environment descriptor '/home/fourfold/dev/inmind sessions/inmind-session-6/assignment_6/src/install/warehouse_interfaces/share/warehouse_interfaces/hook/ld_library_path_lib.dsv'
[1.823s] INFO:colcon.colcon_core.shell:Creating environment hook '/home/fourfold/dev/inmind sessions/inmind-session-6/assignment_6/src/install/warehouse_interfaces/share/warehouse_interfaces/hook/ld_library_path_lib.sh'
[1.823s] Level 1:colcon.colcon_core.environment:checking '/home/fourfold/dev/inmind sessions/inmind-session-6/assignment_6/src/install/warehouse_interfaces/bin'
[1.823s] Level 1:colcon.colcon_core.environment:checking '/home/fourfold/dev/inmind sessions/inmind-session-6/assignment_6/src/install/warehouse_interfaces/lib/pkgconfig/warehouse_interfaces.pc'
[1.823s] Level 1:colcon.colcon_core.environment:checking '/home/fourfold/dev/inmind sessions/inmind-session-6/assignment_6/src/install/warehouse_interfaces/lib/python3.10/site-packages'
[1.823s] Level 1:colcon.colcon_core.environment:checking '/home/fourfold/dev/inmind sessions/inmind-session-6/assignment_6/src/install/warehouse_interfaces/bin'
[1.823s] INFO:colcon.colcon_core.shell:Creating package script '/home/fourfold/dev/inmind sessions/inmind-session-6/assignment_6/src/install/warehouse_interfaces/share/warehouse_interfaces/package.ps1'
[1.823s] INFO:colcon.colcon_core.shell:Creating package descriptor '/home/fourfold/dev/inmind sessions/inmind-session-6/assignment_6/src/install/warehouse_interfaces/share/warehouse_interfaces/package.dsv'
[1.823s] INFO:colcon.colcon_core.shell:Creating package script '/home/fourfold/dev/inmind sessions/inmind-session-6/assignment_6/src/install/warehouse_interfaces/share/warehouse_interfaces/package.sh'
[1.824s] INFO:colcon.colcon_core.shell:Creating package script '/home/fourfold/dev/inmind sessions/inmind-session-6/assignment_6/src/install/warehouse_interfaces/share/warehouse_interfaces/package.bash'
[1.824s] INFO:colcon.colcon_core.shell:Creating package script '/home/fourfold/dev/inmind sessions/inmind-session-6/assignment_6/src/install/warehouse_interfaces/share/warehouse_interfaces/package.zsh'
[1.824s] Level 1:colcon.colcon_core.environment:create_file_with_runtime_dependencies(/home/fourfold/dev/inmind sessions/inmind-session-6/assignment_6/src/install/warehouse_interfaces/share/colcon-core/packages/warehouse_interfaces)
[1.877s] Level 1:colcon.colcon_core.environment:create_environment_scripts_only(warehouse_interfaces)
[1.877s] Level 1:colcon.colcon_core.environment:checking '/home/fourfold/dev/inmind sessions/inmind-session-6/assignment_6/src/install/warehouse_interfaces' for CMake module files
[1.878s] Level 1:colcon.colcon_core.environment:checking '/home/fourfold/dev/inmind sessions/inmind-session-6/assignment_6/src/install/warehouse_interfaces' for CMake config files
[1.879s] Level 1:colcon.colcon_core.shell:create_environment_hook('warehouse_interfaces', 'cmake_prefix_path')
[1.879s] INFO:colcon.colcon_core.shell:Creating environment hook '/home/fourfold/dev/inmind sessions/inmind-session-6/assignment_6/src/install/warehouse_interfaces/share/warehouse_interfaces/hook/cmake_prefix_path.ps1'
[1.879s] INFO:colcon.colcon_core.shell:Creating environment descriptor '/home/fourfold/dev/inmind sessions/inmind-session-6/assignment_6/src/install/warehouse_interfaces/share/warehouse_interfaces/hook/cmake_prefix_path.dsv'
[1.879s] INFO:colcon.colcon_core.shell:Creating environment hook '/home/fourfold/dev/inmind sessions/inmind-session-6/assignment_6/src/install/warehouse_interfaces/share/warehouse_interfaces/hook/cmake_prefix_path.sh'
[1.880s] Level 1:colcon.colcon_core.environment:checking '/home/fourfold/dev/inmind sessions/inmind-session-6/assignment_6/src/install/warehouse_interfaces/lib'
[1.880s] Level 1:colcon.colcon_core.shell:create_environment_hook('warehouse_interfaces', 'ld_library_path_lib')
[1.880s] INFO:colcon.colcon_core.shell:Creating environment hook '/home/fourfold/dev/inmind sessions/inmind-session-6/assignment_6/src/install/warehouse_interfaces/share/warehouse_interfaces/hook/ld_library_path_lib.ps1'
[1.880s] INFO:colcon.colcon_core.shell:Creating environment descriptor '/home/fourfold/dev/inmind sessions/inmind-session-6/assignment_6/src/install/warehouse_interfaces/share/warehouse_interfaces/hook/ld_library_path_lib.dsv'
[1.881s] INFO:colcon.colcon_core.shell:Creating environment hook '/home/fourfold/dev/inmind sessions/inmind-session-6/assignment_6/src/install/warehouse_interfaces/share/warehouse_interfaces/hook/ld_library_path_lib.sh'
[1.881s] Level 1:colcon.colcon_core.environment:checking '/home/fourfold/dev/inmind sessions/inmind-session-6/assignment_6/src/install/warehouse_interfaces/bin'
[1.881s] Level 1:colcon.colcon_core.environment:checking '/home/fourfold/dev/inmind sessions/inmind-session-6/assignment_6/src/install/warehouse_interfaces/lib/pkgconfig/warehouse_interfaces.pc'
[1.881s] Level 1:colcon.colcon_core.environment:checking '/home/fourfold/dev/inmind sessions/inmind-session-6/assignment_6/src/install/warehouse_interfaces/lib/python3.10/site-packages'
[1.881s] Level 1:colcon.colcon_core.environment:checking '/home/fourfold/dev/inmind sessions/inmind-session-6/assignment_6/src/install/warehouse_interfaces/bin'
[1.881s] INFO:colcon.colcon_core.shell:Creating package script '/home/fourfold/dev/inmind sessions/inmind-session-6/assignment_6/src/install/warehouse_interfaces/share/warehouse_interfaces/package.ps1'
[1.882s] INFO:colcon.colcon_core.shell:Creating package descriptor '/home/fourfold/dev/inmind sessions/inmind-session-6/assignment_6/src/install/warehouse_interfaces/share/warehouse_interfaces/package.dsv'
[1.882s] INFO:colcon.colcon_core.shell:Creating package script '/home/fourfold/dev/inmind sessions/inmind-session-6/assignment_6/src/install/warehouse_interfaces/share/warehouse_interfaces/package.sh'
[1.882s] INFO:colcon.colcon_core.shell:Creating package script '/home/fourfold/dev/inmind sessions/inmind-session-6/assignment_6/src/install/warehouse_interfaces/share/warehouse_interfaces/package.bash'
[1.883s] INFO:colcon.colcon_core.shell:Creating package script '/home/fourfold/dev/inmind sessions/inmind-session-6/assignment_6/src/install/warehouse_interfaces/share/warehouse_interfaces/package.zsh'
[1.883s] Level 1:colcon.colcon_core.environment:create_file_with_runtime_dependencies(/home/fourfold/dev/inmind sessions/inmind-session-6/assignment_6/src/install/warehouse_interfaces/share/colcon-core/packages/warehouse_interfaces)
[1.883s] DEBUG:colcon.colcon_parallel_executor.executor.parallel:closing loop
[1.883s] DEBUG:colcon.colcon_parallel_executor.executor.parallel:loop closed
[1.883s] DEBUG:colcon.colcon_parallel_executor.executor.parallel:run_until_complete finished with '0'
[1.883s] DEBUG:colcon.colcon_core.event_reactor:joining thread
[1.886s] INFO:colcon.colcon_core.plugin_system:Skipping extension 'colcon_notification.desktop_notification.terminal_notifier': Not used on non-Darwin systems
[1.886s] INFO:colcon.colcon_core.plugin_system:Skipping extension 'colcon_notification.desktop_notification.win32': Not used on non-Windows systems
[1.886s] INFO:colcon.colcon_notification.desktop_notification:Sending desktop notification using 'notify2'
[1.895s] DEBUG:colcon.colcon_core.event_reactor:joined thread
[1.895s] INFO:colcon.colcon_core.shell:Creating prefix script '/home/fourfold/dev/inmind sessions/inmind-session-6/assignment_6/src/install/local_setup.ps1'
[1.896s] INFO:colcon.colcon_core.shell:Creating prefix util module '/home/fourfold/dev/inmind sessions/inmind-session-6/assignment_6/src/install/_local_setup_util_ps1.py'
[1.896s] INFO:colcon.colcon_core.shell:Creating prefix chain script '/home/fourfold/dev/inmind sessions/inmind-session-6/assignment_6/src/install/setup.ps1'
[1.897s] INFO:colcon.colcon_core.shell:Creating prefix script '/home/fourfold/dev/inmind sessions/inmind-session-6/assignment_6/src/install/local_setup.sh'
[1.897s] INFO:colcon.colcon_core.shell:Creating prefix util module '/home/fourfold/dev/inmind sessions/inmind-session-6/assignment_6/src/install/_local_setup_util_sh.py'
[1.898s] INFO:colcon.colcon_core.shell:Creating prefix chain script '/home/fourfold/dev/inmind sessions/inmind-session-6/assignment_6/src/install/setup.sh'
[1.898s] INFO:colcon.colcon_core.shell:Creating prefix script '/home/fourfold/dev/inmind sessions/inmind-session-6/assignment_6/src/install/local_setup.bash'
[1.898s] INFO:colcon.colcon_core.shell:Creating prefix chain script '/home/fourfold/dev/inmind sessions/inmind-session-6/assignment_6/src/install/setup.bash'
[1.899s] INFO:colcon.colcon_core.shell:Creating prefix script '/home/fourfold/dev/inmind sessions/inmind-session-6/assignment_6/src/install/local_setup.zsh'
[1.899s] INFO:colcon.colcon_core.shell:Creating prefix chain script '/home/fourfold/dev/inmind sessions/inmind-session-6/assignment_6/src/install/setup.zsh'
