[0.323s] Invoking command in '/home/fourfold/dev/inmind sessions/inmind-session-6/assignment_6/src/warehouse_robot': PYTHONPATH=/home/fourfold/dev/inmind sessions/inmind-session-6/assignment_6/build/warehouse_robot/prefix_override:/usr/lib/python3/dist-packages/colcon_core/task/python/colcon_distutils_commands:/home/fourfold/dev/inmind sessions/inmind-session-6/assignment_6/install/warehouse_robot/lib/python3.10/site-packages:${PYTHONPATH} /usr/bin/python3 -W ignore:setup.py install is deprecated setup.py egg_info --egg-base ../../build/warehouse_robot build --build-base /home/fourfold/dev/inmind sessions/inmind-session-6/assignment_6/build/warehouse_robot/build install --record /home/fourfold/dev/inmind sessions/inmind-session-6/assignment_6/build/warehouse_robot/install.log --single-version-externally-managed install_data
[0.436s] running egg_info
[0.436s] writing ../../build/warehouse_robot/warehouse_robot.egg-info/PKG-INFO
[0.436s] writing dependency_links to ../../build/warehouse_robot/warehouse_robot.egg-info/dependency_links.txt
[0.436s] writing entry points to ../../build/warehouse_robot/warehouse_robot.egg-info/entry_points.txt
[0.436s] writing requirements to ../../build/warehouse_robot/warehouse_robot.egg-info/requires.txt
[0.436s] writing top-level names to ../../build/warehouse_robot/warehouse_robot.egg-info/top_level.txt
[0.437s] reading manifest file '../../build/warehouse_robot/warehouse_robot.egg-info/SOURCES.txt'
[0.438s] writing manifest file '../../build/warehouse_robot/warehouse_robot.egg-info/SOURCES.txt'
[0.438s] running build
[0.438s] running build_py
[0.438s] copying warehouse_robot/check_stock_client.py -> /home/fourfold/dev/inmind sessions/inmind-session-6/assignment_6/build/warehouse_robot/build/lib/warehouse_robot
[0.438s] running install
[0.438s] running install_lib
[0.439s] copying /home/fourfold/dev/inmind sessions/inmind-session-6/assignment_6/build/warehouse_robot/build/lib/warehouse_robot/check_stock_client.py -> /home/fourfold/dev/inmind sessions/inmind-session-6/assignment_6/install/warehouse_robot/lib/python3.10/site-packages/warehouse_robot
[0.439s] byte-compiling /home/fourfold/dev/inmind sessions/inmind-session-6/assignment_6/install/warehouse_robot/lib/python3.10/site-packages/warehouse_robot/check_stock_client.py to check_stock_client.cpython-310.pyc
[0.439s] running install_data
[0.439s] running install_egg_info
[0.440s] removing '/home/fourfold/dev/inmind sessions/inmind-session-6/assignment_6/install/warehouse_robot/lib/python3.10/site-packages/warehouse_robot-0.0.0-py3.10.egg-info' (and everything under it)
[0.440s] Copying ../../build/warehouse_robot/warehouse_robot.egg-info to /home/fourfold/dev/inmind sessions/inmind-session-6/assignment_6/install/warehouse_robot/lib/python3.10/site-packages/warehouse_robot-0.0.0-py3.10.egg-info
[0.441s] running install_scripts
[0.452s] Installing stock_client script to /home/fourfold/dev/inmind sessions/inmind-session-6/assignment_6/install/warehouse_robot/lib/warehouse_robot
[0.452s] Installing stock_server script to /home/fourfold/dev/inmind sessions/inmind-session-6/assignment_6/install/warehouse_robot/lib/warehouse_robot
[0.452s] writing list of installed files to '/home/fourfold/dev/inmind sessions/inmind-session-6/assignment_6/build/warehouse_robot/install.log'
[0.465s] Invoked command in '/home/fourfold/dev/inmind sessions/inmind-session-6/assignment_6/src/warehouse_robot' returned '0': PYTHONPATH=/home/fourfold/dev/inmind sessions/inmind-session-6/assignment_6/build/warehouse_robot/prefix_override:/usr/lib/python3/dist-packages/colcon_core/task/python/colcon_distutils_commands:/home/fourfold/dev/inmind sessions/inmind-session-6/assignment_6/install/warehouse_robot/lib/python3.10/site-packages:${PYTHONPATH} /usr/bin/python3 -W ignore:setup.py install is deprecated setup.py egg_info --egg-base ../../build/warehouse_robot build --build-base /home/fourfold/dev/inmind sessions/inmind-session-6/assignment_6/build/warehouse_robot/build install --record /home/fourfold/dev/inmind sessions/inmind-session-6/assignment_6/build/warehouse_robot/install.log --single-version-externally-managed install_data
