[0.007s] Invoking command in '/home/fourfold/dev/inmind sessions/inmind-session-6/assignment_6/src/build/warehouse_interfaces': CMAKE_PREFIX_PATH=/opt/ros/humble /usr/bin/cmake /home/fourfold/dev/inmind sessions/inmind-session-6/assignment_6/src/warehouse_interfaces -DCMAKE_INSTALL_PREFIX=/home/fourfold/dev/inmind sessions/inmind-session-6/assignment_6/src/install/warehouse_interfaces
[0.059s] -- The C compiler identification is GNU 11.4.0
[0.102s] -- The CXX compiler identification is GNU 11.4.0
[0.107s] -- Detecting C compiler ABI info
[0.150s] -- Detecting C compiler ABI info - done
[0.155s] -- Check for working C compiler: /usr/bin/cc - skipped
[0.156s] -- Detecting C compile features
[0.156s] -- Detecting C compile features - done
[0.158s] -- Detecting CXX compiler ABI info
[0.202s] -- Detecting CXX compiler ABI info - done
[0.206s] -- Check for working CXX compiler: /usr/bin/c++ - skipped
[0.206s] -- Detecting CXX compile features
[0.206s] -- Detecting CXX compile features - done
[0.208s] -- Found ament_cmake: 1.3.9 (/opt/ros/humble/share/ament_cmake/cmake)
[0.294s] -- Found Python3: /usr/bin/python3 (found version "3.10.12") found components: Interpreter 
[0.346s] -- Found ament_lint_auto: 0.12.11 (/opt/ros/humble/share/ament_lint_auto/cmake)
[0.388s] -- Found rosidl_default_generators: 1.2.0 (/opt/ros/humble/share/rosidl_default_generators/cmake)
[0.390s] -- Using all available rosidl_typesupport_c: rosidl_typesupport_fastrtps_c;rosidl_typesupport_introspection_c
[0.394s] -- Found rosidl_adapter: 3.1.5 (/opt/ros/humble/share/rosidl_adapter/cmake)
[0.420s] -- Using all available rosidl_typesupport_cpp: rosidl_typesupport_fastrtps_cpp;rosidl_typesupport_introspection_cpp
[0.531s] [31mCMake Error at /opt/ros/humble/share/rosidl_adapter/cmake/rosidl_adapt_interfaces.cmake:59 (message):
[0.531s]   execute_process(/usr/bin/python3 -m rosidl_adapter --package-name
[0.531s]   warehouse_interfaces --arguments-file /home/fourfold/dev/inmind
[0.531s]   sessions/inmind-session-6/assignment_6/src/build/warehouse_interfaces/rosidl_adapter__arguments__warehouse_interfaces.json
[0.531s]   --output-dir /home/fourfold/dev/inmind
[0.531s]   sessions/inmind-session-6/assignment_6/src/build/warehouse_interfaces/rosidl_adapter/warehouse_interfaces
[0.531s]   --output-file /home/fourfold/dev/inmind
[0.531s]   sessions/inmind-session-6/assignment_6/src/build/warehouse_interfaces/rosidl_adapter/warehouse_interfaces.idls)
[0.531s]   returned error code 1:
[0.531s] 
[0.531s]   Traceback (most recent call last):
[0.531s] 
[0.531s]     File "/usr/lib/python3.10/runpy.py", line 196, in _run_module_as_main
[0.531s]       return _run_code(code, main_globals, None,
[0.531s]     File "/usr/lib/python3.10/runpy.py", line 86, in _run_code
[0.531s]       exec(code, run_globals)
[0.531s]     File "/opt/ros/humble/local/lib/python3.10/dist-packages/rosidl_adapter/__main__.py", line 19, in <module>
[0.531s]       sys.exit(main())
[0.531s]     File "/opt/ros/humble/local/lib/python3.10/dist-packages/rosidl_adapter/main.py", line 53, in main
[0.532s]       abs_idl_file = convert_to_idl(
[0.532s]     File "/opt/ros/humble/local/lib/python3.10/dist-packages/rosidl_adapter/__init__.py", line 24, in convert_to_idl
[0.532s]       return convert_srv_to_idl(
[0.532s]     File "/opt/ros/humble/local/lib/python3.10/dist-packages/rosidl_adapter/srv/__init__.py", line 28, in convert_srv_to_idl
[0.532s]       srv = parse_service_string(package_name, input_file.stem, content)
[0.532s]     File "/opt/ros/humble/local/lib/python3.10/dist-packages/rosidl_adapter/parser.py", line 859, in parse_service_string
[0.532s]       request_message = parse_message_string(
[0.532s]     File "/opt/ros/humble/local/lib/python3.10/dist-packages/rosidl_adapter/parser.py", line 544, in parse_message_string
[0.532s]       msg = MessageSpecification(pkg_name, msg_name, fields, constants)
[0.532s]     File "/opt/ros/humble/local/lib/python3.10/dist-packages/rosidl_adapter/parser.py", line 388, in __init__
[0.532s]       self.base_type = BaseType(
[0.532s]     File "/opt/ros/humble/local/lib/python3.10/dist-packages/rosidl_adapter/parser.py", line 205, in __init__
[0.532s]       raise InvalidResourceName(
[0.532s] 
[0.532s]   rosidl_adapter.parser.InvalidResourceName: 'check_stock_Request' is an
[0.532s]   invalid message name.  It should have the pattern '^[A-Z][A-Za-z0-9]*$'
[0.532s] 
[0.532s] Call Stack (most recent call first):
[0.532s]   /opt/ros/humble/share/rosidl_cmake/cmake/rosidl_generate_interfaces.cmake:130 (rosidl_adapt_interfaces)
[0.532s]   CMakeLists.txt:30 (rosidl_generate_interfaces)
[0.532s] 
[0.532s] [0m
[0.532s] -- Configuring incomplete, errors occurred!
[0.532s] See also "/home/fourfold/dev/inmind sessions/inmind-session-6/assignment_6/src/build/warehouse_interfaces/CMakeFiles/CMakeOutput.log".
[0.535s] Invoked command in '/home/fourfold/dev/inmind sessions/inmind-session-6/assignment_6/src/build/warehouse_interfaces' returned '1': CMAKE_PREFIX_PATH=/opt/ros/humble /usr/bin/cmake /home/fourfold/dev/inmind sessions/inmind-session-6/assignment_6/src/warehouse_interfaces -DCMAKE_INSTALL_PREFIX=/home/fourfold/dev/inmind sessions/inmind-session-6/assignment_6/src/install/warehouse_interfaces
